D:\USERS\STRYDER\DESKTOP\SCHOOLSTUFF\CSC305\ASSIGNMENT3\ASSIGNMENT3\DEBUG\TEXTURECLASS.OBJ
D:\USERS\STRYDER\DESKTOP\SCHOOLSTUFF\CSC305\ASSIGNMENT3\ASSIGNMENT3\DEBUG\SHADERPROGRAM.OBJ
D:\USERS\STRYDER\DESKTOP\SCHOOLSTUFF\CSC305\ASSIGNMENT3\ASSIGNMENT3\DEBUG\SHADERCLASS.OBJ
D:\USERS\STRYDER\DESKTOP\SCHOOLSTUFF\CSC305\ASSIGNMENT3\ASSIGNMENT3\DEBUG\RAYDIALOG.OBJ
D:\USERS\STRYDER\DESKTOP\SCHOOLSTUFF\CSC305\ASSIGNMENT3\ASSIGNMENT3\DEBUG\RAY.OBJ
D:\USERS\STRYDER\DESKTOP\SCHOOLSTUFF\CSC305\ASSIGNMENT3\ASSIGNMENT3\DEBUG\OPENGLERROR.OBJ
D:\USERS\STRYDER\DESKTOP\SCHOOLSTUFF\CSC305\ASSIGNMENT3\ASSIGNMENT3\DEBUG\MODELCLASS.OBJ
D:\USERS\STRYDER\DESKTOP\SCHOOLSTUFF\CSC305\ASSIGNMENT3\ASSIGNMENT3\DEBUG\MESHCLASS.OBJ
D:\USERS\STRYDER\DESKTOP\SCHOOLSTUFF\CSC305\ASSIGNMENT3\ASSIGNMENT3\DEBUG\MATRIXCLASS.OBJ
D:\USERS\STRYDER\DESKTOP\SCHOOLSTUFF\CSC305\ASSIGNMENT3\ASSIGNMENT3\DEBUG\MAINWINDOW.OBJ
D:\USERS\STRYDER\DESKTOP\SCHOOLSTUFF\CSC305\ASSIGNMENT3\ASSIGNMENT3\DEBUG\MAIN.OBJ
D:\USERS\STRYDER\DESKTOP\SCHOOLSTUFF\CSC305\ASSIGNMENT3\ASSIGNMENT3\DEBUG\LIGHTCLASS.OBJ
D:\USERS\STRYDER\DESKTOP\SCHOOLSTUFF\CSC305\ASSIGNMENT3\ASSIGNMENT3\DEBUG\CAMERACLASS.OBJ
D:\USERS\STRYDER\DESKTOP\SCHOOLSTUFF\CSC305\ASSIGNMENT3\ASSIGNMENT3\DEBUG\BUMPMAPCLASS.OBJ
D:\USERS\STRYDER\DESKTOP\SCHOOLSTUFF\CSC305\ASSIGNMENT3\ASSIGNMENT3\DEBUG\BASICOPENGLVIEW.OBJ
D:\USERS\STRYDER\DESKTOP\SCHOOLSTUFF\CSC305\ASSIGNMENT3\ASSIGNMENT3\DEBUG\MOC_RAYDIALOG.OBJ
D:\USERS\STRYDER\DESKTOP\SCHOOLSTUFF\CSC305\ASSIGNMENT3\ASSIGNMENT3\DEBUG\MOC_MAINWINDOW.OBJ
D:\USERS\STRYDER\DESKTOP\SCHOOLSTUFF\CSC305\ASSIGNMENT3\ASSIGNMENT3\DEBUG\MOC_BASICOPENGLVIEW.OBJ
D:\USERS\STRYDER\DESKTOP\SCHOOLSTUFF\CSC305\ASSIGNMENT3\ASSIGNMENT3\DEBUG\VECTORCLASS.OBJ
D:\USERS\STRYDER\DESKTOP\SCHOOLSTUFF\CSC305\ASSIGNMENT3\ASSIGNMENT3\DEBUG\THREEDGRAPHICSCLASS.OBJ
D:\USERS\STRYDER\DESKTOP\SCHOOLSTUFF\CSC305\ASSIGNMENT3\ASSIGNMENT3\DEBUG\GRAPHICSCLASS.OBJ
D:\USERS\STRYDER\DESKTOP\SCHOOLSTUFF\CSC305\ASSIGNMENT3\ASSIGNMENT3\DEBUG\QRC_ASSIGNMENT3.OBJ
D:\USERS\STRYDER\DESKTOP\SCHOOLSTUFF\CSC305\ASSIGNMENT3\ASSIGNMENT3\DEBUG\VC110.PDB
D:\USERS\STRYDER\DESKTOP\SCHOOLSTUFF\CSC305\ASSIGNMENT3\ASSIGNMENT3\DEBUG\RAYTRACER.OBJ
D:\USERS\STRYDER\DESKTOP\SCHOOLSTUFF\CSC305\ASSIGNMENT3\ASSIGNMENT3\GENERATEDFILES\DEBUG\MOC_MAINWINDOW.CPP
D:\USERS\STRYDER\DESKTOP\SCHOOLSTUFF\CSC305\ASSIGNMENT3\ASSIGNMENT3\GENERATEDFILES\UI_MAINWINDOW.H
D:\USERS\STRYDER\DESKTOP\SCHOOLSTUFF\CSC305\ASSIGNMENT3\ASSIGNMENT3\GENERATEDFILES\DEBUG\MOC_RAYDIALOG.CPP
D:\USERS\STRYDER\DESKTOP\SCHOOLSTUFF\CSC305\ASSIGNMENT3\ASSIGNMENT3\GENERATEDFILES\QRC_ASSIGNMENT3.CPP
D:\USERS\STRYDER\DESKTOP\SCHOOLSTUFF\CSC305\ASSIGNMENT3\ASSIGNMENT3\GENERATEDFILES\UI_RAYDIALOG.H
D:\USERS\STRYDER\DESKTOP\SCHOOLSTUFF\CSC305\ASSIGNMENT3\ASSIGNMENT3\GENERATEDFILES\DEBUG\MOC_BASICOPENGLVIEW.CPP
D:\USERS\STRYDER\DESKTOP\SCHOOLSTUFF\CSC305\ASSIGNMENT3\WIN32\DEBUG\ASSIGNMENT3.ILK
D:\USERS\STRYDER\DESKTOP\SCHOOLSTUFF\CSC305\ASSIGNMENT3\WIN32\DEBUG\ASSIGNMENT3.EXE
D:\USERS\STRYDER\DESKTOP\SCHOOLSTUFF\CSC305\ASSIGNMENT3\WIN32\DEBUG\ASSIGNMENT3.PDB
D:\Users\Stryder\Desktop\SchoolStuff\CSC305\Assignment3\Assignment3\Debug\basicopenglview.obj
D:\Users\Stryder\Desktop\SchoolStuff\CSC305\Assignment3\Assignment3\Debug\BumpMapClass.obj
D:\Users\Stryder\Desktop\SchoolStuff\CSC305\Assignment3\Assignment3\Debug\CameraClass.obj
D:\Users\Stryder\Desktop\SchoolStuff\CSC305\Assignment3\Assignment3\Debug\GraphicsClass.obj
D:\Users\Stryder\Desktop\SchoolStuff\CSC305\Assignment3\Assignment3\Debug\LightClass.obj
D:\Users\Stryder\Desktop\SchoolStuff\CSC305\Assignment3\Assignment3\Debug\main.obj
D:\Users\Stryder\Desktop\SchoolStuff\CSC305\Assignment3\Assignment3\Debug\mainwindow.obj
D:\Users\Stryder\Desktop\SchoolStuff\CSC305\Assignment3\Assignment3\Debug\MatrixClass.obj
D:\Users\Stryder\Desktop\SchoolStuff\CSC305\Assignment3\Assignment3\Debug\MeshClass.obj
D:\Users\Stryder\Desktop\SchoolStuff\CSC305\Assignment3\Assignment3\Debug\moc_basicopenglview.obj
D:\Users\Stryder\Desktop\SchoolStuff\CSC305\Assignment3\Assignment3\Debug\moc_mainwindow.obj
D:\Users\Stryder\Desktop\SchoolStuff\CSC305\Assignment3\Assignment3\Debug\moc_raydialog.obj
D:\Users\Stryder\Desktop\SchoolStuff\CSC305\Assignment3\Assignment3\Debug\ModelClass.obj
D:\Users\Stryder\Desktop\SchoolStuff\CSC305\Assignment3\Assignment3\Debug\openglerror.obj
D:\Users\Stryder\Desktop\SchoolStuff\CSC305\Assignment3\Assignment3\Debug\qrc_assignment3.obj
D:\Users\Stryder\Desktop\SchoolStuff\CSC305\Assignment3\Assignment3\Debug\Ray.obj
D:\Users\Stryder\Desktop\SchoolStuff\CSC305\Assignment3\Assignment3\Debug\raydialog.obj
D:\Users\Stryder\Desktop\SchoolStuff\CSC305\Assignment3\Assignment3\Debug\RayTracer.obj
D:\Users\Stryder\Desktop\SchoolStuff\CSC305\Assignment3\Assignment3\Debug\ShaderClass.obj
D:\Users\Stryder\Desktop\SchoolStuff\CSC305\Assignment3\Assignment3\Debug\ShaderProgram.obj
D:\Users\Stryder\Desktop\SchoolStuff\CSC305\Assignment3\Assignment3\Debug\TextureClass.obj
D:\Users\Stryder\Desktop\SchoolStuff\CSC305\Assignment3\Assignment3\Debug\ThreeDGraphicsClass.obj
D:\Users\Stryder\Desktop\SchoolStuff\CSC305\Assignment3\Assignment3\Debug\VectorClass.obj
D:\Users\Stryder\Desktop\SchoolStuff\CSC305\Assignment3\Assignment3\Debug\cl.command.1.tlog
D:\Users\Stryder\Desktop\SchoolStuff\CSC305\Assignment3\Assignment3\Debug\CL.read.1.tlog
D:\Users\Stryder\Desktop\SchoolStuff\CSC305\Assignment3\Assignment3\Debug\CL.write.1.tlog
D:\Users\Stryder\Desktop\SchoolStuff\CSC305\Assignment3\Assignment3\Debug\custombuild.command.1.tlog
D:\Users\Stryder\Desktop\SchoolStuff\CSC305\Assignment3\Assignment3\Debug\custombuild.read.1.tlog
D:\Users\Stryder\Desktop\SchoolStuff\CSC305\Assignment3\Assignment3\Debug\custombuild.write.1.tlog
D:\Users\Stryder\Desktop\SchoolStuff\CSC305\Assignment3\Assignment3\Debug\link-cvtres.read.1.tlog
D:\Users\Stryder\Desktop\SchoolStuff\CSC305\Assignment3\Assignment3\Debug\link-cvtres.write.1.tlog
D:\Users\Stryder\Desktop\SchoolStuff\CSC305\Assignment3\Assignment3\Debug\link-rc.read.1.tlog
D:\Users\Stryder\Desktop\SchoolStuff\CSC305\Assignment3\Assignment3\Debug\link-rc.write.1.tlog
D:\Users\Stryder\Desktop\SchoolStuff\CSC305\Assignment3\Assignment3\Debug\link.command.1.tlog
D:\Users\Stryder\Desktop\SchoolStuff\CSC305\Assignment3\Assignment3\Debug\link.read.1.tlog
D:\Users\Stryder\Desktop\SchoolStuff\CSC305\Assignment3\Assignment3\Debug\link.write.1.tlog
D:\Users\Stryder\Desktop\SchoolStuff\CSC305\Assignment3\Assignment3\Debug\vc110.pdb
D:\Users\Stryder\Desktop\SchoolStuff\CSC305\Assignment3\Win32\Debug\Assignment3.pdb
D:\Users\Stryder\Desktop\SchoolStuff\CSC305\Assignment3\Win32\Debug\Assignment3.exe
D:\Users\Stryder\Desktop\SchoolStuff\CSC305\Assignment3\Win32\Debug\Assignment3.ilk
