Build started 10/7/2013 3:06:01 PM.
     1>Project "D:\Users\Mark\Desktop\GameDevHell\DX11 Tutorials\Tutorial7\Engine\Engine.vcxproj" on node 2 (Build target(s)).
     1>ClCompile:
         D:\Program Files (x86)\Microsoft Visual Studio 12.0\VC\bin\CL.exe /c /IDXUT\Core /IDXUT\Optional /ZI /nologo /W3 /WX- /Od /Oy- /D WIN32 /D _DEBUG /D DEBUG /D PROFILE /D _WINDOWS /D D3DXFX_LARGEADDRESS_HANDLE /D _UNICODE /D UNICODE /Gm /EHsc /RTC1 /MDd /GS /arch:SSE2 /fp:fast /Zc:wchar_t /Zc:forScope /openmp- /Fo"Debug\\" /Fd"Debug\vc120.pdb" /Gd /TP /analyze- /errorReport:prompt cameraclass.cpp d3dclass.cpp graphicsclass.cpp inputclass.cpp lightclass.cpp main.cpp modelclass.cpp systemclass.cpp textureclass.cpp .\lightshaderclass.cpp
         lightshaderclass.cpp
     1>d:\program files (x86)\microsoft directx sdk (june 2010)\include\dxgitype.h(12): warning C4005: 'DXGI_STATUS_OCCLUDED' : macro redefinition
                 c:\program files (x86)\windows kits\8.1\include\shared\winerror.h(49965) : see previous definition of 'DXGI_STATUS_OCCLUDED'
     1>d:\program files (x86)\microsoft directx sdk (june 2010)\include\dxgitype.h(13): warning C4005: 'DXGI_STATUS_CLIPPED' : macro redefinition
                 c:\program files (x86)\windows kits\8.1\include\shared\winerror.h(49974) : see previous definition of 'DXGI_STATUS_CLIPPED'
     1>d:\program files (x86)\microsoft directx sdk (june 2010)\include\dxgitype.h(14): warning C4005: 'DXGI_STATUS_NO_REDIRECTION' : macro redefinition
                 c:\program files (x86)\windows kits\8.1\include\shared\winerror.h(49983) : see previous definition of 'DXGI_STATUS_NO_REDIRECTION'
     1>d:\program files (x86)\microsoft directx sdk (june 2010)\include\dxgitype.h(15): warning C4005: 'DXGI_STATUS_NO_DESKTOP_ACCESS' : macro redefinition
                 c:\program files (x86)\windows kits\8.1\include\shared\winerror.h(49992) : see previous definition of 'DXGI_STATUS_NO_DESKTOP_ACCESS'
     1>d:\program files (x86)\microsoft directx sdk (june 2010)\include\dxgitype.h(16): warning C4005: 'DXGI_STATUS_GRAPHICS_VIDPN_SOURCE_IN_USE' : macro redefinition
                 c:\program files (x86)\windows kits\8.1\include\shared\winerror.h(50001) : see previous definition of 'DXGI_STATUS_GRAPHICS_VIDPN_SOURCE_IN_USE'
     1>d:\program files (x86)\microsoft directx sdk (june 2010)\include\dxgitype.h(17): warning C4005: 'DXGI_STATUS_MODE_CHANGED' : macro redefinition
                 c:\program files (x86)\windows kits\8.1\include\shared\winerror.h(50010) : see previous definition of 'DXGI_STATUS_MODE_CHANGED'
     1>d:\program files (x86)\microsoft directx sdk (june 2010)\include\dxgitype.h(18): warning C4005: 'DXGI_STATUS_MODE_CHANGE_IN_PROGRESS' : macro redefinition
                 c:\program files (x86)\windows kits\8.1\include\shared\winerror.h(50019) : see previous definition of 'DXGI_STATUS_MODE_CHANGE_IN_PROGRESS'
     1>d:\program files (x86)\microsoft directx sdk (june 2010)\include\dxgitype.h(21): warning C4005: 'DXGI_ERROR_INVALID_CALL' : macro redefinition
                 c:\program files (x86)\windows kits\8.1\include\shared\winerror.h(50034) : see previous definition of 'DXGI_ERROR_INVALID_CALL'
     1>d:\program files (x86)\microsoft directx sdk (june 2010)\include\dxgitype.h(22): warning C4005: 'DXGI_ERROR_NOT_FOUND' : macro redefinition
                 c:\program files (x86)\windows kits\8.1\include\shared\winerror.h(50043) : see previous definition of 'DXGI_ERROR_NOT_FOUND'
     1>d:\program files (x86)\microsoft directx sdk (june 2010)\include\dxgitype.h(23): warning C4005: 'DXGI_ERROR_MORE_DATA' : macro redefinition
                 c:\program files (x86)\windows kits\8.1\include\shared\winerror.h(50052) : see previous definition of 'DXGI_ERROR_MORE_DATA'
     1>d:\program files (x86)\microsoft directx sdk (june 2010)\include\dxgitype.h(24): warning C4005: 'DXGI_ERROR_UNSUPPORTED' : macro redefinition
                 c:\program files (x86)\windows kits\8.1\include\shared\winerror.h(50061) : see previous definition of 'DXGI_ERROR_UNSUPPORTED'
     1>d:\program files (x86)\microsoft directx sdk (june 2010)\include\dxgitype.h(25): warning C4005: 'DXGI_ERROR_DEVICE_REMOVED' : macro redefinition
                 c:\program files (x86)\windows kits\8.1\include\shared\winerror.h(50070) : see previous definition of 'DXGI_ERROR_DEVICE_REMOVED'
     1>d:\program files (x86)\microsoft directx sdk (june 2010)\include\dxgitype.h(26): warning C4005: 'DXGI_ERROR_DEVICE_HUNG' : macro redefinition
                 c:\program files (x86)\windows kits\8.1\include\shared\winerror.h(50079) : see previous definition of 'DXGI_ERROR_DEVICE_HUNG'
     1>d:\program files (x86)\microsoft directx sdk (june 2010)\include\dxgitype.h(27): warning C4005: 'DXGI_ERROR_DEVICE_RESET' : macro redefinition
                 c:\program files (x86)\windows kits\8.1\include\shared\winerror.h(50089) : see previous definition of 'DXGI_ERROR_DEVICE_RESET'
     1>d:\program files (x86)\microsoft directx sdk (june 2010)\include\dxgitype.h(28): warning C4005: 'DXGI_ERROR_WAS_STILL_DRAWING' : macro redefinition
                 c:\program files (x86)\windows kits\8.1\include\shared\winerror.h(50098) : see previous definition of 'DXGI_ERROR_WAS_STILL_DRAWING'
     1>d:\program files (x86)\microsoft directx sdk (june 2010)\include\dxgitype.h(29): warning C4005: 'DXGI_ERROR_FRAME_STATISTICS_DISJOINT' : macro redefinition
                 c:\program files (x86)\windows kits\8.1\include\shared\winerror.h(50108) : see previous definition of 'DXGI_ERROR_FRAME_STATISTICS_DISJOINT'
     1>d:\program files (x86)\microsoft directx sdk (june 2010)\include\dxgitype.h(30): warning C4005: 'DXGI_ERROR_GRAPHICS_VIDPN_SOURCE_IN_USE' : macro redefinition
                 c:\program files (x86)\windows kits\8.1\include\shared\winerror.h(50117) : see previous definition of 'DXGI_ERROR_GRAPHICS_VIDPN_SOURCE_IN_USE'
     1>d:\program files (x86)\microsoft directx sdk (june 2010)\include\dxgitype.h(31): warning C4005: 'DXGI_ERROR_DRIVER_INTERNAL_ERROR' : macro redefinition
                 c:\program files (x86)\windows kits\8.1\include\shared\winerror.h(50127) : see previous definition of 'DXGI_ERROR_DRIVER_INTERNAL_ERROR'
     1>d:\program files (x86)\microsoft directx sdk (june 2010)\include\dxgitype.h(32): warning C4005: 'DXGI_ERROR_NONEXCLUSIVE' : macro redefinition
                 c:\program files (x86)\windows kits\8.1\include\shared\winerror.h(50136) : see previous definition of 'DXGI_ERROR_NONEXCLUSIVE'
     1>d:\program files (x86)\microsoft directx sdk (june 2010)\include\dxgitype.h(33): warning C4005: 'DXGI_ERROR_NOT_CURRENTLY_AVAILABLE' : macro redefinition
                 c:\program files (x86)\windows kits\8.1\include\shared\winerror.h(50145) : see previous definition of 'DXGI_ERROR_NOT_CURRENTLY_AVAILABLE'
     1>d:\program files (x86)\microsoft directx sdk (june 2010)\include\dxgitype.h(34): warning C4005: 'DXGI_ERROR_REMOTE_CLIENT_DISCONNECTED' : macro redefinition
                 c:\program files (x86)\windows kits\8.1\include\shared\winerror.h(50155) : see previous definition of 'DXGI_ERROR_REMOTE_CLIENT_DISCONNECTED'
     1>d:\program files (x86)\microsoft directx sdk (june 2010)\include\dxgitype.h(35): warning C4005: 'DXGI_ERROR_REMOTE_OUTOFMEMORY' : macro redefinition
                 c:\program files (x86)\windows kits\8.1\include\shared\winerror.h(50164) : see previous definition of 'DXGI_ERROR_REMOTE_OUTOFMEMORY'
     1>d:\program files (x86)\microsoft directx sdk (june 2010)\include\d3d11.h(917): warning C4005: 'D3D11_ERROR_TOO_MANY_UNIQUE_STATE_OBJECTS' : macro redefinition
                 c:\program files (x86)\windows kits\8.1\include\shared\winerror.h(50342) : see previous definition of 'D3D11_ERROR_TOO_MANY_UNIQUE_STATE_OBJECTS'
     1>d:\program files (x86)\microsoft directx sdk (june 2010)\include\d3d11.h(918): warning C4005: 'D3D11_ERROR_FILE_NOT_FOUND' : macro redefinition
                 c:\program files (x86)\windows kits\8.1\include\shared\winerror.h(50351) : see previous definition of 'D3D11_ERROR_FILE_NOT_FOUND'
     1>d:\program files (x86)\microsoft directx sdk (june 2010)\include\d3d11.h(919): warning C4005: 'D3D11_ERROR_TOO_MANY_UNIQUE_VIEW_OBJECTS' : macro redefinition
                 c:\program files (x86)\windows kits\8.1\include\shared\winerror.h(50361) : see previous definition of 'D3D11_ERROR_TOO_MANY_UNIQUE_VIEW_OBJECTS'
     1>d:\program files (x86)\microsoft directx sdk (june 2010)\include\d3d11.h(920): warning C4005: 'D3D11_ERROR_DEFERRED_CONTEXT_MAP_WITHOUT_INITIAL_DISCARD' : macro redefinition
                 c:\program files (x86)\windows kits\8.1\include\shared\winerror.h(50370) : see previous definition of 'D3D11_ERROR_DEFERRED_CONTEXT_MAP_WITHOUT_INITIAL_DISCARD'
     1>d:\program files (x86)\microsoft directx sdk (june 2010)\include\d3d10.h(608): warning C4005: 'D3D10_ERROR_TOO_MANY_UNIQUE_STATE_OBJECTS' : macro redefinition
                 c:\program files (x86)\windows kits\8.1\include\shared\winerror.h(50318) : see previous definition of 'D3D10_ERROR_TOO_MANY_UNIQUE_STATE_OBJECTS'
     1>d:\program files (x86)\microsoft directx sdk (june 2010)\include\d3d10.h(609): warning C4005: 'D3D10_ERROR_FILE_NOT_FOUND' : macro redefinition
                 c:\program files (x86)\windows kits\8.1\include\shared\winerror.h(50327) : see previous definition of 'D3D10_ERROR_FILE_NOT_FOUND'
         textureclass.cpp
     1>d:\program files (x86)\microsoft directx sdk (june 2010)\include\dxgitype.h(12): warning C4005: 'DXGI_STATUS_OCCLUDED' : macro redefinition
                 c:\program files (x86)\windows kits\8.1\include\shared\winerror.h(49965) : see previous definition of 'DXGI_STATUS_OCCLUDED'
     1>d:\program files (x86)\microsoft directx sdk (june 2010)\include\dxgitype.h(13): warning C4005: 'DXGI_STATUS_CLIPPED' : macro redefinition
                 c:\program files (x86)\windows kits\8.1\include\shared\winerror.h(49974) : see previous definition of 'DXGI_STATUS_CLIPPED'
     1>d:\program files (x86)\microsoft directx sdk (june 2010)\include\dxgitype.h(14): warning C4005: 'DXGI_STATUS_NO_REDIRECTION' : macro redefinition
                 c:\program files (x86)\windows kits\8.1\include\shared\winerror.h(49983) : see previous definition of 'DXGI_STATUS_NO_REDIRECTION'
     1>d:\program files (x86)\microsoft directx sdk (june 2010)\include\dxgitype.h(15): warning C4005: 'DXGI_STATUS_NO_DESKTOP_ACCESS' : macro redefinition
                 c:\program files (x86)\windows kits\8.1\include\shared\winerror.h(49992) : see previous definition of 'DXGI_STATUS_NO_DESKTOP_ACCESS'
     1>d:\program files (x86)\microsoft directx sdk (june 2010)\include\dxgitype.h(16): warning C4005: 'DXGI_STATUS_GRAPHICS_VIDPN_SOURCE_IN_USE' : macro redefinition
                 c:\program files (x86)\windows kits\8.1\include\shared\winerror.h(50001) : see previous definition of 'DXGI_STATUS_GRAPHICS_VIDPN_SOURCE_IN_USE'
     1>d:\program files (x86)\microsoft directx sdk (june 2010)\include\dxgitype.h(17): warning C4005: 'DXGI_STATUS_MODE_CHANGED' : macro redefinition
                 c:\program files (x86)\windows kits\8.1\include\shared\winerror.h(50010) : see previous definition of 'DXGI_STATUS_MODE_CHANGED'
     1>d:\program files (x86)\microsoft directx sdk (june 2010)\include\dxgitype.h(18): warning C4005: 'DXGI_STATUS_MODE_CHANGE_IN_PROGRESS' : macro redefinition
                 c:\program files (x86)\windows kits\8.1\include\shared\winerror.h(50019) : see previous definition of 'DXGI_STATUS_MODE_CHANGE_IN_PROGRESS'
     1>d:\program files (x86)\microsoft directx sdk (june 2010)\include\dxgitype.h(21): warning C4005: 'DXGI_ERROR_INVALID_CALL' : macro redefinition
                 c:\program files (x86)\windows kits\8.1\include\shared\winerror.h(50034) : see previous definition of 'DXGI_ERROR_INVALID_CALL'
     1>d:\program files (x86)\microsoft directx sdk (june 2010)\include\dxgitype.h(22): warning C4005: 'DXGI_ERROR_NOT_FOUND' : macro redefinition
                 c:\program files (x86)\windows kits\8.1\include\shared\winerror.h(50043) : see previous definition of 'DXGI_ERROR_NOT_FOUND'
     1>d:\program files (x86)\microsoft directx sdk (june 2010)\include\dxgitype.h(23): warning C4005: 'DXGI_ERROR_MORE_DATA' : macro redefinition
                 c:\program files (x86)\windows kits\8.1\include\shared\winerror.h(50052) : see previous definition of 'DXGI_ERROR_MORE_DATA'
     1>d:\program files (x86)\microsoft directx sdk (june 2010)\include\dxgitype.h(24): warning C4005: 'DXGI_ERROR_UNSUPPORTED' : macro redefinition
                 c:\program files (x86)\windows kits\8.1\include\shared\winerror.h(50061) : see previous definition of 'DXGI_ERROR_UNSUPPORTED'
     1>d:\program files (x86)\microsoft directx sdk (june 2010)\include\dxgitype.h(25): warning C4005: 'DXGI_ERROR_DEVICE_REMOVED' : macro redefinition
                 c:\program files (x86)\windows kits\8.1\include\shared\winerror.h(50070) : see previous definition of 'DXGI_ERROR_DEVICE_REMOVED'
     1>d:\program files (x86)\microsoft directx sdk (june 2010)\include\dxgitype.h(26): warning C4005: 'DXGI_ERROR_DEVICE_HUNG' : macro redefinition
                 c:\program files (x86)\windows kits\8.1\include\shared\winerror.h(50079) : see previous definition of 'DXGI_ERROR_DEVICE_HUNG'
     1>d:\program files (x86)\microsoft directx sdk (june 2010)\include\dxgitype.h(27): warning C4005: 'DXGI_ERROR_DEVICE_RESET' : macro redefinition
                 c:\program files (x86)\windows kits\8.1\include\shared\winerror.h(50089) : see previous definition of 'DXGI_ERROR_DEVICE_RESET'
     1>d:\program files (x86)\microsoft directx sdk (june 2010)\include\dxgitype.h(28): warning C4005: 'DXGI_ERROR_WAS_STILL_DRAWING' : macro redefinition
                 c:\program files (x86)\windows kits\8.1\include\shared\winerror.h(50098) : see previous definition of 'DXGI_ERROR_WAS_STILL_DRAWING'
     1>d:\program files (x86)\microsoft directx sdk (june 2010)\include\dxgitype.h(29): warning C4005: 'DXGI_ERROR_FRAME_STATISTICS_DISJOINT' : macro redefinition
                 c:\program files (x86)\windows kits\8.1\include\shared\winerror.h(50108) : see previous definition of 'DXGI_ERROR_FRAME_STATISTICS_DISJOINT'
     1>d:\program files (x86)\microsoft directx sdk (june 2010)\include\dxgitype.h(30): warning C4005: 'DXGI_ERROR_GRAPHICS_VIDPN_SOURCE_IN_USE' : macro redefinition
                 c:\program files (x86)\windows kits\8.1\include\shared\winerror.h(50117) : see previous definition of 'DXGI_ERROR_GRAPHICS_VIDPN_SOURCE_IN_USE'
     1>d:\program files (x86)\microsoft directx sdk (june 2010)\include\dxgitype.h(31): warning C4005: 'DXGI_ERROR_DRIVER_INTERNAL_ERROR' : macro redefinition
                 c:\program files (x86)\windows kits\8.1\include\shared\winerror.h(50127) : see previous definition of 'DXGI_ERROR_DRIVER_INTERNAL_ERROR'
     1>d:\program files (x86)\microsoft directx sdk (june 2010)\include\dxgitype.h(32): warning C4005: 'DXGI_ERROR_NONEXCLUSIVE' : macro redefinition
                 c:\program files (x86)\windows kits\8.1\include\shared\winerror.h(50136) : see previous definition of 'DXGI_ERROR_NONEXCLUSIVE'
     1>d:\program files (x86)\microsoft directx sdk (june 2010)\include\dxgitype.h(33): warning C4005: 'DXGI_ERROR_NOT_CURRENTLY_AVAILABLE' : macro redefinition
                 c:\program files (x86)\windows kits\8.1\include\shared\winerror.h(50145) : see previous definition of 'DXGI_ERROR_NOT_CURRENTLY_AVAILABLE'
     1>d:\program files (x86)\microsoft directx sdk (june 2010)\include\dxgitype.h(34): warning C4005: 'DXGI_ERROR_REMOTE_CLIENT_DISCONNECTED' : macro redefinition
                 c:\program files (x86)\windows kits\8.1\include\shared\winerror.h(50155) : see previous definition of 'DXGI_ERROR_REMOTE_CLIENT_DISCONNECTED'
     1>d:\program files (x86)\microsoft directx sdk (june 2010)\include\dxgitype.h(35): warning C4005: 'DXGI_ERROR_REMOTE_OUTOFMEMORY' : macro redefinition
                 c:\program files (x86)\windows kits\8.1\include\shared\winerror.h(50164) : see previous definition of 'DXGI_ERROR_REMOTE_OUTOFMEMORY'
     1>d:\program files (x86)\microsoft directx sdk (june 2010)\include\d3d11.h(917): warning C4005: 'D3D11_ERROR_TOO_MANY_UNIQUE_STATE_OBJECTS' : macro redefinition
                 c:\program files (x86)\windows kits\8.1\include\shared\winerror.h(50342) : see previous definition of 'D3D11_ERROR_TOO_MANY_UNIQUE_STATE_OBJECTS'
     1>d:\program files (x86)\microsoft directx sdk (june 2010)\include\d3d11.h(918): warning C4005: 'D3D11_ERROR_FILE_NOT_FOUND' : macro redefinition
                 c:\program files (x86)\windows kits\8.1\include\shared\winerror.h(50351) : see previous definition of 'D3D11_ERROR_FILE_NOT_FOUND'
     1>d:\program files (x86)\microsoft directx sdk (june 2010)\include\d3d11.h(919): warning C4005: 'D3D11_ERROR_TOO_MANY_UNIQUE_VIEW_OBJECTS' : macro redefinition
                 c:\program files (x86)\windows kits\8.1\include\shared\winerror.h(50361) : see previous definition of 'D3D11_ERROR_TOO_MANY_UNIQUE_VIEW_OBJECTS'
     1>d:\program files (x86)\microsoft directx sdk (june 2010)\include\d3d11.h(920): warning C4005: 'D3D11_ERROR_DEFERRED_CONTEXT_MAP_WITHOUT_INITIAL_DISCARD' : macro redefinition
                 c:\program files (x86)\windows kits\8.1\include\shared\winerror.h(50370) : see previous definition of 'D3D11_ERROR_DEFERRED_CONTEXT_MAP_WITHOUT_INITIAL_DISCARD'
     1>d:\program files (x86)\microsoft directx sdk (june 2010)\include\d3d10.h(608): warning C4005: 'D3D10_ERROR_TOO_MANY_UNIQUE_STATE_OBJECTS' : macro redefinition
                 c:\program files (x86)\windows kits\8.1\include\shared\winerror.h(50318) : see previous definition of 'D3D10_ERROR_TOO_MANY_UNIQUE_STATE_OBJECTS'
     1>d:\program files (x86)\microsoft directx sdk (june 2010)\include\d3d10.h(609): warning C4005: 'D3D10_ERROR_FILE_NOT_FOUND' : macro redefinition
                 c:\program files (x86)\windows kits\8.1\include\shared\winerror.h(50327) : see previous definition of 'D3D10_ERROR_FILE_NOT_FOUND'
         systemclass.cpp
     1>d:\program files (x86)\microsoft directx sdk (june 2010)\include\dxgitype.h(12): warning C4005: 'DXGI_STATUS_OCCLUDED' : macro redefinition
                 c:\program files (x86)\windows kits\8.1\include\shared\winerror.h(49965) : see previous definition of 'DXGI_STATUS_OCCLUDED'
     1>d:\program files (x86)\microsoft directx sdk (june 2010)\include\dxgitype.h(13): warning C4005: 'DXGI_STATUS_CLIPPED' : macro redefinition
                 c:\program files (x86)\windows kits\8.1\include\shared\winerror.h(49974) : see previous definition of 'DXGI_STATUS_CLIPPED'
     1>d:\program files (x86)\microsoft directx sdk (june 2010)\include\dxgitype.h(14): warning C4005: 'DXGI_STATUS_NO_REDIRECTION' : macro redefinition
                 c:\program files (x86)\windows kits\8.1\include\shared\winerror.h(49983) : see previous definition of 'DXGI_STATUS_NO_REDIRECTION'
     1>d:\program files (x86)\microsoft directx sdk (june 2010)\include\dxgitype.h(15): warning C4005: 'DXGI_STATUS_NO_DESKTOP_ACCESS' : macro redefinition
                 c:\program files (x86)\windows kits\8.1\include\shared\winerror.h(49992) : see previous definition of 'DXGI_STATUS_NO_DESKTOP_ACCESS'
     1>d:\program files (x86)\microsoft directx sdk (june 2010)\include\dxgitype.h(16): warning C4005: 'DXGI_STATUS_GRAPHICS_VIDPN_SOURCE_IN_USE' : macro redefinition
                 c:\program files (x86)\windows kits\8.1\include\shared\winerror.h(50001) : see previous definition of 'DXGI_STATUS_GRAPHICS_VIDPN_SOURCE_IN_USE'
     1>d:\program files (x86)\microsoft directx sdk (june 2010)\include\dxgitype.h(17): warning C4005: 'DXGI_STATUS_MODE_CHANGED' : macro redefinition
                 c:\program files (x86)\windows kits\8.1\include\shared\winerror.h(50010) : see previous definition of 'DXGI_STATUS_MODE_CHANGED'
     1>d:\program files (x86)\microsoft directx sdk (june 2010)\include\dxgitype.h(18): warning C4005: 'DXGI_STATUS_MODE_CHANGE_IN_PROGRESS' : macro redefinition
                 c:\program files (x86)\windows kits\8.1\include\shared\winerror.h(50019) : see previous definition of 'DXGI_STATUS_MODE_CHANGE_IN_PROGRESS'
     1>d:\program files (x86)\microsoft directx sdk (june 2010)\include\dxgitype.h(21): warning C4005: 'DXGI_ERROR_INVALID_CALL' : macro redefinition
                 c:\program files (x86)\windows kits\8.1\include\shared\winerror.h(50034) : see previous definition of 'DXGI_ERROR_INVALID_CALL'
     1>d:\program files (x86)\microsoft directx sdk (june 2010)\include\dxgitype.h(22): warning C4005: 'DXGI_ERROR_NOT_FOUND' : macro redefinition
                 c:\program files (x86)\windows kits\8.1\include\shared\winerror.h(50043) : see previous definition of 'DXGI_ERROR_NOT_FOUND'
     1>d:\program files (x86)\microsoft directx sdk (june 2010)\include\dxgitype.h(23): warning C4005: 'DXGI_ERROR_MORE_DATA' : macro redefinition
                 c:\program files (x86)\windows kits\8.1\include\shared\winerror.h(50052) : see previous definition of 'DXGI_ERROR_MORE_DATA'
     1>d:\program files (x86)\microsoft directx sdk (june 2010)\include\dxgitype.h(24): warning C4005: 'DXGI_ERROR_UNSUPPORTED' : macro redefinition
                 c:\program files (x86)\windows kits\8.1\include\shared\winerror.h(50061) : see previous definition of 'DXGI_ERROR_UNSUPPORTED'
     1>d:\program files (x86)\microsoft directx sdk (june 2010)\include\dxgitype.h(25): warning C4005: 'DXGI_ERROR_DEVICE_REMOVED' : macro redefinition
                 c:\program files (x86)\windows kits\8.1\include\shared\winerror.h(50070) : see previous definition of 'DXGI_ERROR_DEVICE_REMOVED'
     1>d:\program files (x86)\microsoft directx sdk (june 2010)\include\dxgitype.h(26): warning C4005: 'DXGI_ERROR_DEVICE_HUNG' : macro redefinition
                 c:\program files (x86)\windows kits\8.1\include\shared\winerror.h(50079) : see previous definition of 'DXGI_ERROR_DEVICE_HUNG'
     1>d:\program files (x86)\microsoft directx sdk (june 2010)\include\dxgitype.h(27): warning C4005: 'DXGI_ERROR_DEVICE_RESET' : macro redefinition
                 c:\program files (x86)\windows kits\8.1\include\shared\winerror.h(50089) : see previous definition of 'DXGI_ERROR_DEVICE_RESET'
     1>d:\program files (x86)\microsoft directx sdk (june 2010)\include\dxgitype.h(28): warning C4005: 'DXGI_ERROR_WAS_STILL_DRAWING' : macro redefinition
                 c:\program files (x86)\windows kits\8.1\include\shared\winerror.h(50098) : see previous definition of 'DXGI_ERROR_WAS_STILL_DRAWING'
     1>d:\program files (x86)\microsoft directx sdk (june 2010)\include\dxgitype.h(29): warning C4005: 'DXGI_ERROR_FRAME_STATISTICS_DISJOINT' : macro redefinition
                 c:\program files (x86)\windows kits\8.1\include\shared\winerror.h(50108) : see previous definition of 'DXGI_ERROR_FRAME_STATISTICS_DISJOINT'
     1>d:\program files (x86)\microsoft directx sdk (june 2010)\include\dxgitype.h(30): warning C4005: 'DXGI_ERROR_GRAPHICS_VIDPN_SOURCE_IN_USE' : macro redefinition
                 c:\program files (x86)\windows kits\8.1\include\shared\winerror.h(50117) : see previous definition of 'DXGI_ERROR_GRAPHICS_VIDPN_SOURCE_IN_USE'
     1>d:\program files (x86)\microsoft directx sdk (june 2010)\include\dxgitype.h(31): warning C4005: 'DXGI_ERROR_DRIVER_INTERNAL_ERROR' : macro redefinition
                 c:\program files (x86)\windows kits\8.1\include\shared\winerror.h(50127) : see previous definition of 'DXGI_ERROR_DRIVER_INTERNAL_ERROR'
     1>d:\program files (x86)\microsoft directx sdk (june 2010)\include\dxgitype.h(32): warning C4005: 'DXGI_ERROR_NONEXCLUSIVE' : macro redefinition
                 c:\program files (x86)\windows kits\8.1\include\shared\winerror.h(50136) : see previous definition of 'DXGI_ERROR_NONEXCLUSIVE'
     1>d:\program files (x86)\microsoft directx sdk (june 2010)\include\dxgitype.h(33): warning C4005: 'DXGI_ERROR_NOT_CURRENTLY_AVAILABLE' : macro redefinition
                 c:\program files (x86)\windows kits\8.1\include\shared\winerror.h(50145) : see previous definition of 'DXGI_ERROR_NOT_CURRENTLY_AVAILABLE'
     1>d:\program files (x86)\microsoft directx sdk (june 2010)\include\dxgitype.h(34): warning C4005: 'DXGI_ERROR_REMOTE_CLIENT_DISCONNECTED' : macro redefinition
                 c:\program files (x86)\windows kits\8.1\include\shared\winerror.h(50155) : see previous definition of 'DXGI_ERROR_REMOTE_CLIENT_DISCONNECTED'
     1>d:\program files (x86)\microsoft directx sdk (june 2010)\include\dxgitype.h(35): warning C4005: 'DXGI_ERROR_REMOTE_OUTOFMEMORY' : macro redefinition
                 c:\program files (x86)\windows kits\8.1\include\shared\winerror.h(50164) : see previous definition of 'DXGI_ERROR_REMOTE_OUTOFMEMORY'
     1>d:\program files (x86)\microsoft directx sdk (june 2010)\include\d3d11.h(917): warning C4005: 'D3D11_ERROR_TOO_MANY_UNIQUE_STATE_OBJECTS' : macro redefinition
                 c:\program files (x86)\windows kits\8.1\include\shared\winerror.h(50342) : see previous definition of 'D3D11_ERROR_TOO_MANY_UNIQUE_STATE_OBJECTS'
     1>d:\program files (x86)\microsoft directx sdk (june 2010)\include\d3d11.h(918): warning C4005: 'D3D11_ERROR_FILE_NOT_FOUND' : macro redefinition
                 c:\program files (x86)\windows kits\8.1\include\shared\winerror.h(50351) : see previous definition of 'D3D11_ERROR_FILE_NOT_FOUND'
     1>d:\program files (x86)\microsoft directx sdk (june 2010)\include\d3d11.h(919): warning C4005: 'D3D11_ERROR_TOO_MANY_UNIQUE_VIEW_OBJECTS' : macro redefinition
                 c:\program files (x86)\windows kits\8.1\include\shared\winerror.h(50361) : see previous definition of 'D3D11_ERROR_TOO_MANY_UNIQUE_VIEW_OBJECTS'
     1>d:\program files (x86)\microsoft directx sdk (june 2010)\include\d3d11.h(920): warning C4005: 'D3D11_ERROR_DEFERRED_CONTEXT_MAP_WITHOUT_INITIAL_DISCARD' : macro redefinition
                 c:\program files (x86)\windows kits\8.1\include\shared\winerror.h(50370) : see previous definition of 'D3D11_ERROR_DEFERRED_CONTEXT_MAP_WITHOUT_INITIAL_DISCARD'
     1>d:\program files (x86)\microsoft directx sdk (june 2010)\include\d3d10.h(608): warning C4005: 'D3D10_ERROR_TOO_MANY_UNIQUE_STATE_OBJECTS' : macro redefinition
                 c:\program files (x86)\windows kits\8.1\include\shared\winerror.h(50318) : see previous definition of 'D3D10_ERROR_TOO_MANY_UNIQUE_STATE_OBJECTS'
     1>d:\program files (x86)\microsoft directx sdk (june 2010)\include\d3d10.h(609): warning C4005: 'D3D10_ERROR_FILE_NOT_FOUND' : macro redefinition
                 c:\program files (x86)\windows kits\8.1\include\shared\winerror.h(50327) : see previous definition of 'D3D10_ERROR_FILE_NOT_FOUND'
         modelclass.cpp
     1>d:\program files (x86)\microsoft directx sdk (june 2010)\include\dxgitype.h(12): warning C4005: 'DXGI_STATUS_OCCLUDED' : macro redefinition
                 c:\program files (x86)\windows kits\8.1\include\shared\winerror.h(49965) : see previous definition of 'DXGI_STATUS_OCCLUDED'
     1>d:\program files (x86)\microsoft directx sdk (june 2010)\include\dxgitype.h(13): warning C4005: 'DXGI_STATUS_CLIPPED' : macro redefinition
                 c:\program files (x86)\windows kits\8.1\include\shared\winerror.h(49974) : see previous definition of 'DXGI_STATUS_CLIPPED'
     1>d:\program files (x86)\microsoft directx sdk (june 2010)\include\dxgitype.h(14): warning C4005: 'DXGI_STATUS_NO_REDIRECTION' : macro redefinition
                 c:\program files (x86)\windows kits\8.1\include\shared\winerror.h(49983) : see previous definition of 'DXGI_STATUS_NO_REDIRECTION'
     1>d:\program files (x86)\microsoft directx sdk (june 2010)\include\dxgitype.h(15): warning C4005: 'DXGI_STATUS_NO_DESKTOP_ACCESS' : macro redefinition
                 c:\program files (x86)\windows kits\8.1\include\shared\winerror.h(49992) : see previous definition of 'DXGI_STATUS_NO_DESKTOP_ACCESS'
     1>d:\program files (x86)\microsoft directx sdk (june 2010)\include\dxgitype.h(16): warning C4005: 'DXGI_STATUS_GRAPHICS_VIDPN_SOURCE_IN_USE' : macro redefinition
                 c:\program files (x86)\windows kits\8.1\include\shared\winerror.h(50001) : see previous definition of 'DXGI_STATUS_GRAPHICS_VIDPN_SOURCE_IN_USE'
     1>d:\program files (x86)\microsoft directx sdk (june 2010)\include\dxgitype.h(17): warning C4005: 'DXGI_STATUS_MODE_CHANGED' : macro redefinition
                 c:\program files (x86)\windows kits\8.1\include\shared\winerror.h(50010) : see previous definition of 'DXGI_STATUS_MODE_CHANGED'
     1>d:\program files (x86)\microsoft directx sdk (june 2010)\include\dxgitype.h(18): warning C4005: 'DXGI_STATUS_MODE_CHANGE_IN_PROGRESS' : macro redefinition
                 c:\program files (x86)\windows kits\8.1\include\shared\winerror.h(50019) : see previous definition of 'DXGI_STATUS_MODE_CHANGE_IN_PROGRESS'
     1>d:\program files (x86)\microsoft directx sdk (june 2010)\include\dxgitype.h(21): warning C4005: 'DXGI_ERROR_INVALID_CALL' : macro redefinition
                 c:\program files (x86)\windows kits\8.1\include\shared\winerror.h(50034) : see previous definition of 'DXGI_ERROR_INVALID_CALL'
     1>d:\program files (x86)\microsoft directx sdk (june 2010)\include\dxgitype.h(22): warning C4005: 'DXGI_ERROR_NOT_FOUND' : macro redefinition
                 c:\program files (x86)\windows kits\8.1\include\shared\winerror.h(50043) : see previous definition of 'DXGI_ERROR_NOT_FOUND'
     1>d:\program files (x86)\microsoft directx sdk (june 2010)\include\dxgitype.h(23): warning C4005: 'DXGI_ERROR_MORE_DATA' : macro redefinition
                 c:\program files (x86)\windows kits\8.1\include\shared\winerror.h(50052) : see previous definition of 'DXGI_ERROR_MORE_DATA'
     1>d:\program files (x86)\microsoft directx sdk (june 2010)\include\dxgitype.h(24): warning C4005: 'DXGI_ERROR_UNSUPPORTED' : macro redefinition
                 c:\program files (x86)\windows kits\8.1\include\shared\winerror.h(50061) : see previous definition of 'DXGI_ERROR_UNSUPPORTED'
     1>d:\program files (x86)\microsoft directx sdk (june 2010)\include\dxgitype.h(25): warning C4005: 'DXGI_ERROR_DEVICE_REMOVED' : macro redefinition
                 c:\program files (x86)\windows kits\8.1\include\shared\winerror.h(50070) : see previous definition of 'DXGI_ERROR_DEVICE_REMOVED'
     1>d:\program files (x86)\microsoft directx sdk (june 2010)\include\dxgitype.h(26): warning C4005: 'DXGI_ERROR_DEVICE_HUNG' : macro redefinition
                 c:\program files (x86)\windows kits\8.1\include\shared\winerror.h(50079) : see previous definition of 'DXGI_ERROR_DEVICE_HUNG'
     1>d:\program files (x86)\microsoft directx sdk (june 2010)\include\dxgitype.h(27): warning C4005: 'DXGI_ERROR_DEVICE_RESET' : macro redefinition
                 c:\program files (x86)\windows kits\8.1\include\shared\winerror.h(50089) : see previous definition of 'DXGI_ERROR_DEVICE_RESET'
     1>d:\program files (x86)\microsoft directx sdk (june 2010)\include\dxgitype.h(28): warning C4005: 'DXGI_ERROR_WAS_STILL_DRAWING' : macro redefinition
                 c:\program files (x86)\windows kits\8.1\include\shared\winerror.h(50098) : see previous definition of 'DXGI_ERROR_WAS_STILL_DRAWING'
     1>d:\program files (x86)\microsoft directx sdk (june 2010)\include\dxgitype.h(29): warning C4005: 'DXGI_ERROR_FRAME_STATISTICS_DISJOINT' : macro redefinition
                 c:\program files (x86)\windows kits\8.1\include\shared\winerror.h(50108) : see previous definition of 'DXGI_ERROR_FRAME_STATISTICS_DISJOINT'
     1>d:\program files (x86)\microsoft directx sdk (june 2010)\include\dxgitype.h(30): warning C4005: 'DXGI_ERROR_GRAPHICS_VIDPN_SOURCE_IN_USE' : macro redefinition
                 c:\program files (x86)\windows kits\8.1\include\shared\winerror.h(50117) : see previous definition of 'DXGI_ERROR_GRAPHICS_VIDPN_SOURCE_IN_USE'
     1>d:\program files (x86)\microsoft directx sdk (june 2010)\include\dxgitype.h(31): warning C4005: 'DXGI_ERROR_DRIVER_INTERNAL_ERROR' : macro redefinition
                 c:\program files (x86)\windows kits\8.1\include\shared\winerror.h(50127) : see previous definition of 'DXGI_ERROR_DRIVER_INTERNAL_ERROR'
     1>d:\program files (x86)\microsoft directx sdk (june 2010)\include\dxgitype.h(32): warning C4005: 'DXGI_ERROR_NONEXCLUSIVE' : macro redefinition
                 c:\program files (x86)\windows kits\8.1\include\shared\winerror.h(50136) : see previous definition of 'DXGI_ERROR_NONEXCLUSIVE'
     1>d:\program files (x86)\microsoft directx sdk (june 2010)\include\dxgitype.h(33): warning C4005: 'DXGI_ERROR_NOT_CURRENTLY_AVAILABLE' : macro redefinition
                 c:\program files (x86)\windows kits\8.1\include\shared\winerror.h(50145) : see previous definition of 'DXGI_ERROR_NOT_CURRENTLY_AVAILABLE'
     1>d:\program files (x86)\microsoft directx sdk (june 2010)\include\dxgitype.h(34): warning C4005: 'DXGI_ERROR_REMOTE_CLIENT_DISCONNECTED' : macro redefinition
                 c:\program files (x86)\windows kits\8.1\include\shared\winerror.h(50155) : see previous definition of 'DXGI_ERROR_REMOTE_CLIENT_DISCONNECTED'
     1>d:\program files (x86)\microsoft directx sdk (june 2010)\include\dxgitype.h(35): warning C4005: 'DXGI_ERROR_REMOTE_OUTOFMEMORY' : macro redefinition
                 c:\program files (x86)\windows kits\8.1\include\shared\winerror.h(50164) : see previous definition of 'DXGI_ERROR_REMOTE_OUTOFMEMORY'
     1>d:\program files (x86)\microsoft directx sdk (june 2010)\include\d3d11.h(917): warning C4005: 'D3D11_ERROR_TOO_MANY_UNIQUE_STATE_OBJECTS' : macro redefinition
                 c:\program files (x86)\windows kits\8.1\include\shared\winerror.h(50342) : see previous definition of 'D3D11_ERROR_TOO_MANY_UNIQUE_STATE_OBJECTS'
     1>d:\program files (x86)\microsoft directx sdk (june 2010)\include\d3d11.h(918): warning C4005: 'D3D11_ERROR_FILE_NOT_FOUND' : macro redefinition
                 c:\program files (x86)\windows kits\8.1\include\shared\winerror.h(50351) : see previous definition of 'D3D11_ERROR_FILE_NOT_FOUND'
     1>d:\program files (x86)\microsoft directx sdk (june 2010)\include\d3d11.h(919): warning C4005: 'D3D11_ERROR_TOO_MANY_UNIQUE_VIEW_OBJECTS' : macro redefinition
                 c:\program files (x86)\windows kits\8.1\include\shared\winerror.h(50361) : see previous definition of 'D3D11_ERROR_TOO_MANY_UNIQUE_VIEW_OBJECTS'
     1>d:\program files (x86)\microsoft directx sdk (june 2010)\include\d3d11.h(920): warning C4005: 'D3D11_ERROR_DEFERRED_CONTEXT_MAP_WITHOUT_INITIAL_DISCARD' : macro redefinition
                 c:\program files (x86)\windows kits\8.1\include\shared\winerror.h(50370) : see previous definition of 'D3D11_ERROR_DEFERRED_CONTEXT_MAP_WITHOUT_INITIAL_DISCARD'
     1>d:\program files (x86)\microsoft directx sdk (june 2010)\include\d3d10.h(608): warning C4005: 'D3D10_ERROR_TOO_MANY_UNIQUE_STATE_OBJECTS' : macro redefinition
                 c:\program files (x86)\windows kits\8.1\include\shared\winerror.h(50318) : see previous definition of 'D3D10_ERROR_TOO_MANY_UNIQUE_STATE_OBJECTS'
     1>d:\program files (x86)\microsoft directx sdk (june 2010)\include\d3d10.h(609): warning C4005: 'D3D10_ERROR_FILE_NOT_FOUND' : macro redefinition
                 c:\program files (x86)\windows kits\8.1\include\shared\winerror.h(50327) : see previous definition of 'D3D10_ERROR_FILE_NOT_FOUND'
         main.cpp
     1>d:\program files (x86)\microsoft directx sdk (june 2010)\include\dxgitype.h(12): warning C4005: 'DXGI_STATUS_OCCLUDED' : macro redefinition
                 c:\program files (x86)\windows kits\8.1\include\shared\winerror.h(49965) : see previous definition of 'DXGI_STATUS_OCCLUDED'
     1>d:\program files (x86)\microsoft directx sdk (june 2010)\include\dxgitype.h(13): warning C4005: 'DXGI_STATUS_CLIPPED' : macro redefinition
                 c:\program files (x86)\windows kits\8.1\include\shared\winerror.h(49974) : see previous definition of 'DXGI_STATUS_CLIPPED'
     1>d:\program files (x86)\microsoft directx sdk (june 2010)\include\dxgitype.h(14): warning C4005: 'DXGI_STATUS_NO_REDIRECTION' : macro redefinition
                 c:\program files (x86)\windows kits\8.1\include\shared\winerror.h(49983) : see previous definition of 'DXGI_STATUS_NO_REDIRECTION'
     1>d:\program files (x86)\microsoft directx sdk (june 2010)\include\dxgitype.h(15): warning C4005: 'DXGI_STATUS_NO_DESKTOP_ACCESS' : macro redefinition
                 c:\program files (x86)\windows kits\8.1\include\shared\winerror.h(49992) : see previous definition of 'DXGI_STATUS_NO_DESKTOP_ACCESS'
     1>d:\program files (x86)\microsoft directx sdk (june 2010)\include\dxgitype.h(16): warning C4005: 'DXGI_STATUS_GRAPHICS_VIDPN_SOURCE_IN_USE' : macro redefinition
                 c:\program files (x86)\windows kits\8.1\include\shared\winerror.h(50001) : see previous definition of 'DXGI_STATUS_GRAPHICS_VIDPN_SOURCE_IN_USE'
     1>d:\program files (x86)\microsoft directx sdk (june 2010)\include\dxgitype.h(17): warning C4005: 'DXGI_STATUS_MODE_CHANGED' : macro redefinition
                 c:\program files (x86)\windows kits\8.1\include\shared\winerror.h(50010) : see previous definition of 'DXGI_STATUS_MODE_CHANGED'
     1>d:\program files (x86)\microsoft directx sdk (june 2010)\include\dxgitype.h(18): warning C4005: 'DXGI_STATUS_MODE_CHANGE_IN_PROGRESS' : macro redefinition
                 c:\program files (x86)\windows kits\8.1\include\shared\winerror.h(50019) : see previous definition of 'DXGI_STATUS_MODE_CHANGE_IN_PROGRESS'
     1>d:\program files (x86)\microsoft directx sdk (june 2010)\include\dxgitype.h(21): warning C4005: 'DXGI_ERROR_INVALID_CALL' : macro redefinition
                 c:\program files (x86)\windows kits\8.1\include\shared\winerror.h(50034) : see previous definition of 'DXGI_ERROR_INVALID_CALL'
     1>d:\program files (x86)\microsoft directx sdk (june 2010)\include\dxgitype.h(22): warning C4005: 'DXGI_ERROR_NOT_FOUND' : macro redefinition
                 c:\program files (x86)\windows kits\8.1\include\shared\winerror.h(50043) : see previous definition of 'DXGI_ERROR_NOT_FOUND'
     1>d:\program files (x86)\microsoft directx sdk (june 2010)\include\dxgitype.h(23): warning C4005: 'DXGI_ERROR_MORE_DATA' : macro redefinition
                 c:\program files (x86)\windows kits\8.1\include\shared\winerror.h(50052) : see previous definition of 'DXGI_ERROR_MORE_DATA'
     1>d:\program files (x86)\microsoft directx sdk (june 2010)\include\dxgitype.h(24): warning C4005: 'DXGI_ERROR_UNSUPPORTED' : macro redefinition
                 c:\program files (x86)\windows kits\8.1\include\shared\winerror.h(50061) : see previous definition of 'DXGI_ERROR_UNSUPPORTED'
     1>d:\program files (x86)\microsoft directx sdk (june 2010)\include\dxgitype.h(25): warning C4005: 'DXGI_ERROR_DEVICE_REMOVED' : macro redefinition
                 c:\program files (x86)\windows kits\8.1\include\shared\winerror.h(50070) : see previous definition of 'DXGI_ERROR_DEVICE_REMOVED'
     1>d:\program files (x86)\microsoft directx sdk (june 2010)\include\dxgitype.h(26): warning C4005: 'DXGI_ERROR_DEVICE_HUNG' : macro redefinition
                 c:\program files (x86)\windows kits\8.1\include\shared\winerror.h(50079) : see previous definition of 'DXGI_ERROR_DEVICE_HUNG'
     1>d:\program files (x86)\microsoft directx sdk (june 2010)\include\dxgitype.h(27): warning C4005: 'DXGI_ERROR_DEVICE_RESET' : macro redefinition
                 c:\program files (x86)\windows kits\8.1\include\shared\winerror.h(50089) : see previous definition of 'DXGI_ERROR_DEVICE_RESET'
     1>d:\program files (x86)\microsoft directx sdk (june 2010)\include\dxgitype.h(28): warning C4005: 'DXGI_ERROR_WAS_STILL_DRAWING' : macro redefinition
                 c:\program files (x86)\windows kits\8.1\include\shared\winerror.h(50098) : see previous definition of 'DXGI_ERROR_WAS_STILL_DRAWING'
     1>d:\program files (x86)\microsoft directx sdk (june 2010)\include\dxgitype.h(29): warning C4005: 'DXGI_ERROR_FRAME_STATISTICS_DISJOINT' : macro redefinition
                 c:\program files (x86)\windows kits\8.1\include\shared\winerror.h(50108) : see previous definition of 'DXGI_ERROR_FRAME_STATISTICS_DISJOINT'
     1>d:\program files (x86)\microsoft directx sdk (june 2010)\include\dxgitype.h(30): warning C4005: 'DXGI_ERROR_GRAPHICS_VIDPN_SOURCE_IN_USE' : macro redefinition
                 c:\program files (x86)\windows kits\8.1\include\shared\winerror.h(50117) : see previous definition of 'DXGI_ERROR_GRAPHICS_VIDPN_SOURCE_IN_USE'
     1>d:\program files (x86)\microsoft directx sdk (june 2010)\include\dxgitype.h(31): warning C4005: 'DXGI_ERROR_DRIVER_INTERNAL_ERROR' : macro redefinition
                 c:\program files (x86)\windows kits\8.1\include\shared\winerror.h(50127) : see previous definition of 'DXGI_ERROR_DRIVER_INTERNAL_ERROR'
     1>d:\program files (x86)\microsoft directx sdk (june 2010)\include\dxgitype.h(32): warning C4005: 'DXGI_ERROR_NONEXCLUSIVE' : macro redefinition
                 c:\program files (x86)\windows kits\8.1\include\shared\winerror.h(50136) : see previous definition of 'DXGI_ERROR_NONEXCLUSIVE'
     1>d:\program files (x86)\microsoft directx sdk (june 2010)\include\dxgitype.h(33): warning C4005: 'DXGI_ERROR_NOT_CURRENTLY_AVAILABLE' : macro redefinition
                 c:\program files (x86)\windows kits\8.1\include\shared\winerror.h(50145) : see previous definition of 'DXGI_ERROR_NOT_CURRENTLY_AVAILABLE'
     1>d:\program files (x86)\microsoft directx sdk (june 2010)\include\dxgitype.h(34): warning C4005: 'DXGI_ERROR_REMOTE_CLIENT_DISCONNECTED' : macro redefinition
                 c:\program files (x86)\windows kits\8.1\include\shared\winerror.h(50155) : see previous definition of 'DXGI_ERROR_REMOTE_CLIENT_DISCONNECTED'
     1>d:\program files (x86)\microsoft directx sdk (june 2010)\include\dxgitype.h(35): warning C4005: 'DXGI_ERROR_REMOTE_OUTOFMEMORY' : macro redefinition
                 c:\program files (x86)\windows kits\8.1\include\shared\winerror.h(50164) : see previous definition of 'DXGI_ERROR_REMOTE_OUTOFMEMORY'
     1>d:\program files (x86)\microsoft directx sdk (june 2010)\include\d3d11.h(917): warning C4005: 'D3D11_ERROR_TOO_MANY_UNIQUE_STATE_OBJECTS' : macro redefinition
                 c:\program files (x86)\windows kits\8.1\include\shared\winerror.h(50342) : see previous definition of 'D3D11_ERROR_TOO_MANY_UNIQUE_STATE_OBJECTS'
     1>d:\program files (x86)\microsoft directx sdk (june 2010)\include\d3d11.h(918): warning C4005: 'D3D11_ERROR_FILE_NOT_FOUND' : macro redefinition
                 c:\program files (x86)\windows kits\8.1\include\shared\winerror.h(50351) : see previous definition of 'D3D11_ERROR_FILE_NOT_FOUND'
     1>d:\program files (x86)\microsoft directx sdk (june 2010)\include\d3d11.h(919): warning C4005: 'D3D11_ERROR_TOO_MANY_UNIQUE_VIEW_OBJECTS' : macro redefinition
                 c:\program files (x86)\windows kits\8.1\include\shared\winerror.h(50361) : see previous definition of 'D3D11_ERROR_TOO_MANY_UNIQUE_VIEW_OBJECTS'
     1>d:\program files (x86)\microsoft directx sdk (june 2010)\include\d3d11.h(920): warning C4005: 'D3D11_ERROR_DEFERRED_CONTEXT_MAP_WITHOUT_INITIAL_DISCARD' : macro redefinition
                 c:\program files (x86)\windows kits\8.1\include\shared\winerror.h(50370) : see previous definition of 'D3D11_ERROR_DEFERRED_CONTEXT_MAP_WITHOUT_INITIAL_DISCARD'
     1>d:\program files (x86)\microsoft directx sdk (june 2010)\include\d3d10.h(608): warning C4005: 'D3D10_ERROR_TOO_MANY_UNIQUE_STATE_OBJECTS' : macro redefinition
                 c:\program files (x86)\windows kits\8.1\include\shared\winerror.h(50318) : see previous definition of 'D3D10_ERROR_TOO_MANY_UNIQUE_STATE_OBJECTS'
     1>d:\program files (x86)\microsoft directx sdk (june 2010)\include\d3d10.h(609): warning C4005: 'D3D10_ERROR_FILE_NOT_FOUND' : macro redefinition
                 c:\program files (x86)\windows kits\8.1\include\shared\winerror.h(50327) : see previous definition of 'D3D10_ERROR_FILE_NOT_FOUND'
         lightclass.cpp
     1>d:\program files (x86)\microsoft directx sdk (june 2010)\include\dxgitype.h(12): warning C4005: 'DXGI_STATUS_OCCLUDED' : macro redefinition
                 c:\program files (x86)\windows kits\8.1\include\shared\winerror.h(49965) : see previous definition of 'DXGI_STATUS_OCCLUDED'
     1>d:\program files (x86)\microsoft directx sdk (june 2010)\include\dxgitype.h(13): warning C4005: 'DXGI_STATUS_CLIPPED' : macro redefinition
                 c:\program files (x86)\windows kits\8.1\include\shared\winerror.h(49974) : see previous definition of 'DXGI_STATUS_CLIPPED'
     1>d:\program files (x86)\microsoft directx sdk (june 2010)\include\dxgitype.h(14): warning C4005: 'DXGI_STATUS_NO_REDIRECTION' : macro redefinition
                 c:\program files (x86)\windows kits\8.1\include\shared\winerror.h(49983) : see previous definition of 'DXGI_STATUS_NO_REDIRECTION'
     1>d:\program files (x86)\microsoft directx sdk (june 2010)\include\dxgitype.h(15): warning C4005: 'DXGI_STATUS_NO_DESKTOP_ACCESS' : macro redefinition
                 c:\program files (x86)\windows kits\8.1\include\shared\winerror.h(49992) : see previous definition of 'DXGI_STATUS_NO_DESKTOP_ACCESS'
     1>d:\program files (x86)\microsoft directx sdk (june 2010)\include\dxgitype.h(16): warning C4005: 'DXGI_STATUS_GRAPHICS_VIDPN_SOURCE_IN_USE' : macro redefinition
                 c:\program files (x86)\windows kits\8.1\include\shared\winerror.h(50001) : see previous definition of 'DXGI_STATUS_GRAPHICS_VIDPN_SOURCE_IN_USE'
     1>d:\program files (x86)\microsoft directx sdk (june 2010)\include\dxgitype.h(17): warning C4005: 'DXGI_STATUS_MODE_CHANGED' : macro redefinition
                 c:\program files (x86)\windows kits\8.1\include\shared\winerror.h(50010) : see previous definition of 'DXGI_STATUS_MODE_CHANGED'
     1>d:\program files (x86)\microsoft directx sdk (june 2010)\include\dxgitype.h(18): warning C4005: 'DXGI_STATUS_MODE_CHANGE_IN_PROGRESS' : macro redefinition
                 c:\program files (x86)\windows kits\8.1\include\shared\winerror.h(50019) : see previous definition of 'DXGI_STATUS_MODE_CHANGE_IN_PROGRESS'
     1>d:\program files (x86)\microsoft directx sdk (june 2010)\include\dxgitype.h(21): warning C4005: 'DXGI_ERROR_INVALID_CALL' : macro redefinition
                 c:\program files (x86)\windows kits\8.1\include\shared\winerror.h(50034) : see previous definition of 'DXGI_ERROR_INVALID_CALL'
     1>d:\program files (x86)\microsoft directx sdk (june 2010)\include\dxgitype.h(22): warning C4005: 'DXGI_ERROR_NOT_FOUND' : macro redefinition
                 c:\program files (x86)\windows kits\8.1\include\shared\winerror.h(50043) : see previous definition of 'DXGI_ERROR_NOT_FOUND'
     1>d:\program files (x86)\microsoft directx sdk (june 2010)\include\dxgitype.h(23): warning C4005: 'DXGI_ERROR_MORE_DATA' : macro redefinition
                 c:\program files (x86)\windows kits\8.1\include\shared\winerror.h(50052) : see previous definition of 'DXGI_ERROR_MORE_DATA'
     1>d:\program files (x86)\microsoft directx sdk (june 2010)\include\dxgitype.h(24): warning C4005: 'DXGI_ERROR_UNSUPPORTED' : macro redefinition
                 c:\program files (x86)\windows kits\8.1\include\shared\winerror.h(50061) : see previous definition of 'DXGI_ERROR_UNSUPPORTED'
     1>d:\program files (x86)\microsoft directx sdk (june 2010)\include\dxgitype.h(25): warning C4005: 'DXGI_ERROR_DEVICE_REMOVED' : macro redefinition
                 c:\program files (x86)\windows kits\8.1\include\shared\winerror.h(50070) : see previous definition of 'DXGI_ERROR_DEVICE_REMOVED'
     1>d:\program files (x86)\microsoft directx sdk (june 2010)\include\dxgitype.h(26): warning C4005: 'DXGI_ERROR_DEVICE_HUNG' : macro redefinition
                 c:\program files (x86)\windows kits\8.1\include\shared\winerror.h(50079) : see previous definition of 'DXGI_ERROR_DEVICE_HUNG'
     1>d:\program files (x86)\microsoft directx sdk (june 2010)\include\dxgitype.h(27): warning C4005: 'DXGI_ERROR_DEVICE_RESET' : macro redefinition
                 c:\program files (x86)\windows kits\8.1\include\shared\winerror.h(50089) : see previous definition of 'DXGI_ERROR_DEVICE_RESET'
     1>d:\program files (x86)\microsoft directx sdk (june 2010)\include\dxgitype.h(28): warning C4005: 'DXGI_ERROR_WAS_STILL_DRAWING' : macro redefinition
                 c:\program files (x86)\windows kits\8.1\include\shared\winerror.h(50098) : see previous definition of 'DXGI_ERROR_WAS_STILL_DRAWING'
     1>d:\program files (x86)\microsoft directx sdk (june 2010)\include\dxgitype.h(29): warning C4005: 'DXGI_ERROR_FRAME_STATISTICS_DISJOINT' : macro redefinition
                 c:\program files (x86)\windows kits\8.1\include\shared\winerror.h(50108) : see previous definition of 'DXGI_ERROR_FRAME_STATISTICS_DISJOINT'
     1>d:\program files (x86)\microsoft directx sdk (june 2010)\include\dxgitype.h(30): warning C4005: 'DXGI_ERROR_GRAPHICS_VIDPN_SOURCE_IN_USE' : macro redefinition
                 c:\program files (x86)\windows kits\8.1\include\shared\winerror.h(50117) : see previous definition of 'DXGI_ERROR_GRAPHICS_VIDPN_SOURCE_IN_USE'
     1>d:\program files (x86)\microsoft directx sdk (june 2010)\include\dxgitype.h(31): warning C4005: 'DXGI_ERROR_DRIVER_INTERNAL_ERROR' : macro redefinition
                 c:\program files (x86)\windows kits\8.1\include\shared\winerror.h(50127) : see previous definition of 'DXGI_ERROR_DRIVER_INTERNAL_ERROR'
     1>d:\program files (x86)\microsoft directx sdk (june 2010)\include\dxgitype.h(32): warning C4005: 'DXGI_ERROR_NONEXCLUSIVE' : macro redefinition
                 c:\program files (x86)\windows kits\8.1\include\shared\winerror.h(50136) : see previous definition of 'DXGI_ERROR_NONEXCLUSIVE'
     1>d:\program files (x86)\microsoft directx sdk (june 2010)\include\dxgitype.h(33): warning C4005: 'DXGI_ERROR_NOT_CURRENTLY_AVAILABLE' : macro redefinition
                 c:\program files (x86)\windows kits\8.1\include\shared\winerror.h(50145) : see previous definition of 'DXGI_ERROR_NOT_CURRENTLY_AVAILABLE'
     1>d:\program files (x86)\microsoft directx sdk (june 2010)\include\dxgitype.h(34): warning C4005: 'DXGI_ERROR_REMOTE_CLIENT_DISCONNECTED' : macro redefinition
                 c:\program files (x86)\windows kits\8.1\include\shared\winerror.h(50155) : see previous definition of 'DXGI_ERROR_REMOTE_CLIENT_DISCONNECTED'
     1>d:\program files (x86)\microsoft directx sdk (june 2010)\include\dxgitype.h(35): warning C4005: 'DXGI_ERROR_REMOTE_OUTOFMEMORY' : macro redefinition
                 c:\program files (x86)\windows kits\8.1\include\shared\winerror.h(50164) : see previous definition of 'DXGI_ERROR_REMOTE_OUTOFMEMORY'
     1>d:\program files (x86)\microsoft directx sdk (june 2010)\include\d3d10.h(608): warning C4005: 'D3D10_ERROR_TOO_MANY_UNIQUE_STATE_OBJECTS' : macro redefinition
                 c:\program files (x86)\windows kits\8.1\include\shared\winerror.h(50318) : see previous definition of 'D3D10_ERROR_TOO_MANY_UNIQUE_STATE_OBJECTS'
     1>d:\program files (x86)\microsoft directx sdk (june 2010)\include\d3d10.h(609): warning C4005: 'D3D10_ERROR_FILE_NOT_FOUND' : macro redefinition
                 c:\program files (x86)\windows kits\8.1\include\shared\winerror.h(50327) : see previous definition of 'D3D10_ERROR_FILE_NOT_FOUND'
         inputclass.cpp
         graphicsclass.cpp
     1>d:\program files (x86)\microsoft directx sdk (june 2010)\include\dxgitype.h(12): warning C4005: 'DXGI_STATUS_OCCLUDED' : macro redefinition
                 c:\program files (x86)\windows kits\8.1\include\shared\winerror.h(49965) : see previous definition of 'DXGI_STATUS_OCCLUDED'
     1>d:\program files (x86)\microsoft directx sdk (june 2010)\include\dxgitype.h(13): warning C4005: 'DXGI_STATUS_CLIPPED' : macro redefinition
                 c:\program files (x86)\windows kits\8.1\include\shared\winerror.h(49974) : see previous definition of 'DXGI_STATUS_CLIPPED'
     1>d:\program files (x86)\microsoft directx sdk (june 2010)\include\dxgitype.h(14): warning C4005: 'DXGI_STATUS_NO_REDIRECTION' : macro redefinition
                 c:\program files (x86)\windows kits\8.1\include\shared\winerror.h(49983) : see previous definition of 'DXGI_STATUS_NO_REDIRECTION'
     1>d:\program files (x86)\microsoft directx sdk (june 2010)\include\dxgitype.h(15): warning C4005: 'DXGI_STATUS_NO_DESKTOP_ACCESS' : macro redefinition
                 c:\program files (x86)\windows kits\8.1\include\shared\winerror.h(49992) : see previous definition of 'DXGI_STATUS_NO_DESKTOP_ACCESS'
     1>d:\program files (x86)\microsoft directx sdk (june 2010)\include\dxgitype.h(16): warning C4005: 'DXGI_STATUS_GRAPHICS_VIDPN_SOURCE_IN_USE' : macro redefinition
                 c:\program files (x86)\windows kits\8.1\include\shared\winerror.h(50001) : see previous definition of 'DXGI_STATUS_GRAPHICS_VIDPN_SOURCE_IN_USE'
     1>d:\program files (x86)\microsoft directx sdk (june 2010)\include\dxgitype.h(17): warning C4005: 'DXGI_STATUS_MODE_CHANGED' : macro redefinition
                 c:\program files (x86)\windows kits\8.1\include\shared\winerror.h(50010) : see previous definition of 'DXGI_STATUS_MODE_CHANGED'
     1>d:\program files (x86)\microsoft directx sdk (june 2010)\include\dxgitype.h(18): warning C4005: 'DXGI_STATUS_MODE_CHANGE_IN_PROGRESS' : macro redefinition
                 c:\program files (x86)\windows kits\8.1\include\shared\winerror.h(50019) : see previous definition of 'DXGI_STATUS_MODE_CHANGE_IN_PROGRESS'
     1>d:\program files (x86)\microsoft directx sdk (june 2010)\include\dxgitype.h(21): warning C4005: 'DXGI_ERROR_INVALID_CALL' : macro redefinition
                 c:\program files (x86)\windows kits\8.1\include\shared\winerror.h(50034) : see previous definition of 'DXGI_ERROR_INVALID_CALL'
     1>d:\program files (x86)\microsoft directx sdk (june 2010)\include\dxgitype.h(22): warning C4005: 'DXGI_ERROR_NOT_FOUND' : macro redefinition
                 c:\program files (x86)\windows kits\8.1\include\shared\winerror.h(50043) : see previous definition of 'DXGI_ERROR_NOT_FOUND'
     1>d:\program files (x86)\microsoft directx sdk (june 2010)\include\dxgitype.h(23): warning C4005: 'DXGI_ERROR_MORE_DATA' : macro redefinition
                 c:\program files (x86)\windows kits\8.1\include\shared\winerror.h(50052) : see previous definition of 'DXGI_ERROR_MORE_DATA'
     1>d:\program files (x86)\microsoft directx sdk (june 2010)\include\dxgitype.h(24): warning C4005: 'DXGI_ERROR_UNSUPPORTED' : macro redefinition
                 c:\program files (x86)\windows kits\8.1\include\shared\winerror.h(50061) : see previous definition of 'DXGI_ERROR_UNSUPPORTED'
     1>d:\program files (x86)\microsoft directx sdk (june 2010)\include\dxgitype.h(25): warning C4005: 'DXGI_ERROR_DEVICE_REMOVED' : macro redefinition
                 c:\program files (x86)\windows kits\8.1\include\shared\winerror.h(50070) : see previous definition of 'DXGI_ERROR_DEVICE_REMOVED'
     1>d:\program files (x86)\microsoft directx sdk (june 2010)\include\dxgitype.h(26): warning C4005: 'DXGI_ERROR_DEVICE_HUNG' : macro redefinition
                 c:\program files (x86)\windows kits\8.1\include\shared\winerror.h(50079) : see previous definition of 'DXGI_ERROR_DEVICE_HUNG'
     1>d:\program files (x86)\microsoft directx sdk (june 2010)\include\dxgitype.h(27): warning C4005: 'DXGI_ERROR_DEVICE_RESET' : macro redefinition
                 c:\program files (x86)\windows kits\8.1\include\shared\winerror.h(50089) : see previous definition of 'DXGI_ERROR_DEVICE_RESET'
     1>d:\program files (x86)\microsoft directx sdk (june 2010)\include\dxgitype.h(28): warning C4005: 'DXGI_ERROR_WAS_STILL_DRAWING' : macro redefinition
                 c:\program files (x86)\windows kits\8.1\include\shared\winerror.h(50098) : see previous definition of 'DXGI_ERROR_WAS_STILL_DRAWING'
     1>d:\program files (x86)\microsoft directx sdk (june 2010)\include\dxgitype.h(29): warning C4005: 'DXGI_ERROR_FRAME_STATISTICS_DISJOINT' : macro redefinition
                 c:\program files (x86)\windows kits\8.1\include\shared\winerror.h(50108) : see previous definition of 'DXGI_ERROR_FRAME_STATISTICS_DISJOINT'
     1>d:\program files (x86)\microsoft directx sdk (june 2010)\include\dxgitype.h(30): warning C4005: 'DXGI_ERROR_GRAPHICS_VIDPN_SOURCE_IN_USE' : macro redefinition
                 c:\program files (x86)\windows kits\8.1\include\shared\winerror.h(50117) : see previous definition of 'DXGI_ERROR_GRAPHICS_VIDPN_SOURCE_IN_USE'
     1>d:\program files (x86)\microsoft directx sdk (june 2010)\include\dxgitype.h(31): warning C4005: 'DXGI_ERROR_DRIVER_INTERNAL_ERROR' : macro redefinition
                 c:\program files (x86)\windows kits\8.1\include\shared\winerror.h(50127) : see previous definition of 'DXGI_ERROR_DRIVER_INTERNAL_ERROR'
     1>d:\program files (x86)\microsoft directx sdk (june 2010)\include\dxgitype.h(32): warning C4005: 'DXGI_ERROR_NONEXCLUSIVE' : macro redefinition
                 c:\program files (x86)\windows kits\8.1\include\shared\winerror.h(50136) : see previous definition of 'DXGI_ERROR_NONEXCLUSIVE'
     1>d:\program files (x86)\microsoft directx sdk (june 2010)\include\dxgitype.h(33): warning C4005: 'DXGI_ERROR_NOT_CURRENTLY_AVAILABLE' : macro redefinition
                 c:\program files (x86)\windows kits\8.1\include\shared\winerror.h(50145) : see previous definition of 'DXGI_ERROR_NOT_CURRENTLY_AVAILABLE'
     1>d:\program files (x86)\microsoft directx sdk (june 2010)\include\dxgitype.h(34): warning C4005: 'DXGI_ERROR_REMOTE_CLIENT_DISCONNECTED' : macro redefinition
                 c:\program files (x86)\windows kits\8.1\include\shared\winerror.h(50155) : see previous definition of 'DXGI_ERROR_REMOTE_CLIENT_DISCONNECTED'
     1>d:\program files (x86)\microsoft directx sdk (june 2010)\include\dxgitype.h(35): warning C4005: 'DXGI_ERROR_REMOTE_OUTOFMEMORY' : macro redefinition
                 c:\program files (x86)\windows kits\8.1\include\shared\winerror.h(50164) : see previous definition of 'DXGI_ERROR_REMOTE_OUTOFMEMORY'
     1>d:\program files (x86)\microsoft directx sdk (june 2010)\include\d3d11.h(917): warning C4005: 'D3D11_ERROR_TOO_MANY_UNIQUE_STATE_OBJECTS' : macro redefinition
                 c:\program files (x86)\windows kits\8.1\include\shared\winerror.h(50342) : see previous definition of 'D3D11_ERROR_TOO_MANY_UNIQUE_STATE_OBJECTS'
     1>d:\program files (x86)\microsoft directx sdk (june 2010)\include\d3d11.h(918): warning C4005: 'D3D11_ERROR_FILE_NOT_FOUND' : macro redefinition
                 c:\program files (x86)\windows kits\8.1\include\shared\winerror.h(50351) : see previous definition of 'D3D11_ERROR_FILE_NOT_FOUND'
     1>d:\program files (x86)\microsoft directx sdk (june 2010)\include\d3d11.h(919): warning C4005: 'D3D11_ERROR_TOO_MANY_UNIQUE_VIEW_OBJECTS' : macro redefinition
                 c:\program files (x86)\windows kits\8.1\include\shared\winerror.h(50361) : see previous definition of 'D3D11_ERROR_TOO_MANY_UNIQUE_VIEW_OBJECTS'
     1>d:\program files (x86)\microsoft directx sdk (june 2010)\include\d3d11.h(920): warning C4005: 'D3D11_ERROR_DEFERRED_CONTEXT_MAP_WITHOUT_INITIAL_DISCARD' : macro redefinition
                 c:\program files (x86)\windows kits\8.1\include\shared\winerror.h(50370) : see previous definition of 'D3D11_ERROR_DEFERRED_CONTEXT_MAP_WITHOUT_INITIAL_DISCARD'
     1>d:\program files (x86)\microsoft directx sdk (june 2010)\include\d3d10.h(608): warning C4005: 'D3D10_ERROR_TOO_MANY_UNIQUE_STATE_OBJECTS' : macro redefinition
                 c:\program files (x86)\windows kits\8.1\include\shared\winerror.h(50318) : see previous definition of 'D3D10_ERROR_TOO_MANY_UNIQUE_STATE_OBJECTS'
     1>d:\program files (x86)\microsoft directx sdk (june 2010)\include\d3d10.h(609): warning C4005: 'D3D10_ERROR_FILE_NOT_FOUND' : macro redefinition
                 c:\program files (x86)\windows kits\8.1\include\shared\winerror.h(50327) : see previous definition of 'D3D10_ERROR_FILE_NOT_FOUND'
         d3dclass.cpp
     1>d:\program files (x86)\microsoft directx sdk (june 2010)\include\dxgitype.h(12): warning C4005: 'DXGI_STATUS_OCCLUDED' : macro redefinition
                 c:\program files (x86)\windows kits\8.1\include\shared\winerror.h(49965) : see previous definition of 'DXGI_STATUS_OCCLUDED'
     1>d:\program files (x86)\microsoft directx sdk (june 2010)\include\dxgitype.h(13): warning C4005: 'DXGI_STATUS_CLIPPED' : macro redefinition
                 c:\program files (x86)\windows kits\8.1\include\shared\winerror.h(49974) : see previous definition of 'DXGI_STATUS_CLIPPED'
     1>d:\program files (x86)\microsoft directx sdk (june 2010)\include\dxgitype.h(14): warning C4005: 'DXGI_STATUS_NO_REDIRECTION' : macro redefinition
                 c:\program files (x86)\windows kits\8.1\include\shared\winerror.h(49983) : see previous definition of 'DXGI_STATUS_NO_REDIRECTION'
     1>d:\program files (x86)\microsoft directx sdk (june 2010)\include\dxgitype.h(15): warning C4005: 'DXGI_STATUS_NO_DESKTOP_ACCESS' : macro redefinition
                 c:\program files (x86)\windows kits\8.1\include\shared\winerror.h(49992) : see previous definition of 'DXGI_STATUS_NO_DESKTOP_ACCESS'
     1>d:\program files (x86)\microsoft directx sdk (june 2010)\include\dxgitype.h(16): warning C4005: 'DXGI_STATUS_GRAPHICS_VIDPN_SOURCE_IN_USE' : macro redefinition
                 c:\program files (x86)\windows kits\8.1\include\shared\winerror.h(50001) : see previous definition of 'DXGI_STATUS_GRAPHICS_VIDPN_SOURCE_IN_USE'
     1>d:\program files (x86)\microsoft directx sdk (june 2010)\include\dxgitype.h(17): warning C4005: 'DXGI_STATUS_MODE_CHANGED' : macro redefinition
                 c:\program files (x86)\windows kits\8.1\include\shared\winerror.h(50010) : see previous definition of 'DXGI_STATUS_MODE_CHANGED'
     1>d:\program files (x86)\microsoft directx sdk (june 2010)\include\dxgitype.h(18): warning C4005: 'DXGI_STATUS_MODE_CHANGE_IN_PROGRESS' : macro redefinition
                 c:\program files (x86)\windows kits\8.1\include\shared\winerror.h(50019) : see previous definition of 'DXGI_STATUS_MODE_CHANGE_IN_PROGRESS'
     1>d:\program files (x86)\microsoft directx sdk (june 2010)\include\dxgitype.h(21): warning C4005: 'DXGI_ERROR_INVALID_CALL' : macro redefinition
                 c:\program files (x86)\windows kits\8.1\include\shared\winerror.h(50034) : see previous definition of 'DXGI_ERROR_INVALID_CALL'
     1>d:\program files (x86)\microsoft directx sdk (june 2010)\include\dxgitype.h(22): warning C4005: 'DXGI_ERROR_NOT_FOUND' : macro redefinition
                 c:\program files (x86)\windows kits\8.1\include\shared\winerror.h(50043) : see previous definition of 'DXGI_ERROR_NOT_FOUND'
     1>d:\program files (x86)\microsoft directx sdk (june 2010)\include\dxgitype.h(23): warning C4005: 'DXGI_ERROR_MORE_DATA' : macro redefinition
                 c:\program files (x86)\windows kits\8.1\include\shared\winerror.h(50052) : see previous definition of 'DXGI_ERROR_MORE_DATA'
     1>d:\program files (x86)\microsoft directx sdk (june 2010)\include\dxgitype.h(24): warning C4005: 'DXGI_ERROR_UNSUPPORTED' : macro redefinition
                 c:\program files (x86)\windows kits\8.1\include\shared\winerror.h(50061) : see previous definition of 'DXGI_ERROR_UNSUPPORTED'
     1>d:\program files (x86)\microsoft directx sdk (june 2010)\include\dxgitype.h(25): warning C4005: 'DXGI_ERROR_DEVICE_REMOVED' : macro redefinition
                 c:\program files (x86)\windows kits\8.1\include\shared\winerror.h(50070) : see previous definition of 'DXGI_ERROR_DEVICE_REMOVED'
     1>d:\program files (x86)\microsoft directx sdk (june 2010)\include\dxgitype.h(26): warning C4005: 'DXGI_ERROR_DEVICE_HUNG' : macro redefinition
                 c:\program files (x86)\windows kits\8.1\include\shared\winerror.h(50079) : see previous definition of 'DXGI_ERROR_DEVICE_HUNG'
     1>d:\program files (x86)\microsoft directx sdk (june 2010)\include\dxgitype.h(27): warning C4005: 'DXGI_ERROR_DEVICE_RESET' : macro redefinition
                 c:\program files (x86)\windows kits\8.1\include\shared\winerror.h(50089) : see previous definition of 'DXGI_ERROR_DEVICE_RESET'
     1>d:\program files (x86)\microsoft directx sdk (june 2010)\include\dxgitype.h(28): warning C4005: 'DXGI_ERROR_WAS_STILL_DRAWING' : macro redefinition
                 c:\program files (x86)\windows kits\8.1\include\shared\winerror.h(50098) : see previous definition of 'DXGI_ERROR_WAS_STILL_DRAWING'
     1>d:\program files (x86)\microsoft directx sdk (june 2010)\include\dxgitype.h(29): warning C4005: 'DXGI_ERROR_FRAME_STATISTICS_DISJOINT' : macro redefinition
                 c:\program files (x86)\windows kits\8.1\include\shared\winerror.h(50108) : see previous definition of 'DXGI_ERROR_FRAME_STATISTICS_DISJOINT'
     1>d:\program files (x86)\microsoft directx sdk (june 2010)\include\dxgitype.h(30): warning C4005: 'DXGI_ERROR_GRAPHICS_VIDPN_SOURCE_IN_USE' : macro redefinition
                 c:\program files (x86)\windows kits\8.1\include\shared\winerror.h(50117) : see previous definition of 'DXGI_ERROR_GRAPHICS_VIDPN_SOURCE_IN_USE'
     1>d:\program files (x86)\microsoft directx sdk (june 2010)\include\dxgitype.h(31): warning C4005: 'DXGI_ERROR_DRIVER_INTERNAL_ERROR' : macro redefinition
                 c:\program files (x86)\windows kits\8.1\include\shared\winerror.h(50127) : see previous definition of 'DXGI_ERROR_DRIVER_INTERNAL_ERROR'
     1>d:\program files (x86)\microsoft directx sdk (june 2010)\include\dxgitype.h(32): warning C4005: 'DXGI_ERROR_NONEXCLUSIVE' : macro redefinition
                 c:\program files (x86)\windows kits\8.1\include\shared\winerror.h(50136) : see previous definition of 'DXGI_ERROR_NONEXCLUSIVE'
     1>d:\program files (x86)\microsoft directx sdk (june 2010)\include\dxgitype.h(33): warning C4005: 'DXGI_ERROR_NOT_CURRENTLY_AVAILABLE' : macro redefinition
                 c:\program files (x86)\windows kits\8.1\include\shared\winerror.h(50145) : see previous definition of 'DXGI_ERROR_NOT_CURRENTLY_AVAILABLE'
     1>d:\program files (x86)\microsoft directx sdk (june 2010)\include\dxgitype.h(34): warning C4005: 'DXGI_ERROR_REMOTE_CLIENT_DISCONNECTED' : macro redefinition
                 c:\program files (x86)\windows kits\8.1\include\shared\winerror.h(50155) : see previous definition of 'DXGI_ERROR_REMOTE_CLIENT_DISCONNECTED'
     1>d:\program files (x86)\microsoft directx sdk (june 2010)\include\dxgitype.h(35): warning C4005: 'DXGI_ERROR_REMOTE_OUTOFMEMORY' : macro redefinition
                 c:\program files (x86)\windows kits\8.1\include\shared\winerror.h(50164) : see previous definition of 'DXGI_ERROR_REMOTE_OUTOFMEMORY'
     1>d:\program files (x86)\microsoft directx sdk (june 2010)\include\d3d11.h(917): warning C4005: 'D3D11_ERROR_TOO_MANY_UNIQUE_STATE_OBJECTS' : macro redefinition
                 c:\program files (x86)\windows kits\8.1\include\shared\winerror.h(50342) : see previous definition of 'D3D11_ERROR_TOO_MANY_UNIQUE_STATE_OBJECTS'
     1>d:\program files (x86)\microsoft directx sdk (june 2010)\include\d3d11.h(918): warning C4005: 'D3D11_ERROR_FILE_NOT_FOUND' : macro redefinition
                 c:\program files (x86)\windows kits\8.1\include\shared\winerror.h(50351) : see previous definition of 'D3D11_ERROR_FILE_NOT_FOUND'
     1>d:\program files (x86)\microsoft directx sdk (june 2010)\include\d3d11.h(919): warning C4005: 'D3D11_ERROR_TOO_MANY_UNIQUE_VIEW_OBJECTS' : macro redefinition
                 c:\program files (x86)\windows kits\8.1\include\shared\winerror.h(50361) : see previous definition of 'D3D11_ERROR_TOO_MANY_UNIQUE_VIEW_OBJECTS'
     1>d:\program files (x86)\microsoft directx sdk (june 2010)\include\d3d11.h(920): warning C4005: 'D3D11_ERROR_DEFERRED_CONTEXT_MAP_WITHOUT_INITIAL_DISCARD' : macro redefinition
                 c:\program files (x86)\windows kits\8.1\include\shared\winerror.h(50370) : see previous definition of 'D3D11_ERROR_DEFERRED_CONTEXT_MAP_WITHOUT_INITIAL_DISCARD'
     1>d:\program files (x86)\microsoft directx sdk (june 2010)\include\d3d10.h(608): warning C4005: 'D3D10_ERROR_TOO_MANY_UNIQUE_STATE_OBJECTS' : macro redefinition
                 c:\program files (x86)\windows kits\8.1\include\shared\winerror.h(50318) : see previous definition of 'D3D10_ERROR_TOO_MANY_UNIQUE_STATE_OBJECTS'
     1>d:\program files (x86)\microsoft directx sdk (june 2010)\include\d3d10.h(609): warning C4005: 'D3D10_ERROR_FILE_NOT_FOUND' : macro redefinition
                 c:\program files (x86)\windows kits\8.1\include\shared\winerror.h(50327) : see previous definition of 'D3D10_ERROR_FILE_NOT_FOUND'
         cameraclass.cpp
     1>d:\program files (x86)\microsoft directx sdk (june 2010)\include\dxgitype.h(12): warning C4005: 'DXGI_STATUS_OCCLUDED' : macro redefinition
                 c:\program files (x86)\windows kits\8.1\include\shared\winerror.h(49965) : see previous definition of 'DXGI_STATUS_OCCLUDED'
     1>d:\program files (x86)\microsoft directx sdk (june 2010)\include\dxgitype.h(13): warning C4005: 'DXGI_STATUS_CLIPPED' : macro redefinition
                 c:\program files (x86)\windows kits\8.1\include\shared\winerror.h(49974) : see previous definition of 'DXGI_STATUS_CLIPPED'
     1>d:\program files (x86)\microsoft directx sdk (june 2010)\include\dxgitype.h(14): warning C4005: 'DXGI_STATUS_NO_REDIRECTION' : macro redefinition
                 c:\program files (x86)\windows kits\8.1\include\shared\winerror.h(49983) : see previous definition of 'DXGI_STATUS_NO_REDIRECTION'
     1>d:\program files (x86)\microsoft directx sdk (june 2010)\include\dxgitype.h(15): warning C4005: 'DXGI_STATUS_NO_DESKTOP_ACCESS' : macro redefinition
                 c:\program files (x86)\windows kits\8.1\include\shared\winerror.h(49992) : see previous definition of 'DXGI_STATUS_NO_DESKTOP_ACCESS'
     1>d:\program files (x86)\microsoft directx sdk (june 2010)\include\dxgitype.h(16): warning C4005: 'DXGI_STATUS_GRAPHICS_VIDPN_SOURCE_IN_USE' : macro redefinition
                 c:\program files (x86)\windows kits\8.1\include\shared\winerror.h(50001) : see previous definition of 'DXGI_STATUS_GRAPHICS_VIDPN_SOURCE_IN_USE'
     1>d:\program files (x86)\microsoft directx sdk (june 2010)\include\dxgitype.h(17): warning C4005: 'DXGI_STATUS_MODE_CHANGED' : macro redefinition
                 c:\program files (x86)\windows kits\8.1\include\shared\winerror.h(50010) : see previous definition of 'DXGI_STATUS_MODE_CHANGED'
     1>d:\program files (x86)\microsoft directx sdk (june 2010)\include\dxgitype.h(18): warning C4005: 'DXGI_STATUS_MODE_CHANGE_IN_PROGRESS' : macro redefinition
                 c:\program files (x86)\windows kits\8.1\include\shared\winerror.h(50019) : see previous definition of 'DXGI_STATUS_MODE_CHANGE_IN_PROGRESS'
     1>d:\program files (x86)\microsoft directx sdk (june 2010)\include\dxgitype.h(21): warning C4005: 'DXGI_ERROR_INVALID_CALL' : macro redefinition
                 c:\program files (x86)\windows kits\8.1\include\shared\winerror.h(50034) : see previous definition of 'DXGI_ERROR_INVALID_CALL'
     1>d:\program files (x86)\microsoft directx sdk (june 2010)\include\dxgitype.h(22): warning C4005: 'DXGI_ERROR_NOT_FOUND' : macro redefinition
                 c:\program files (x86)\windows kits\8.1\include\shared\winerror.h(50043) : see previous definition of 'DXGI_ERROR_NOT_FOUND'
     1>d:\program files (x86)\microsoft directx sdk (june 2010)\include\dxgitype.h(23): warning C4005: 'DXGI_ERROR_MORE_DATA' : macro redefinition
                 c:\program files (x86)\windows kits\8.1\include\shared\winerror.h(50052) : see previous definition of 'DXGI_ERROR_MORE_DATA'
     1>d:\program files (x86)\microsoft directx sdk (june 2010)\include\dxgitype.h(24): warning C4005: 'DXGI_ERROR_UNSUPPORTED' : macro redefinition
                 c:\program files (x86)\windows kits\8.1\include\shared\winerror.h(50061) : see previous definition of 'DXGI_ERROR_UNSUPPORTED'
     1>d:\program files (x86)\microsoft directx sdk (june 2010)\include\dxgitype.h(25): warning C4005: 'DXGI_ERROR_DEVICE_REMOVED' : macro redefinition
                 c:\program files (x86)\windows kits\8.1\include\shared\winerror.h(50070) : see previous definition of 'DXGI_ERROR_DEVICE_REMOVED'
     1>d:\program files (x86)\microsoft directx sdk (june 2010)\include\dxgitype.h(26): warning C4005: 'DXGI_ERROR_DEVICE_HUNG' : macro redefinition
                 c:\program files (x86)\windows kits\8.1\include\shared\winerror.h(50079) : see previous definition of 'DXGI_ERROR_DEVICE_HUNG'
     1>d:\program files (x86)\microsoft directx sdk (june 2010)\include\dxgitype.h(27): warning C4005: 'DXGI_ERROR_DEVICE_RESET' : macro redefinition
                 c:\program files (x86)\windows kits\8.1\include\shared\winerror.h(50089) : see previous definition of 'DXGI_ERROR_DEVICE_RESET'
     1>d:\program files (x86)\microsoft directx sdk (june 2010)\include\dxgitype.h(28): warning C4005: 'DXGI_ERROR_WAS_STILL_DRAWING' : macro redefinition
                 c:\program files (x86)\windows kits\8.1\include\shared\winerror.h(50098) : see previous definition of 'DXGI_ERROR_WAS_STILL_DRAWING'
     1>d:\program files (x86)\microsoft directx sdk (june 2010)\include\dxgitype.h(29): warning C4005: 'DXGI_ERROR_FRAME_STATISTICS_DISJOINT' : macro redefinition
                 c:\program files (x86)\windows kits\8.1\include\shared\winerror.h(50108) : see previous definition of 'DXGI_ERROR_FRAME_STATISTICS_DISJOINT'
     1>d:\program files (x86)\microsoft directx sdk (june 2010)\include\dxgitype.h(30): warning C4005: 'DXGI_ERROR_GRAPHICS_VIDPN_SOURCE_IN_USE' : macro redefinition
                 c:\program files (x86)\windows kits\8.1\include\shared\winerror.h(50117) : see previous definition of 'DXGI_ERROR_GRAPHICS_VIDPN_SOURCE_IN_USE'
     1>d:\program files (x86)\microsoft directx sdk (june 2010)\include\dxgitype.h(31): warning C4005: 'DXGI_ERROR_DRIVER_INTERNAL_ERROR' : macro redefinition
                 c:\program files (x86)\windows kits\8.1\include\shared\winerror.h(50127) : see previous definition of 'DXGI_ERROR_DRIVER_INTERNAL_ERROR'
     1>d:\program files (x86)\microsoft directx sdk (june 2010)\include\dxgitype.h(32): warning C4005: 'DXGI_ERROR_NONEXCLUSIVE' : macro redefinition
                 c:\program files (x86)\windows kits\8.1\include\shared\winerror.h(50136) : see previous definition of 'DXGI_ERROR_NONEXCLUSIVE'
     1>d:\program files (x86)\microsoft directx sdk (june 2010)\include\dxgitype.h(33): warning C4005: 'DXGI_ERROR_NOT_CURRENTLY_AVAILABLE' : macro redefinition
                 c:\program files (x86)\windows kits\8.1\include\shared\winerror.h(50145) : see previous definition of 'DXGI_ERROR_NOT_CURRENTLY_AVAILABLE'
     1>d:\program files (x86)\microsoft directx sdk (june 2010)\include\dxgitype.h(34): warning C4005: 'DXGI_ERROR_REMOTE_CLIENT_DISCONNECTED' : macro redefinition
                 c:\program files (x86)\windows kits\8.1\include\shared\winerror.h(50155) : see previous definition of 'DXGI_ERROR_REMOTE_CLIENT_DISCONNECTED'
     1>d:\program files (x86)\microsoft directx sdk (june 2010)\include\dxgitype.h(35): warning C4005: 'DXGI_ERROR_REMOTE_OUTOFMEMORY' : macro redefinition
                 c:\program files (x86)\windows kits\8.1\include\shared\winerror.h(50164) : see previous definition of 'DXGI_ERROR_REMOTE_OUTOFMEMORY'
     1>d:\program files (x86)\microsoft directx sdk (june 2010)\include\d3d10.h(608): warning C4005: 'D3D10_ERROR_TOO_MANY_UNIQUE_STATE_OBJECTS' : macro redefinition
                 c:\program files (x86)\windows kits\8.1\include\shared\winerror.h(50318) : see previous definition of 'D3D10_ERROR_TOO_MANY_UNIQUE_STATE_OBJECTS'
     1>d:\program files (x86)\microsoft directx sdk (june 2010)\include\d3d10.h(609): warning C4005: 'D3D10_ERROR_FILE_NOT_FOUND' : macro redefinition
                 c:\program files (x86)\windows kits\8.1\include\shared\winerror.h(50327) : see previous definition of 'D3D10_ERROR_FILE_NOT_FOUND'
         Generating Code...
       Link:
         D:\Program Files (x86)\Microsoft Visual Studio 12.0\VC\bin\link.exe /ERRORREPORT:PROMPT /OUT:"D:\Users\Mark\Desktop\GameDevHell\DX11 Tutorials\Tutorial7\Debug\Engine.exe" /INCREMENTAL /NOLOGO d3d11.lib d3dcompiler.lib d3dx11d.lib d3dx9d.lib dxerr.lib dxguid.lib winmm.lib comctl32.lib dxgi.lib kernel32.lib user32.lib gdi32.lib winspool.lib comdlg32.lib advapi32.lib shell32.lib ole32.lib oleaut32.lib uuid.lib odbc32.lib odbccp32.lib /MANIFEST /MANIFESTUAC:"level='asInvoker' uiAccess='false'" /manifest:embed /manifestinput:"D:\Program Files (x86)\Microsoft Visual Studio 12.0\VC\Include\Manifest\dpiaware.manifest" /DEBUG /PDB:"D:\Users\Mark\Desktop\GameDevHell\DX11 Tutorials\Tutorial7\Debug\Engine.pdb" /SUBSYSTEM:WINDOWS /LARGEADDRESSAWARE /TLBID:1 /DYNAMICBASE /NXCOMPAT /IMPLIB:"D:\Users\Mark\Desktop\GameDevHell\DX11 Tutorials\Tutorial7\Debug\Engine.lib" /MACHINE:X86 Debug\cameraclass.obj
         Debug\d3dclass.obj
         Debug\graphicsclass.obj
         Debug\inputclass.obj
         Debug\lightclass.obj
         Debug\main.obj
         Debug\modelclass.obj
         Debug\systemclass.obj
         Debug\textureclass.obj
         Debug\lightshaderclass.obj
         Engine.vcxproj -> D:\Users\Mark\Desktop\GameDevHell\DX11 Tutorials\Tutorial7\Debug\Engine.exe
     1>Done Building Project "D:\Users\Mark\Desktop\GameDevHell\DX11 Tutorials\Tutorial7\Engine\Engine.vcxproj" (Build target(s)).

Build succeeded.

Time Elapsed 00:00:07.19
