Build started 10/7/2013 3:03:59 PM.
     1>Project "D:\Users\Mark\Desktop\GameDevHell\Evolves\Evolves.vcxproj" on node 2 (Build target(s)).
     1>ClCompile:
         D:\Program Files (x86)\Microsoft Visual Studio 12.0\VC\bin\CL.exe /c /IDXUT\Core /IDXUT\Optional /ZI /nologo /W3 /WX- /Od /Oy- /D WIN32 /D _DEBUG /D DEBUG /D PROFILE /D _WINDOWS /D D3DXFX_LARGEADDRESS_HANDLE /D _UNICODE /D UNICODE /Gm /EHsc /RTC1 /MDd /GS /arch:SSE2 /fp:fast /Zc:wchar_t /Zc:forScope /openmp- /Fo"Debug\\" /Fd"Debug\vc120.pdb" /Gd /TP /analyze- /errorReport:prompt Code\Bullet.cpp Code\Device.cpp Code\EnvironAsset.cpp Code\Model.cpp Code\ProgramRoot.cpp Code\Unit.cpp
         Unit.cpp
     1>d:\program files (x86)\microsoft directx sdk (june 2010)\include\dxgitype.h(12): warning C4005: 'DXGI_STATUS_OCCLUDED' : macro redefinition
                 c:\program files (x86)\windows kits\8.1\include\shared\winerror.h(49965) : see previous definition of 'DXGI_STATUS_OCCLUDED'
     1>d:\program files (x86)\microsoft directx sdk (june 2010)\include\dxgitype.h(13): warning C4005: 'DXGI_STATUS_CLIPPED' : macro redefinition
                 c:\program files (x86)\windows kits\8.1\include\shared\winerror.h(49974) : see previous definition of 'DXGI_STATUS_CLIPPED'
     1>d:\program files (x86)\microsoft directx sdk (june 2010)\include\dxgitype.h(14): warning C4005: 'DXGI_STATUS_NO_REDIRECTION' : macro redefinition
                 c:\program files (x86)\windows kits\8.1\include\shared\winerror.h(49983) : see previous definition of 'DXGI_STATUS_NO_REDIRECTION'
     1>d:\program files (x86)\microsoft directx sdk (june 2010)\include\dxgitype.h(15): warning C4005: 'DXGI_STATUS_NO_DESKTOP_ACCESS' : macro redefinition
                 c:\program files (x86)\windows kits\8.1\include\shared\winerror.h(49992) : see previous definition of 'DXGI_STATUS_NO_DESKTOP_ACCESS'
     1>d:\program files (x86)\microsoft directx sdk (june 2010)\include\dxgitype.h(16): warning C4005: 'DXGI_STATUS_GRAPHICS_VIDPN_SOURCE_IN_USE' : macro redefinition
                 c:\program files (x86)\windows kits\8.1\include\shared\winerror.h(50001) : see previous definition of 'DXGI_STATUS_GRAPHICS_VIDPN_SOURCE_IN_USE'
     1>d:\program files (x86)\microsoft directx sdk (june 2010)\include\dxgitype.h(17): warning C4005: 'DXGI_STATUS_MODE_CHANGED' : macro redefinition
                 c:\program files (x86)\windows kits\8.1\include\shared\winerror.h(50010) : see previous definition of 'DXGI_STATUS_MODE_CHANGED'
     1>d:\program files (x86)\microsoft directx sdk (june 2010)\include\dxgitype.h(18): warning C4005: 'DXGI_STATUS_MODE_CHANGE_IN_PROGRESS' : macro redefinition
                 c:\program files (x86)\windows kits\8.1\include\shared\winerror.h(50019) : see previous definition of 'DXGI_STATUS_MODE_CHANGE_IN_PROGRESS'
     1>d:\program files (x86)\microsoft directx sdk (june 2010)\include\dxgitype.h(21): warning C4005: 'DXGI_ERROR_INVALID_CALL' : macro redefinition
                 c:\program files (x86)\windows kits\8.1\include\shared\winerror.h(50034) : see previous definition of 'DXGI_ERROR_INVALID_CALL'
     1>d:\program files (x86)\microsoft directx sdk (june 2010)\include\dxgitype.h(22): warning C4005: 'DXGI_ERROR_NOT_FOUND' : macro redefinition
                 c:\program files (x86)\windows kits\8.1\include\shared\winerror.h(50043) : see previous definition of 'DXGI_ERROR_NOT_FOUND'
     1>d:\program files (x86)\microsoft directx sdk (june 2010)\include\dxgitype.h(23): warning C4005: 'DXGI_ERROR_MORE_DATA' : macro redefinition
                 c:\program files (x86)\windows kits\8.1\include\shared\winerror.h(50052) : see previous definition of 'DXGI_ERROR_MORE_DATA'
     1>d:\program files (x86)\microsoft directx sdk (june 2010)\include\dxgitype.h(24): warning C4005: 'DXGI_ERROR_UNSUPPORTED' : macro redefinition
                 c:\program files (x86)\windows kits\8.1\include\shared\winerror.h(50061) : see previous definition of 'DXGI_ERROR_UNSUPPORTED'
     1>d:\program files (x86)\microsoft directx sdk (june 2010)\include\dxgitype.h(25): warning C4005: 'DXGI_ERROR_DEVICE_REMOVED' : macro redefinition
                 c:\program files (x86)\windows kits\8.1\include\shared\winerror.h(50070) : see previous definition of 'DXGI_ERROR_DEVICE_REMOVED'
     1>d:\program files (x86)\microsoft directx sdk (june 2010)\include\dxgitype.h(26): warning C4005: 'DXGI_ERROR_DEVICE_HUNG' : macro redefinition
                 c:\program files (x86)\windows kits\8.1\include\shared\winerror.h(50079) : see previous definition of 'DXGI_ERROR_DEVICE_HUNG'
     1>d:\program files (x86)\microsoft directx sdk (june 2010)\include\dxgitype.h(27): warning C4005: 'DXGI_ERROR_DEVICE_RESET' : macro redefinition
                 c:\program files (x86)\windows kits\8.1\include\shared\winerror.h(50089) : see previous definition of 'DXGI_ERROR_DEVICE_RESET'
     1>d:\program files (x86)\microsoft directx sdk (june 2010)\include\dxgitype.h(28): warning C4005: 'DXGI_ERROR_WAS_STILL_DRAWING' : macro redefinition
                 c:\program files (x86)\windows kits\8.1\include\shared\winerror.h(50098) : see previous definition of 'DXGI_ERROR_WAS_STILL_DRAWING'
     1>d:\program files (x86)\microsoft directx sdk (june 2010)\include\dxgitype.h(29): warning C4005: 'DXGI_ERROR_FRAME_STATISTICS_DISJOINT' : macro redefinition
                 c:\program files (x86)\windows kits\8.1\include\shared\winerror.h(50108) : see previous definition of 'DXGI_ERROR_FRAME_STATISTICS_DISJOINT'
     1>d:\program files (x86)\microsoft directx sdk (june 2010)\include\dxgitype.h(30): warning C4005: 'DXGI_ERROR_GRAPHICS_VIDPN_SOURCE_IN_USE' : macro redefinition
                 c:\program files (x86)\windows kits\8.1\include\shared\winerror.h(50117) : see previous definition of 'DXGI_ERROR_GRAPHICS_VIDPN_SOURCE_IN_USE'
     1>d:\program files (x86)\microsoft directx sdk (june 2010)\include\dxgitype.h(31): warning C4005: 'DXGI_ERROR_DRIVER_INTERNAL_ERROR' : macro redefinition
                 c:\program files (x86)\windows kits\8.1\include\shared\winerror.h(50127) : see previous definition of 'DXGI_ERROR_DRIVER_INTERNAL_ERROR'
     1>d:\program files (x86)\microsoft directx sdk (june 2010)\include\dxgitype.h(32): warning C4005: 'DXGI_ERROR_NONEXCLUSIVE' : macro redefinition
                 c:\program files (x86)\windows kits\8.1\include\shared\winerror.h(50136) : see previous definition of 'DXGI_ERROR_NONEXCLUSIVE'
     1>d:\program files (x86)\microsoft directx sdk (june 2010)\include\dxgitype.h(33): warning C4005: 'DXGI_ERROR_NOT_CURRENTLY_AVAILABLE' : macro redefinition
                 c:\program files (x86)\windows kits\8.1\include\shared\winerror.h(50145) : see previous definition of 'DXGI_ERROR_NOT_CURRENTLY_AVAILABLE'
     1>d:\program files (x86)\microsoft directx sdk (june 2010)\include\dxgitype.h(34): warning C4005: 'DXGI_ERROR_REMOTE_CLIENT_DISCONNECTED' : macro redefinition
                 c:\program files (x86)\windows kits\8.1\include\shared\winerror.h(50155) : see previous definition of 'DXGI_ERROR_REMOTE_CLIENT_DISCONNECTED'
     1>d:\program files (x86)\microsoft directx sdk (june 2010)\include\dxgitype.h(35): warning C4005: 'DXGI_ERROR_REMOTE_OUTOFMEMORY' : macro redefinition
                 c:\program files (x86)\windows kits\8.1\include\shared\winerror.h(50164) : see previous definition of 'DXGI_ERROR_REMOTE_OUTOFMEMORY'
     1>d:\program files (x86)\microsoft directx sdk (june 2010)\include\d3d11.h(917): warning C4005: 'D3D11_ERROR_TOO_MANY_UNIQUE_STATE_OBJECTS' : macro redefinition
                 c:\program files (x86)\windows kits\8.1\include\shared\winerror.h(50342) : see previous definition of 'D3D11_ERROR_TOO_MANY_UNIQUE_STATE_OBJECTS'
     1>d:\program files (x86)\microsoft directx sdk (june 2010)\include\d3d11.h(918): warning C4005: 'D3D11_ERROR_FILE_NOT_FOUND' : macro redefinition
                 c:\program files (x86)\windows kits\8.1\include\shared\winerror.h(50351) : see previous definition of 'D3D11_ERROR_FILE_NOT_FOUND'
     1>d:\program files (x86)\microsoft directx sdk (june 2010)\include\d3d11.h(919): warning C4005: 'D3D11_ERROR_TOO_MANY_UNIQUE_VIEW_OBJECTS' : macro redefinition
                 c:\program files (x86)\windows kits\8.1\include\shared\winerror.h(50361) : see previous definition of 'D3D11_ERROR_TOO_MANY_UNIQUE_VIEW_OBJECTS'
     1>d:\program files (x86)\microsoft directx sdk (june 2010)\include\d3d11.h(920): warning C4005: 'D3D11_ERROR_DEFERRED_CONTEXT_MAP_WITHOUT_INITIAL_DISCARD' : macro redefinition
                 c:\program files (x86)\windows kits\8.1\include\shared\winerror.h(50370) : see previous definition of 'D3D11_ERROR_DEFERRED_CONTEXT_MAP_WITHOUT_INITIAL_DISCARD'
     1>d:\program files (x86)\microsoft directx sdk (june 2010)\include\d3d10.h(608): warning C4005: 'D3D10_ERROR_TOO_MANY_UNIQUE_STATE_OBJECTS' : macro redefinition
                 c:\program files (x86)\windows kits\8.1\include\shared\winerror.h(50318) : see previous definition of 'D3D10_ERROR_TOO_MANY_UNIQUE_STATE_OBJECTS'
     1>d:\program files (x86)\microsoft directx sdk (june 2010)\include\d3d10.h(609): warning C4005: 'D3D10_ERROR_FILE_NOT_FOUND' : macro redefinition
                 c:\program files (x86)\windows kits\8.1\include\shared\winerror.h(50327) : see previous definition of 'D3D10_ERROR_FILE_NOT_FOUND'
     1>d:\users\mark\desktop\gamedevhell\evolves\code\device.h(43): error C2146: syntax error : missing ';' before identifier 'Device'
     1>d:\users\mark\desktop\gamedevhell\evolves\code\unit.cpp(17): warning C4316: '_XMMATRIX' : object allocated on the heap may not be aligned 16
     1>d:\users\mark\desktop\gamedevhell\evolves\code\unit.cpp(22): warning C4129: 'c' : unrecognized character escape sequence
         ProgramRoot.cpp
     1>d:\program files (x86)\microsoft directx sdk (june 2010)\include\dxgitype.h(12): warning C4005: 'DXGI_STATUS_OCCLUDED' : macro redefinition
                 c:\program files (x86)\windows kits\8.1\include\shared\winerror.h(49965) : see previous definition of 'DXGI_STATUS_OCCLUDED'
     1>d:\program files (x86)\microsoft directx sdk (june 2010)\include\dxgitype.h(13): warning C4005: 'DXGI_STATUS_CLIPPED' : macro redefinition
                 c:\program files (x86)\windows kits\8.1\include\shared\winerror.h(49974) : see previous definition of 'DXGI_STATUS_CLIPPED'
     1>d:\program files (x86)\microsoft directx sdk (june 2010)\include\dxgitype.h(14): warning C4005: 'DXGI_STATUS_NO_REDIRECTION' : macro redefinition
                 c:\program files (x86)\windows kits\8.1\include\shared\winerror.h(49983) : see previous definition of 'DXGI_STATUS_NO_REDIRECTION'
     1>d:\program files (x86)\microsoft directx sdk (june 2010)\include\dxgitype.h(15): warning C4005: 'DXGI_STATUS_NO_DESKTOP_ACCESS' : macro redefinition
                 c:\program files (x86)\windows kits\8.1\include\shared\winerror.h(49992) : see previous definition of 'DXGI_STATUS_NO_DESKTOP_ACCESS'
     1>d:\program files (x86)\microsoft directx sdk (june 2010)\include\dxgitype.h(16): warning C4005: 'DXGI_STATUS_GRAPHICS_VIDPN_SOURCE_IN_USE' : macro redefinition
                 c:\program files (x86)\windows kits\8.1\include\shared\winerror.h(50001) : see previous definition of 'DXGI_STATUS_GRAPHICS_VIDPN_SOURCE_IN_USE'
     1>d:\program files (x86)\microsoft directx sdk (june 2010)\include\dxgitype.h(17): warning C4005: 'DXGI_STATUS_MODE_CHANGED' : macro redefinition
                 c:\program files (x86)\windows kits\8.1\include\shared\winerror.h(50010) : see previous definition of 'DXGI_STATUS_MODE_CHANGED'
     1>d:\program files (x86)\microsoft directx sdk (june 2010)\include\dxgitype.h(18): warning C4005: 'DXGI_STATUS_MODE_CHANGE_IN_PROGRESS' : macro redefinition
                 c:\program files (x86)\windows kits\8.1\include\shared\winerror.h(50019) : see previous definition of 'DXGI_STATUS_MODE_CHANGE_IN_PROGRESS'
     1>d:\program files (x86)\microsoft directx sdk (june 2010)\include\dxgitype.h(21): warning C4005: 'DXGI_ERROR_INVALID_CALL' : macro redefinition
                 c:\program files (x86)\windows kits\8.1\include\shared\winerror.h(50034) : see previous definition of 'DXGI_ERROR_INVALID_CALL'
     1>d:\program files (x86)\microsoft directx sdk (june 2010)\include\dxgitype.h(22): warning C4005: 'DXGI_ERROR_NOT_FOUND' : macro redefinition
                 c:\program files (x86)\windows kits\8.1\include\shared\winerror.h(50043) : see previous definition of 'DXGI_ERROR_NOT_FOUND'
     1>d:\program files (x86)\microsoft directx sdk (june 2010)\include\dxgitype.h(23): warning C4005: 'DXGI_ERROR_MORE_DATA' : macro redefinition
                 c:\program files (x86)\windows kits\8.1\include\shared\winerror.h(50052) : see previous definition of 'DXGI_ERROR_MORE_DATA'
     1>d:\program files (x86)\microsoft directx sdk (june 2010)\include\dxgitype.h(24): warning C4005: 'DXGI_ERROR_UNSUPPORTED' : macro redefinition
                 c:\program files (x86)\windows kits\8.1\include\shared\winerror.h(50061) : see previous definition of 'DXGI_ERROR_UNSUPPORTED'
     1>d:\program files (x86)\microsoft directx sdk (june 2010)\include\dxgitype.h(25): warning C4005: 'DXGI_ERROR_DEVICE_REMOVED' : macro redefinition
                 c:\program files (x86)\windows kits\8.1\include\shared\winerror.h(50070) : see previous definition of 'DXGI_ERROR_DEVICE_REMOVED'
     1>d:\program files (x86)\microsoft directx sdk (june 2010)\include\dxgitype.h(26): warning C4005: 'DXGI_ERROR_DEVICE_HUNG' : macro redefinition
                 c:\program files (x86)\windows kits\8.1\include\shared\winerror.h(50079) : see previous definition of 'DXGI_ERROR_DEVICE_HUNG'
     1>d:\program files (x86)\microsoft directx sdk (june 2010)\include\dxgitype.h(27): warning C4005: 'DXGI_ERROR_DEVICE_RESET' : macro redefinition
                 c:\program files (x86)\windows kits\8.1\include\shared\winerror.h(50089) : see previous definition of 'DXGI_ERROR_DEVICE_RESET'
     1>d:\program files (x86)\microsoft directx sdk (june 2010)\include\dxgitype.h(28): warning C4005: 'DXGI_ERROR_WAS_STILL_DRAWING' : macro redefinition
                 c:\program files (x86)\windows kits\8.1\include\shared\winerror.h(50098) : see previous definition of 'DXGI_ERROR_WAS_STILL_DRAWING'
     1>d:\program files (x86)\microsoft directx sdk (june 2010)\include\dxgitype.h(29): warning C4005: 'DXGI_ERROR_FRAME_STATISTICS_DISJOINT' : macro redefinition
                 c:\program files (x86)\windows kits\8.1\include\shared\winerror.h(50108) : see previous definition of 'DXGI_ERROR_FRAME_STATISTICS_DISJOINT'
     1>d:\program files (x86)\microsoft directx sdk (june 2010)\include\dxgitype.h(30): warning C4005: 'DXGI_ERROR_GRAPHICS_VIDPN_SOURCE_IN_USE' : macro redefinition
                 c:\program files (x86)\windows kits\8.1\include\shared\winerror.h(50117) : see previous definition of 'DXGI_ERROR_GRAPHICS_VIDPN_SOURCE_IN_USE'
     1>d:\program files (x86)\microsoft directx sdk (june 2010)\include\dxgitype.h(31): warning C4005: 'DXGI_ERROR_DRIVER_INTERNAL_ERROR' : macro redefinition
                 c:\program files (x86)\windows kits\8.1\include\shared\winerror.h(50127) : see previous definition of 'DXGI_ERROR_DRIVER_INTERNAL_ERROR'
     1>d:\program files (x86)\microsoft directx sdk (june 2010)\include\dxgitype.h(32): warning C4005: 'DXGI_ERROR_NONEXCLUSIVE' : macro redefinition
                 c:\program files (x86)\windows kits\8.1\include\shared\winerror.h(50136) : see previous definition of 'DXGI_ERROR_NONEXCLUSIVE'
     1>d:\program files (x86)\microsoft directx sdk (june 2010)\include\dxgitype.h(33): warning C4005: 'DXGI_ERROR_NOT_CURRENTLY_AVAILABLE' : macro redefinition
                 c:\program files (x86)\windows kits\8.1\include\shared\winerror.h(50145) : see previous definition of 'DXGI_ERROR_NOT_CURRENTLY_AVAILABLE'
     1>d:\program files (x86)\microsoft directx sdk (june 2010)\include\dxgitype.h(34): warning C4005: 'DXGI_ERROR_REMOTE_CLIENT_DISCONNECTED' : macro redefinition
                 c:\program files (x86)\windows kits\8.1\include\shared\winerror.h(50155) : see previous definition of 'DXGI_ERROR_REMOTE_CLIENT_DISCONNECTED'
     1>d:\program files (x86)\microsoft directx sdk (june 2010)\include\dxgitype.h(35): warning C4005: 'DXGI_ERROR_REMOTE_OUTOFMEMORY' : macro redefinition
                 c:\program files (x86)\windows kits\8.1\include\shared\winerror.h(50164) : see previous definition of 'DXGI_ERROR_REMOTE_OUTOFMEMORY'
     1>d:\program files (x86)\microsoft directx sdk (june 2010)\include\d3d11.h(917): warning C4005: 'D3D11_ERROR_TOO_MANY_UNIQUE_STATE_OBJECTS' : macro redefinition
                 c:\program files (x86)\windows kits\8.1\include\shared\winerror.h(50342) : see previous definition of 'D3D11_ERROR_TOO_MANY_UNIQUE_STATE_OBJECTS'
     1>d:\program files (x86)\microsoft directx sdk (june 2010)\include\d3d11.h(918): warning C4005: 'D3D11_ERROR_FILE_NOT_FOUND' : macro redefinition
                 c:\program files (x86)\windows kits\8.1\include\shared\winerror.h(50351) : see previous definition of 'D3D11_ERROR_FILE_NOT_FOUND'
     1>d:\program files (x86)\microsoft directx sdk (june 2010)\include\d3d11.h(919): warning C4005: 'D3D11_ERROR_TOO_MANY_UNIQUE_VIEW_OBJECTS' : macro redefinition
                 c:\program files (x86)\windows kits\8.1\include\shared\winerror.h(50361) : see previous definition of 'D3D11_ERROR_TOO_MANY_UNIQUE_VIEW_OBJECTS'
     1>d:\program files (x86)\microsoft directx sdk (june 2010)\include\d3d11.h(920): warning C4005: 'D3D11_ERROR_DEFERRED_CONTEXT_MAP_WITHOUT_INITIAL_DISCARD' : macro redefinition
                 c:\program files (x86)\windows kits\8.1\include\shared\winerror.h(50370) : see previous definition of 'D3D11_ERROR_DEFERRED_CONTEXT_MAP_WITHOUT_INITIAL_DISCARD'
     1>d:\program files (x86)\microsoft directx sdk (june 2010)\include\d3d10.h(608): warning C4005: 'D3D10_ERROR_TOO_MANY_UNIQUE_STATE_OBJECTS' : macro redefinition
                 c:\program files (x86)\windows kits\8.1\include\shared\winerror.h(50318) : see previous definition of 'D3D10_ERROR_TOO_MANY_UNIQUE_STATE_OBJECTS'
     1>d:\program files (x86)\microsoft directx sdk (june 2010)\include\d3d10.h(609): warning C4005: 'D3D10_ERROR_FILE_NOT_FOUND' : macro redefinition
                 c:\program files (x86)\windows kits\8.1\include\shared\winerror.h(50327) : see previous definition of 'D3D10_ERROR_FILE_NOT_FOUND'
     1>d:\users\mark\desktop\gamedevhell\evolves\code\device.h(43): error C2146: syntax error : missing ';' before identifier 'Device'
     1>d:\users\mark\desktop\gamedevhell\evolves\code\gamedata.h(17): warning C4067: unexpected tokens following preprocessor directive - expected a newline
     1>d:\users\mark\desktop\gamedevhell\evolves\code\environment.h(13): warning C4067: unexpected tokens following preprocessor directive - expected a newline
     1>d:\users\mark\desktop\gamedevhell\evolves\code\programroot.cpp(12): warning C4316: 'Device' : object allocated on the heap may not be aligned 16
     1>d:\users\mark\desktop\gamedevhell\evolves\code\programroot.cpp(113): error C2039: 'g_ppConstantBufferArray' : is not a member of 'Device'
                 d:\users\mark\desktop\gamedevhell\evolves\code\device.h(20) : see declaration of 'Device'
     1>d:\users\mark\desktop\gamedevhell\evolves\code\programroot.cpp(113): error C2660: 'ID3D11DeviceContext::VSSetConstantBuffers' : function does not take 2 arguments
         Model.cpp
     1>d:\program files (x86)\microsoft directx sdk (june 2010)\include\dxgitype.h(12): warning C4005: 'DXGI_STATUS_OCCLUDED' : macro redefinition
                 c:\program files (x86)\windows kits\8.1\include\shared\winerror.h(49965) : see previous definition of 'DXGI_STATUS_OCCLUDED'
     1>d:\program files (x86)\microsoft directx sdk (june 2010)\include\dxgitype.h(13): warning C4005: 'DXGI_STATUS_CLIPPED' : macro redefinition
                 c:\program files (x86)\windows kits\8.1\include\shared\winerror.h(49974) : see previous definition of 'DXGI_STATUS_CLIPPED'
     1>d:\program files (x86)\microsoft directx sdk (june 2010)\include\dxgitype.h(14): warning C4005: 'DXGI_STATUS_NO_REDIRECTION' : macro redefinition
                 c:\program files (x86)\windows kits\8.1\include\shared\winerror.h(49983) : see previous definition of 'DXGI_STATUS_NO_REDIRECTION'
     1>d:\program files (x86)\microsoft directx sdk (june 2010)\include\dxgitype.h(15): warning C4005: 'DXGI_STATUS_NO_DESKTOP_ACCESS' : macro redefinition
                 c:\program files (x86)\windows kits\8.1\include\shared\winerror.h(49992) : see previous definition of 'DXGI_STATUS_NO_DESKTOP_ACCESS'
     1>d:\program files (x86)\microsoft directx sdk (june 2010)\include\dxgitype.h(16): warning C4005: 'DXGI_STATUS_GRAPHICS_VIDPN_SOURCE_IN_USE' : macro redefinition
                 c:\program files (x86)\windows kits\8.1\include\shared\winerror.h(50001) : see previous definition of 'DXGI_STATUS_GRAPHICS_VIDPN_SOURCE_IN_USE'
     1>d:\program files (x86)\microsoft directx sdk (june 2010)\include\dxgitype.h(17): warning C4005: 'DXGI_STATUS_MODE_CHANGED' : macro redefinition
                 c:\program files (x86)\windows kits\8.1\include\shared\winerror.h(50010) : see previous definition of 'DXGI_STATUS_MODE_CHANGED'
     1>d:\program files (x86)\microsoft directx sdk (june 2010)\include\dxgitype.h(18): warning C4005: 'DXGI_STATUS_MODE_CHANGE_IN_PROGRESS' : macro redefinition
                 c:\program files (x86)\windows kits\8.1\include\shared\winerror.h(50019) : see previous definition of 'DXGI_STATUS_MODE_CHANGE_IN_PROGRESS'
     1>d:\program files (x86)\microsoft directx sdk (june 2010)\include\dxgitype.h(21): warning C4005: 'DXGI_ERROR_INVALID_CALL' : macro redefinition
                 c:\program files (x86)\windows kits\8.1\include\shared\winerror.h(50034) : see previous definition of 'DXGI_ERROR_INVALID_CALL'
     1>d:\program files (x86)\microsoft directx sdk (june 2010)\include\dxgitype.h(22): warning C4005: 'DXGI_ERROR_NOT_FOUND' : macro redefinition
                 c:\program files (x86)\windows kits\8.1\include\shared\winerror.h(50043) : see previous definition of 'DXGI_ERROR_NOT_FOUND'
     1>d:\program files (x86)\microsoft directx sdk (june 2010)\include\dxgitype.h(23): warning C4005: 'DXGI_ERROR_MORE_DATA' : macro redefinition
                 c:\program files (x86)\windows kits\8.1\include\shared\winerror.h(50052) : see previous definition of 'DXGI_ERROR_MORE_DATA'
     1>d:\program files (x86)\microsoft directx sdk (june 2010)\include\dxgitype.h(24): warning C4005: 'DXGI_ERROR_UNSUPPORTED' : macro redefinition
                 c:\program files (x86)\windows kits\8.1\include\shared\winerror.h(50061) : see previous definition of 'DXGI_ERROR_UNSUPPORTED'
     1>d:\program files (x86)\microsoft directx sdk (june 2010)\include\dxgitype.h(25): warning C4005: 'DXGI_ERROR_DEVICE_REMOVED' : macro redefinition
                 c:\program files (x86)\windows kits\8.1\include\shared\winerror.h(50070) : see previous definition of 'DXGI_ERROR_DEVICE_REMOVED'
     1>d:\program files (x86)\microsoft directx sdk (june 2010)\include\dxgitype.h(26): warning C4005: 'DXGI_ERROR_DEVICE_HUNG' : macro redefinition
                 c:\program files (x86)\windows kits\8.1\include\shared\winerror.h(50079) : see previous definition of 'DXGI_ERROR_DEVICE_HUNG'
     1>d:\program files (x86)\microsoft directx sdk (june 2010)\include\dxgitype.h(27): warning C4005: 'DXGI_ERROR_DEVICE_RESET' : macro redefinition
                 c:\program files (x86)\windows kits\8.1\include\shared\winerror.h(50089) : see previous definition of 'DXGI_ERROR_DEVICE_RESET'
     1>d:\program files (x86)\microsoft directx sdk (june 2010)\include\dxgitype.h(28): warning C4005: 'DXGI_ERROR_WAS_STILL_DRAWING' : macro redefinition
                 c:\program files (x86)\windows kits\8.1\include\shared\winerror.h(50098) : see previous definition of 'DXGI_ERROR_WAS_STILL_DRAWING'
     1>d:\program files (x86)\microsoft directx sdk (june 2010)\include\dxgitype.h(29): warning C4005: 'DXGI_ERROR_FRAME_STATISTICS_DISJOINT' : macro redefinition
                 c:\program files (x86)\windows kits\8.1\include\shared\winerror.h(50108) : see previous definition of 'DXGI_ERROR_FRAME_STATISTICS_DISJOINT'
     1>d:\program files (x86)\microsoft directx sdk (june 2010)\include\dxgitype.h(30): warning C4005: 'DXGI_ERROR_GRAPHICS_VIDPN_SOURCE_IN_USE' : macro redefinition
                 c:\program files (x86)\windows kits\8.1\include\shared\winerror.h(50117) : see previous definition of 'DXGI_ERROR_GRAPHICS_VIDPN_SOURCE_IN_USE'
     1>d:\program files (x86)\microsoft directx sdk (june 2010)\include\dxgitype.h(31): warning C4005: 'DXGI_ERROR_DRIVER_INTERNAL_ERROR' : macro redefinition
                 c:\program files (x86)\windows kits\8.1\include\shared\winerror.h(50127) : see previous definition of 'DXGI_ERROR_DRIVER_INTERNAL_ERROR'
     1>d:\program files (x86)\microsoft directx sdk (june 2010)\include\dxgitype.h(32): warning C4005: 'DXGI_ERROR_NONEXCLUSIVE' : macro redefinition
                 c:\program files (x86)\windows kits\8.1\include\shared\winerror.h(50136) : see previous definition of 'DXGI_ERROR_NONEXCLUSIVE'
     1>d:\program files (x86)\microsoft directx sdk (june 2010)\include\dxgitype.h(33): warning C4005: 'DXGI_ERROR_NOT_CURRENTLY_AVAILABLE' : macro redefinition
                 c:\program files (x86)\windows kits\8.1\include\shared\winerror.h(50145) : see previous definition of 'DXGI_ERROR_NOT_CURRENTLY_AVAILABLE'
     1>d:\program files (x86)\microsoft directx sdk (june 2010)\include\dxgitype.h(34): warning C4005: 'DXGI_ERROR_REMOTE_CLIENT_DISCONNECTED' : macro redefinition
                 c:\program files (x86)\windows kits\8.1\include\shared\winerror.h(50155) : see previous definition of 'DXGI_ERROR_REMOTE_CLIENT_DISCONNECTED'
     1>d:\program files (x86)\microsoft directx sdk (june 2010)\include\dxgitype.h(35): warning C4005: 'DXGI_ERROR_REMOTE_OUTOFMEMORY' : macro redefinition
                 c:\program files (x86)\windows kits\8.1\include\shared\winerror.h(50164) : see previous definition of 'DXGI_ERROR_REMOTE_OUTOFMEMORY'
     1>d:\program files (x86)\microsoft directx sdk (june 2010)\include\d3d11.h(917): warning C4005: 'D3D11_ERROR_TOO_MANY_UNIQUE_STATE_OBJECTS' : macro redefinition
                 c:\program files (x86)\windows kits\8.1\include\shared\winerror.h(50342) : see previous definition of 'D3D11_ERROR_TOO_MANY_UNIQUE_STATE_OBJECTS'
     1>d:\program files (x86)\microsoft directx sdk (june 2010)\include\d3d11.h(918): warning C4005: 'D3D11_ERROR_FILE_NOT_FOUND' : macro redefinition
                 c:\program files (x86)\windows kits\8.1\include\shared\winerror.h(50351) : see previous definition of 'D3D11_ERROR_FILE_NOT_FOUND'
     1>d:\program files (x86)\microsoft directx sdk (june 2010)\include\d3d11.h(919): warning C4005: 'D3D11_ERROR_TOO_MANY_UNIQUE_VIEW_OBJECTS' : macro redefinition
                 c:\program files (x86)\windows kits\8.1\include\shared\winerror.h(50361) : see previous definition of 'D3D11_ERROR_TOO_MANY_UNIQUE_VIEW_OBJECTS'
     1>d:\program files (x86)\microsoft directx sdk (june 2010)\include\d3d11.h(920): warning C4005: 'D3D11_ERROR_DEFERRED_CONTEXT_MAP_WITHOUT_INITIAL_DISCARD' : macro redefinition
                 c:\program files (x86)\windows kits\8.1\include\shared\winerror.h(50370) : see previous definition of 'D3D11_ERROR_DEFERRED_CONTEXT_MAP_WITHOUT_INITIAL_DISCARD'
     1>d:\program files (x86)\microsoft directx sdk (june 2010)\include\d3d10.h(608): warning C4005: 'D3D10_ERROR_TOO_MANY_UNIQUE_STATE_OBJECTS' : macro redefinition
                 c:\program files (x86)\windows kits\8.1\include\shared\winerror.h(50318) : see previous definition of 'D3D10_ERROR_TOO_MANY_UNIQUE_STATE_OBJECTS'
     1>d:\program files (x86)\microsoft directx sdk (june 2010)\include\d3d10.h(609): warning C4005: 'D3D10_ERROR_FILE_NOT_FOUND' : macro redefinition
                 c:\program files (x86)\windows kits\8.1\include\shared\winerror.h(50327) : see previous definition of 'D3D10_ERROR_FILE_NOT_FOUND'
     1>d:\users\mark\desktop\gamedevhell\evolves\code\device.h(43): error C2146: syntax error : missing ';' before identifier 'Device'
         EnvironAsset.cpp
     1>d:\program files (x86)\microsoft directx sdk (june 2010)\include\dxgitype.h(12): warning C4005: 'DXGI_STATUS_OCCLUDED' : macro redefinition
                 c:\program files (x86)\windows kits\8.1\include\shared\winerror.h(49965) : see previous definition of 'DXGI_STATUS_OCCLUDED'
     1>d:\program files (x86)\microsoft directx sdk (june 2010)\include\dxgitype.h(13): warning C4005: 'DXGI_STATUS_CLIPPED' : macro redefinition
                 c:\program files (x86)\windows kits\8.1\include\shared\winerror.h(49974) : see previous definition of 'DXGI_STATUS_CLIPPED'
     1>d:\program files (x86)\microsoft directx sdk (june 2010)\include\dxgitype.h(14): warning C4005: 'DXGI_STATUS_NO_REDIRECTION' : macro redefinition
                 c:\program files (x86)\windows kits\8.1\include\shared\winerror.h(49983) : see previous definition of 'DXGI_STATUS_NO_REDIRECTION'
     1>d:\program files (x86)\microsoft directx sdk (june 2010)\include\dxgitype.h(15): warning C4005: 'DXGI_STATUS_NO_DESKTOP_ACCESS' : macro redefinition
                 c:\program files (x86)\windows kits\8.1\include\shared\winerror.h(49992) : see previous definition of 'DXGI_STATUS_NO_DESKTOP_ACCESS'
     1>d:\program files (x86)\microsoft directx sdk (june 2010)\include\dxgitype.h(16): warning C4005: 'DXGI_STATUS_GRAPHICS_VIDPN_SOURCE_IN_USE' : macro redefinition
                 c:\program files (x86)\windows kits\8.1\include\shared\winerror.h(50001) : see previous definition of 'DXGI_STATUS_GRAPHICS_VIDPN_SOURCE_IN_USE'
     1>d:\program files (x86)\microsoft directx sdk (june 2010)\include\dxgitype.h(17): warning C4005: 'DXGI_STATUS_MODE_CHANGED' : macro redefinition
                 c:\program files (x86)\windows kits\8.1\include\shared\winerror.h(50010) : see previous definition of 'DXGI_STATUS_MODE_CHANGED'
     1>d:\program files (x86)\microsoft directx sdk (june 2010)\include\dxgitype.h(18): warning C4005: 'DXGI_STATUS_MODE_CHANGE_IN_PROGRESS' : macro redefinition
                 c:\program files (x86)\windows kits\8.1\include\shared\winerror.h(50019) : see previous definition of 'DXGI_STATUS_MODE_CHANGE_IN_PROGRESS'
     1>d:\program files (x86)\microsoft directx sdk (june 2010)\include\dxgitype.h(21): warning C4005: 'DXGI_ERROR_INVALID_CALL' : macro redefinition
                 c:\program files (x86)\windows kits\8.1\include\shared\winerror.h(50034) : see previous definition of 'DXGI_ERROR_INVALID_CALL'
     1>d:\program files (x86)\microsoft directx sdk (june 2010)\include\dxgitype.h(22): warning C4005: 'DXGI_ERROR_NOT_FOUND' : macro redefinition
                 c:\program files (x86)\windows kits\8.1\include\shared\winerror.h(50043) : see previous definition of 'DXGI_ERROR_NOT_FOUND'
     1>d:\program files (x86)\microsoft directx sdk (june 2010)\include\dxgitype.h(23): warning C4005: 'DXGI_ERROR_MORE_DATA' : macro redefinition
                 c:\program files (x86)\windows kits\8.1\include\shared\winerror.h(50052) : see previous definition of 'DXGI_ERROR_MORE_DATA'
     1>d:\program files (x86)\microsoft directx sdk (june 2010)\include\dxgitype.h(24): warning C4005: 'DXGI_ERROR_UNSUPPORTED' : macro redefinition
                 c:\program files (x86)\windows kits\8.1\include\shared\winerror.h(50061) : see previous definition of 'DXGI_ERROR_UNSUPPORTED'
     1>d:\program files (x86)\microsoft directx sdk (june 2010)\include\dxgitype.h(25): warning C4005: 'DXGI_ERROR_DEVICE_REMOVED' : macro redefinition
                 c:\program files (x86)\windows kits\8.1\include\shared\winerror.h(50070) : see previous definition of 'DXGI_ERROR_DEVICE_REMOVED'
     1>d:\program files (x86)\microsoft directx sdk (june 2010)\include\dxgitype.h(26): warning C4005: 'DXGI_ERROR_DEVICE_HUNG' : macro redefinition
                 c:\program files (x86)\windows kits\8.1\include\shared\winerror.h(50079) : see previous definition of 'DXGI_ERROR_DEVICE_HUNG'
     1>d:\program files (x86)\microsoft directx sdk (june 2010)\include\dxgitype.h(27): warning C4005: 'DXGI_ERROR_DEVICE_RESET' : macro redefinition
                 c:\program files (x86)\windows kits\8.1\include\shared\winerror.h(50089) : see previous definition of 'DXGI_ERROR_DEVICE_RESET'
     1>d:\program files (x86)\microsoft directx sdk (june 2010)\include\dxgitype.h(28): warning C4005: 'DXGI_ERROR_WAS_STILL_DRAWING' : macro redefinition
                 c:\program files (x86)\windows kits\8.1\include\shared\winerror.h(50098) : see previous definition of 'DXGI_ERROR_WAS_STILL_DRAWING'
     1>d:\program files (x86)\microsoft directx sdk (june 2010)\include\dxgitype.h(29): warning C4005: 'DXGI_ERROR_FRAME_STATISTICS_DISJOINT' : macro redefinition
                 c:\program files (x86)\windows kits\8.1\include\shared\winerror.h(50108) : see previous definition of 'DXGI_ERROR_FRAME_STATISTICS_DISJOINT'
     1>d:\program files (x86)\microsoft directx sdk (june 2010)\include\dxgitype.h(30): warning C4005: 'DXGI_ERROR_GRAPHICS_VIDPN_SOURCE_IN_USE' : macro redefinition
                 c:\program files (x86)\windows kits\8.1\include\shared\winerror.h(50117) : see previous definition of 'DXGI_ERROR_GRAPHICS_VIDPN_SOURCE_IN_USE'
     1>d:\program files (x86)\microsoft directx sdk (june 2010)\include\dxgitype.h(31): warning C4005: 'DXGI_ERROR_DRIVER_INTERNAL_ERROR' : macro redefinition
                 c:\program files (x86)\windows kits\8.1\include\shared\winerror.h(50127) : see previous definition of 'DXGI_ERROR_DRIVER_INTERNAL_ERROR'
     1>d:\program files (x86)\microsoft directx sdk (june 2010)\include\dxgitype.h(32): warning C4005: 'DXGI_ERROR_NONEXCLUSIVE' : macro redefinition
                 c:\program files (x86)\windows kits\8.1\include\shared\winerror.h(50136) : see previous definition of 'DXGI_ERROR_NONEXCLUSIVE'
     1>d:\program files (x86)\microsoft directx sdk (june 2010)\include\dxgitype.h(33): warning C4005: 'DXGI_ERROR_NOT_CURRENTLY_AVAILABLE' : macro redefinition
                 c:\program files (x86)\windows kits\8.1\include\shared\winerror.h(50145) : see previous definition of 'DXGI_ERROR_NOT_CURRENTLY_AVAILABLE'
     1>d:\program files (x86)\microsoft directx sdk (june 2010)\include\dxgitype.h(34): warning C4005: 'DXGI_ERROR_REMOTE_CLIENT_DISCONNECTED' : macro redefinition
                 c:\program files (x86)\windows kits\8.1\include\shared\winerror.h(50155) : see previous definition of 'DXGI_ERROR_REMOTE_CLIENT_DISCONNECTED'
     1>d:\program files (x86)\microsoft directx sdk (june 2010)\include\dxgitype.h(35): warning C4005: 'DXGI_ERROR_REMOTE_OUTOFMEMORY' : macro redefinition
                 c:\program files (x86)\windows kits\8.1\include\shared\winerror.h(50164) : see previous definition of 'DXGI_ERROR_REMOTE_OUTOFMEMORY'
     1>d:\program files (x86)\microsoft directx sdk (june 2010)\include\d3d11.h(917): warning C4005: 'D3D11_ERROR_TOO_MANY_UNIQUE_STATE_OBJECTS' : macro redefinition
                 c:\program files (x86)\windows kits\8.1\include\shared\winerror.h(50342) : see previous definition of 'D3D11_ERROR_TOO_MANY_UNIQUE_STATE_OBJECTS'
     1>d:\program files (x86)\microsoft directx sdk (june 2010)\include\d3d11.h(918): warning C4005: 'D3D11_ERROR_FILE_NOT_FOUND' : macro redefinition
                 c:\program files (x86)\windows kits\8.1\include\shared\winerror.h(50351) : see previous definition of 'D3D11_ERROR_FILE_NOT_FOUND'
     1>d:\program files (x86)\microsoft directx sdk (june 2010)\include\d3d11.h(919): warning C4005: 'D3D11_ERROR_TOO_MANY_UNIQUE_VIEW_OBJECTS' : macro redefinition
                 c:\program files (x86)\windows kits\8.1\include\shared\winerror.h(50361) : see previous definition of 'D3D11_ERROR_TOO_MANY_UNIQUE_VIEW_OBJECTS'
     1>d:\program files (x86)\microsoft directx sdk (june 2010)\include\d3d11.h(920): warning C4005: 'D3D11_ERROR_DEFERRED_CONTEXT_MAP_WITHOUT_INITIAL_DISCARD' : macro redefinition
                 c:\program files (x86)\windows kits\8.1\include\shared\winerror.h(50370) : see previous definition of 'D3D11_ERROR_DEFERRED_CONTEXT_MAP_WITHOUT_INITIAL_DISCARD'
     1>d:\program files (x86)\microsoft directx sdk (june 2010)\include\d3d10.h(608): warning C4005: 'D3D10_ERROR_TOO_MANY_UNIQUE_STATE_OBJECTS' : macro redefinition
                 c:\program files (x86)\windows kits\8.1\include\shared\winerror.h(50318) : see previous definition of 'D3D10_ERROR_TOO_MANY_UNIQUE_STATE_OBJECTS'
     1>d:\program files (x86)\microsoft directx sdk (june 2010)\include\d3d10.h(609): warning C4005: 'D3D10_ERROR_FILE_NOT_FOUND' : macro redefinition
                 c:\program files (x86)\windows kits\8.1\include\shared\winerror.h(50327) : see previous definition of 'D3D10_ERROR_FILE_NOT_FOUND'
     1>d:\users\mark\desktop\gamedevhell\evolves\code\environasset.cpp(7): error C2039: 'setSquare' : is not a member of 'Model'
                 d:\users\mark\desktop\gamedevhell\evolves\code\model.h(20) : see declaration of 'Model'
         Device.cpp
     1>d:\program files (x86)\microsoft directx sdk (june 2010)\include\dxgitype.h(12): warning C4005: 'DXGI_STATUS_OCCLUDED' : macro redefinition
                 c:\program files (x86)\windows kits\8.1\include\shared\winerror.h(49965) : see previous definition of 'DXGI_STATUS_OCCLUDED'
     1>d:\program files (x86)\microsoft directx sdk (june 2010)\include\dxgitype.h(13): warning C4005: 'DXGI_STATUS_CLIPPED' : macro redefinition
                 c:\program files (x86)\windows kits\8.1\include\shared\winerror.h(49974) : see previous definition of 'DXGI_STATUS_CLIPPED'
     1>d:\program files (x86)\microsoft directx sdk (june 2010)\include\dxgitype.h(14): warning C4005: 'DXGI_STATUS_NO_REDIRECTION' : macro redefinition
                 c:\program files (x86)\windows kits\8.1\include\shared\winerror.h(49983) : see previous definition of 'DXGI_STATUS_NO_REDIRECTION'
     1>d:\program files (x86)\microsoft directx sdk (june 2010)\include\dxgitype.h(15): warning C4005: 'DXGI_STATUS_NO_DESKTOP_ACCESS' : macro redefinition
                 c:\program files (x86)\windows kits\8.1\include\shared\winerror.h(49992) : see previous definition of 'DXGI_STATUS_NO_DESKTOP_ACCESS'
     1>d:\program files (x86)\microsoft directx sdk (june 2010)\include\dxgitype.h(16): warning C4005: 'DXGI_STATUS_GRAPHICS_VIDPN_SOURCE_IN_USE' : macro redefinition
                 c:\program files (x86)\windows kits\8.1\include\shared\winerror.h(50001) : see previous definition of 'DXGI_STATUS_GRAPHICS_VIDPN_SOURCE_IN_USE'
     1>d:\program files (x86)\microsoft directx sdk (june 2010)\include\dxgitype.h(17): warning C4005: 'DXGI_STATUS_MODE_CHANGED' : macro redefinition
                 c:\program files (x86)\windows kits\8.1\include\shared\winerror.h(50010) : see previous definition of 'DXGI_STATUS_MODE_CHANGED'
     1>d:\program files (x86)\microsoft directx sdk (june 2010)\include\dxgitype.h(18): warning C4005: 'DXGI_STATUS_MODE_CHANGE_IN_PROGRESS' : macro redefinition
                 c:\program files (x86)\windows kits\8.1\include\shared\winerror.h(50019) : see previous definition of 'DXGI_STATUS_MODE_CHANGE_IN_PROGRESS'
     1>d:\program files (x86)\microsoft directx sdk (june 2010)\include\dxgitype.h(21): warning C4005: 'DXGI_ERROR_INVALID_CALL' : macro redefinition
                 c:\program files (x86)\windows kits\8.1\include\shared\winerror.h(50034) : see previous definition of 'DXGI_ERROR_INVALID_CALL'
     1>d:\program files (x86)\microsoft directx sdk (june 2010)\include\dxgitype.h(22): warning C4005: 'DXGI_ERROR_NOT_FOUND' : macro redefinition
                 c:\program files (x86)\windows kits\8.1\include\shared\winerror.h(50043) : see previous definition of 'DXGI_ERROR_NOT_FOUND'
     1>d:\program files (x86)\microsoft directx sdk (june 2010)\include\dxgitype.h(23): warning C4005: 'DXGI_ERROR_MORE_DATA' : macro redefinition
                 c:\program files (x86)\windows kits\8.1\include\shared\winerror.h(50052) : see previous definition of 'DXGI_ERROR_MORE_DATA'
     1>d:\program files (x86)\microsoft directx sdk (june 2010)\include\dxgitype.h(24): warning C4005: 'DXGI_ERROR_UNSUPPORTED' : macro redefinition
                 c:\program files (x86)\windows kits\8.1\include\shared\winerror.h(50061) : see previous definition of 'DXGI_ERROR_UNSUPPORTED'
     1>d:\program files (x86)\microsoft directx sdk (june 2010)\include\dxgitype.h(25): warning C4005: 'DXGI_ERROR_DEVICE_REMOVED' : macro redefinition
                 c:\program files (x86)\windows kits\8.1\include\shared\winerror.h(50070) : see previous definition of 'DXGI_ERROR_DEVICE_REMOVED'
     1>d:\program files (x86)\microsoft directx sdk (june 2010)\include\dxgitype.h(26): warning C4005: 'DXGI_ERROR_DEVICE_HUNG' : macro redefinition
                 c:\program files (x86)\windows kits\8.1\include\shared\winerror.h(50079) : see previous definition of 'DXGI_ERROR_DEVICE_HUNG'
     1>d:\program files (x86)\microsoft directx sdk (june 2010)\include\dxgitype.h(27): warning C4005: 'DXGI_ERROR_DEVICE_RESET' : macro redefinition
                 c:\program files (x86)\windows kits\8.1\include\shared\winerror.h(50089) : see previous definition of 'DXGI_ERROR_DEVICE_RESET'
     1>d:\program files (x86)\microsoft directx sdk (june 2010)\include\dxgitype.h(28): warning C4005: 'DXGI_ERROR_WAS_STILL_DRAWING' : macro redefinition
                 c:\program files (x86)\windows kits\8.1\include\shared\winerror.h(50098) : see previous definition of 'DXGI_ERROR_WAS_STILL_DRAWING'
     1>d:\program files (x86)\microsoft directx sdk (june 2010)\include\dxgitype.h(29): warning C4005: 'DXGI_ERROR_FRAME_STATISTICS_DISJOINT' : macro redefinition
                 c:\program files (x86)\windows kits\8.1\include\shared\winerror.h(50108) : see previous definition of 'DXGI_ERROR_FRAME_STATISTICS_DISJOINT'
     1>d:\program files (x86)\microsoft directx sdk (june 2010)\include\dxgitype.h(30): warning C4005: 'DXGI_ERROR_GRAPHICS_VIDPN_SOURCE_IN_USE' : macro redefinition
                 c:\program files (x86)\windows kits\8.1\include\shared\winerror.h(50117) : see previous definition of 'DXGI_ERROR_GRAPHICS_VIDPN_SOURCE_IN_USE'
     1>d:\program files (x86)\microsoft directx sdk (june 2010)\include\dxgitype.h(31): warning C4005: 'DXGI_ERROR_DRIVER_INTERNAL_ERROR' : macro redefinition
                 c:\program files (x86)\windows kits\8.1\include\shared\winerror.h(50127) : see previous definition of 'DXGI_ERROR_DRIVER_INTERNAL_ERROR'
     1>d:\program files (x86)\microsoft directx sdk (june 2010)\include\dxgitype.h(32): warning C4005: 'DXGI_ERROR_NONEXCLUSIVE' : macro redefinition
                 c:\program files (x86)\windows kits\8.1\include\shared\winerror.h(50136) : see previous definition of 'DXGI_ERROR_NONEXCLUSIVE'
     1>d:\program files (x86)\microsoft directx sdk (june 2010)\include\dxgitype.h(33): warning C4005: 'DXGI_ERROR_NOT_CURRENTLY_AVAILABLE' : macro redefinition
                 c:\program files (x86)\windows kits\8.1\include\shared\winerror.h(50145) : see previous definition of 'DXGI_ERROR_NOT_CURRENTLY_AVAILABLE'
     1>d:\program files (x86)\microsoft directx sdk (june 2010)\include\dxgitype.h(34): warning C4005: 'DXGI_ERROR_REMOTE_CLIENT_DISCONNECTED' : macro redefinition
                 c:\program files (x86)\windows kits\8.1\include\shared\winerror.h(50155) : see previous definition of 'DXGI_ERROR_REMOTE_CLIENT_DISCONNECTED'
     1>d:\program files (x86)\microsoft directx sdk (june 2010)\include\dxgitype.h(35): warning C4005: 'DXGI_ERROR_REMOTE_OUTOFMEMORY' : macro redefinition
                 c:\program files (x86)\windows kits\8.1\include\shared\winerror.h(50164) : see previous definition of 'DXGI_ERROR_REMOTE_OUTOFMEMORY'
     1>d:\program files (x86)\microsoft directx sdk (june 2010)\include\d3d11.h(917): warning C4005: 'D3D11_ERROR_TOO_MANY_UNIQUE_STATE_OBJECTS' : macro redefinition
                 c:\program files (x86)\windows kits\8.1\include\shared\winerror.h(50342) : see previous definition of 'D3D11_ERROR_TOO_MANY_UNIQUE_STATE_OBJECTS'
     1>d:\program files (x86)\microsoft directx sdk (june 2010)\include\d3d11.h(918): warning C4005: 'D3D11_ERROR_FILE_NOT_FOUND' : macro redefinition
                 c:\program files (x86)\windows kits\8.1\include\shared\winerror.h(50351) : see previous definition of 'D3D11_ERROR_FILE_NOT_FOUND'
     1>d:\program files (x86)\microsoft directx sdk (june 2010)\include\d3d11.h(919): warning C4005: 'D3D11_ERROR_TOO_MANY_UNIQUE_VIEW_OBJECTS' : macro redefinition
                 c:\program files (x86)\windows kits\8.1\include\shared\winerror.h(50361) : see previous definition of 'D3D11_ERROR_TOO_MANY_UNIQUE_VIEW_OBJECTS'
     1>d:\program files (x86)\microsoft directx sdk (june 2010)\include\d3d11.h(920): warning C4005: 'D3D11_ERROR_DEFERRED_CONTEXT_MAP_WITHOUT_INITIAL_DISCARD' : macro redefinition
                 c:\program files (x86)\windows kits\8.1\include\shared\winerror.h(50370) : see previous definition of 'D3D11_ERROR_DEFERRED_CONTEXT_MAP_WITHOUT_INITIAL_DISCARD'
     1>d:\program files (x86)\microsoft directx sdk (june 2010)\include\d3d10.h(608): warning C4005: 'D3D10_ERROR_TOO_MANY_UNIQUE_STATE_OBJECTS' : macro redefinition
                 c:\program files (x86)\windows kits\8.1\include\shared\winerror.h(50318) : see previous definition of 'D3D10_ERROR_TOO_MANY_UNIQUE_STATE_OBJECTS'
     1>d:\program files (x86)\microsoft directx sdk (june 2010)\include\d3d10.h(609): warning C4005: 'D3D10_ERROR_FILE_NOT_FOUND' : macro redefinition
                 c:\program files (x86)\windows kits\8.1\include\shared\winerror.h(50327) : see previous definition of 'D3D10_ERROR_FILE_NOT_FOUND'
     1>d:\users\mark\desktop\gamedevhell\evolves\code\device.h(43): error C2146: syntax error : missing ';' before identifier 'Device'
     1>d:\users\mark\desktop\gamedevhell\evolves\code\device.cpp(37): error C2039: 'InitPipeline' : is not a member of 'Device'
                 d:\users\mark\desktop\gamedevhell\evolves\code\device.h(20) : see declaration of 'Device'
     1>d:\users\mark\desktop\gamedevhell\evolves\code\device.cpp(43): error C3861: 'CompileShaderFromFile': identifier not found
     1>d:\users\mark\desktop\gamedevhell\evolves\code\device.cpp(47): error C3861: 'CompileShaderFromFile': identifier not found
     1>d:\users\mark\desktop\gamedevhell\evolves\code\device.cpp(52): error C2065: 'pDev' : undeclared identifier
     1>d:\users\mark\desktop\gamedevhell\evolves\code\device.cpp(52): error C2227: left of '->CreateVertexShader' must point to class/struct/union/generic type
                 type is 'unknown-type'
     1>d:\users\mark\desktop\gamedevhell\evolves\code\device.cpp(52): error C2065: 'pVertexShader' : undeclared identifier
     1>d:\users\mark\desktop\gamedevhell\evolves\code\device.cpp(56): error C2065: 'pDev' : undeclared identifier
     1>d:\users\mark\desktop\gamedevhell\evolves\code\device.cpp(56): error C2227: left of '->CreatePixelShader' must point to class/struct/union/generic type
                 type is 'unknown-type'
     1>d:\users\mark\desktop\gamedevhell\evolves\code\device.cpp(56): error C2065: 'pPixelShader' : undeclared identifier
     1>d:\users\mark\desktop\gamedevhell\evolves\code\device.cpp(66): error C2065: 'pDev' : undeclared identifier
     1>d:\users\mark\desktop\gamedevhell\evolves\code\device.cpp(66): error C2227: left of '->CreateInputLayout' must point to class/struct/union/generic type
                 type is 'unknown-type'
     1>d:\users\mark\desktop\gamedevhell\evolves\code\device.cpp(66): error C2065: 'pVertexLayout' : undeclared identifier
     1>d:\users\mark\desktop\gamedevhell\evolves\code\device.cpp(70): error C2065: 'pDevContext' : undeclared identifier
     1>d:\users\mark\desktop\gamedevhell\evolves\code\device.cpp(70): error C2227: left of '->IASetInputLayout' must point to class/struct/union/generic type
                 type is 'unknown-type'
     1>d:\users\mark\desktop\gamedevhell\evolves\code\device.cpp(70): error C2065: 'pVertexLayout' : undeclared identifier
     1>d:\users\mark\desktop\gamedevhell\evolves\code\device.cpp(75): error C2039: 'InitD3D' : is not a member of 'Device'
                 d:\users\mark\desktop\gamedevhell\evolves\code\device.h(20) : see declaration of 'Device'
     1>d:\users\mark\desktop\gamedevhell\evolves\code\device.cpp(127): error C2065: 'driverType' : undeclared identifier
     1>d:\users\mark\desktop\gamedevhell\evolves\code\device.cpp(128): error C2065: 'driverType' : undeclared identifier
     1>d:\users\mark\desktop\gamedevhell\evolves\code\device.cpp(129): error C2065: 'pSwapChain' : undeclared identifier
     1>d:\users\mark\desktop\gamedevhell\evolves\code\device.cpp(129): error C2065: 'pDev' : undeclared identifier
     1>d:\users\mark\desktop\gamedevhell\evolves\code\device.cpp(129): error C2065: 'featureLevel' : undeclared identifier
     1>d:\users\mark\desktop\gamedevhell\evolves\code\device.cpp(129): error C2065: 'pDevContext' : undeclared identifier
     1>d:\users\mark\desktop\gamedevhell\evolves\code\device.cpp(143): error C2065: 'pSwapChain' : undeclared identifier
     1>d:\users\mark\desktop\gamedevhell\evolves\code\device.cpp(143): error C2227: left of '->GetBuffer' must point to class/struct/union/generic type
                 type is 'unknown-type'
     1>d:\users\mark\desktop\gamedevhell\evolves\code\device.cpp(148): error C2065: 'pDev' : undeclared identifier
     1>d:\users\mark\desktop\gamedevhell\evolves\code\device.cpp(148): error C2227: left of '->CreateRenderTargetView' must point to class/struct/union/generic type
                 type is 'unknown-type'
     1>d:\users\mark\desktop\gamedevhell\evolves\code\device.cpp(148): error C2065: 'pRenderTargetView' : undeclared identifier
     1>d:\users\mark\desktop\gamedevhell\evolves\code\device.cpp(154): error C2065: 'pDevContext' : undeclared identifier
     1>d:\users\mark\desktop\gamedevhell\evolves\code\device.cpp(154): error C2227: left of '->OMSetRenderTargets' must point to class/struct/union/generic type
                 type is 'unknown-type'
     1>d:\users\mark\desktop\gamedevhell\evolves\code\device.cpp(154): error C2065: 'pRenderTargetView' : undeclared identifier
     1>d:\users\mark\desktop\gamedevhell\evolves\code\device.cpp(167): error C3861: 'compileVShader': identifier not found
     1>d:\users\mark\desktop\gamedevhell\evolves\code\device.cpp(170): error C2065: 'g_pImmediateContext' : undeclared identifier
     1>d:\users\mark\desktop\gamedevhell\evolves\code\device.cpp(170): error C2227: left of '->IASetInputLayout' must point to class/struct/union/generic type
                 type is 'unknown-type'
     1>d:\users\mark\desktop\gamedevhell\evolves\code\device.cpp(170): error C2065: 'g_pVertexLayout' : undeclared identifier
     1>d:\users\mark\desktop\gamedevhell\evolves\code\device.cpp(173): error C3861: 'compilePShader': identifier not found
     1>d:\users\mark\desktop\gamedevhell\evolves\code\device.cpp(179): error C2065: 'g_View' : undeclared identifier
     1>d:\users\mark\desktop\gamedevhell\evolves\code\device.cpp(190): error C2065: 'g_pd3dDevice' : undeclared identifier
     1>d:\users\mark\desktop\gamedevhell\evolves\code\device.cpp(190): error C2227: left of '->CreateBuffer' must point to class/struct/union/generic type
                 type is 'unknown-type'
     1>d:\users\mark\desktop\gamedevhell\evolves\code\device.cpp(190): error C2065: 'g_pConstantBuffer' : undeclared identifier
     1>d:\users\mark\desktop\gamedevhell\evolves\code\device.cpp(194): error C2065: 'g_pImmediateContext' : undeclared identifier
     1>d:\users\mark\desktop\gamedevhell\evolves\code\device.cpp(194): error C2227: left of '->UpdateSubresource' must point to class/struct/union/generic type
                 type is 'unknown-type'
     1>d:\users\mark\desktop\gamedevhell\evolves\code\device.cpp(194): error C2065: 'g_pConstantBuffer' : undeclared identifier
     1>d:\users\mark\desktop\gamedevhell\evolves\code\device.cpp(194): error C2065: 'cb' : undeclared identifier
     1>d:\users\mark\desktop\gamedevhell\evolves\code\device.cpp(196): error C3861: 'InitGraphics': identifier not found
         Bullet.cpp
     1>d:\program files (x86)\microsoft directx sdk (june 2010)\include\dxgitype.h(12): warning C4005: 'DXGI_STATUS_OCCLUDED' : macro redefinition
                 c:\program files (x86)\windows kits\8.1\include\shared\winerror.h(49965) : see previous definition of 'DXGI_STATUS_OCCLUDED'
     1>d:\program files (x86)\microsoft directx sdk (june 2010)\include\dxgitype.h(13): warning C4005: 'DXGI_STATUS_CLIPPED' : macro redefinition
                 c:\program files (x86)\windows kits\8.1\include\shared\winerror.h(49974) : see previous definition of 'DXGI_STATUS_CLIPPED'
     1>d:\program files (x86)\microsoft directx sdk (june 2010)\include\dxgitype.h(14): warning C4005: 'DXGI_STATUS_NO_REDIRECTION' : macro redefinition
                 c:\program files (x86)\windows kits\8.1\include\shared\winerror.h(49983) : see previous definition of 'DXGI_STATUS_NO_REDIRECTION'
     1>d:\program files (x86)\microsoft directx sdk (june 2010)\include\dxgitype.h(15): warning C4005: 'DXGI_STATUS_NO_DESKTOP_ACCESS' : macro redefinition
                 c:\program files (x86)\windows kits\8.1\include\shared\winerror.h(49992) : see previous definition of 'DXGI_STATUS_NO_DESKTOP_ACCESS'
     1>d:\program files (x86)\microsoft directx sdk (june 2010)\include\dxgitype.h(16): warning C4005: 'DXGI_STATUS_GRAPHICS_VIDPN_SOURCE_IN_USE' : macro redefinition
                 c:\program files (x86)\windows kits\8.1\include\shared\winerror.h(50001) : see previous definition of 'DXGI_STATUS_GRAPHICS_VIDPN_SOURCE_IN_USE'
     1>d:\program files (x86)\microsoft directx sdk (june 2010)\include\dxgitype.h(17): warning C4005: 'DXGI_STATUS_MODE_CHANGED' : macro redefinition
                 c:\program files (x86)\windows kits\8.1\include\shared\winerror.h(50010) : see previous definition of 'DXGI_STATUS_MODE_CHANGED'
     1>d:\program files (x86)\microsoft directx sdk (june 2010)\include\dxgitype.h(18): warning C4005: 'DXGI_STATUS_MODE_CHANGE_IN_PROGRESS' : macro redefinition
                 c:\program files (x86)\windows kits\8.1\include\shared\winerror.h(50019) : see previous definition of 'DXGI_STATUS_MODE_CHANGE_IN_PROGRESS'
     1>d:\program files (x86)\microsoft directx sdk (june 2010)\include\dxgitype.h(21): warning C4005: 'DXGI_ERROR_INVALID_CALL' : macro redefinition
                 c:\program files (x86)\windows kits\8.1\include\shared\winerror.h(50034) : see previous definition of 'DXGI_ERROR_INVALID_CALL'
     1>d:\program files (x86)\microsoft directx sdk (june 2010)\include\dxgitype.h(22): warning C4005: 'DXGI_ERROR_NOT_FOUND' : macro redefinition
                 c:\program files (x86)\windows kits\8.1\include\shared\winerror.h(50043) : see previous definition of 'DXGI_ERROR_NOT_FOUND'
     1>d:\program files (x86)\microsoft directx sdk (june 2010)\include\dxgitype.h(23): warning C4005: 'DXGI_ERROR_MORE_DATA' : macro redefinition
                 c:\program files (x86)\windows kits\8.1\include\shared\winerror.h(50052) : see previous definition of 'DXGI_ERROR_MORE_DATA'
     1>d:\program files (x86)\microsoft directx sdk (june 2010)\include\dxgitype.h(24): warning C4005: 'DXGI_ERROR_UNSUPPORTED' : macro redefinition
                 c:\program files (x86)\windows kits\8.1\include\shared\winerror.h(50061) : see previous definition of 'DXGI_ERROR_UNSUPPORTED'
     1>d:\program files (x86)\microsoft directx sdk (june 2010)\include\dxgitype.h(25): warning C4005: 'DXGI_ERROR_DEVICE_REMOVED' : macro redefinition
                 c:\program files (x86)\windows kits\8.1\include\shared\winerror.h(50070) : see previous definition of 'DXGI_ERROR_DEVICE_REMOVED'
     1>d:\program files (x86)\microsoft directx sdk (june 2010)\include\dxgitype.h(26): warning C4005: 'DXGI_ERROR_DEVICE_HUNG' : macro redefinition
                 c:\program files (x86)\windows kits\8.1\include\shared\winerror.h(50079) : see previous definition of 'DXGI_ERROR_DEVICE_HUNG'
     1>d:\program files (x86)\microsoft directx sdk (june 2010)\include\dxgitype.h(27): warning C4005: 'DXGI_ERROR_DEVICE_RESET' : macro redefinition
                 c:\program files (x86)\windows kits\8.1\include\shared\winerror.h(50089) : see previous definition of 'DXGI_ERROR_DEVICE_RESET'
     1>d:\program files (x86)\microsoft directx sdk (june 2010)\include\dxgitype.h(28): warning C4005: 'DXGI_ERROR_WAS_STILL_DRAWING' : macro redefinition
                 c:\program files (x86)\windows kits\8.1\include\shared\winerror.h(50098) : see previous definition of 'DXGI_ERROR_WAS_STILL_DRAWING'
     1>d:\program files (x86)\microsoft directx sdk (june 2010)\include\dxgitype.h(29): warning C4005: 'DXGI_ERROR_FRAME_STATISTICS_DISJOINT' : macro redefinition
                 c:\program files (x86)\windows kits\8.1\include\shared\winerror.h(50108) : see previous definition of 'DXGI_ERROR_FRAME_STATISTICS_DISJOINT'
     1>d:\program files (x86)\microsoft directx sdk (june 2010)\include\dxgitype.h(30): warning C4005: 'DXGI_ERROR_GRAPHICS_VIDPN_SOURCE_IN_USE' : macro redefinition
                 c:\program files (x86)\windows kits\8.1\include\shared\winerror.h(50117) : see previous definition of 'DXGI_ERROR_GRAPHICS_VIDPN_SOURCE_IN_USE'
     1>d:\program files (x86)\microsoft directx sdk (june 2010)\include\dxgitype.h(31): warning C4005: 'DXGI_ERROR_DRIVER_INTERNAL_ERROR' : macro redefinition
                 c:\program files (x86)\windows kits\8.1\include\shared\winerror.h(50127) : see previous definition of 'DXGI_ERROR_DRIVER_INTERNAL_ERROR'
     1>d:\program files (x86)\microsoft directx sdk (june 2010)\include\dxgitype.h(32): warning C4005: 'DXGI_ERROR_NONEXCLUSIVE' : macro redefinition
                 c:\program files (x86)\windows kits\8.1\include\shared\winerror.h(50136) : see previous definition of 'DXGI_ERROR_NONEXCLUSIVE'
     1>d:\program files (x86)\microsoft directx sdk (june 2010)\include\dxgitype.h(33): warning C4005: 'DXGI_ERROR_NOT_CURRENTLY_AVAILABLE' : macro redefinition
                 c:\program files (x86)\windows kits\8.1\include\shared\winerror.h(50145) : see previous definition of 'DXGI_ERROR_NOT_CURRENTLY_AVAILABLE'
     1>d:\program files (x86)\microsoft directx sdk (june 2010)\include\dxgitype.h(34): warning C4005: 'DXGI_ERROR_REMOTE_CLIENT_DISCONNECTED' : macro redefinition
                 c:\program files (x86)\windows kits\8.1\include\shared\winerror.h(50155) : see previous definition of 'DXGI_ERROR_REMOTE_CLIENT_DISCONNECTED'
     1>d:\program files (x86)\microsoft directx sdk (june 2010)\include\dxgitype.h(35): warning C4005: 'DXGI_ERROR_REMOTE_OUTOFMEMORY' : macro redefinition
                 c:\program files (x86)\windows kits\8.1\include\shared\winerror.h(50164) : see previous definition of 'DXGI_ERROR_REMOTE_OUTOFMEMORY'
     1>d:\program files (x86)\microsoft directx sdk (june 2010)\include\d3d11.h(917): warning C4005: 'D3D11_ERROR_TOO_MANY_UNIQUE_STATE_OBJECTS' : macro redefinition
                 c:\program files (x86)\windows kits\8.1\include\shared\winerror.h(50342) : see previous definition of 'D3D11_ERROR_TOO_MANY_UNIQUE_STATE_OBJECTS'
     1>d:\program files (x86)\microsoft directx sdk (june 2010)\include\d3d11.h(918): warning C4005: 'D3D11_ERROR_FILE_NOT_FOUND' : macro redefinition
                 c:\program files (x86)\windows kits\8.1\include\shared\winerror.h(50351) : see previous definition of 'D3D11_ERROR_FILE_NOT_FOUND'
     1>d:\program files (x86)\microsoft directx sdk (june 2010)\include\d3d11.h(919): warning C4005: 'D3D11_ERROR_TOO_MANY_UNIQUE_VIEW_OBJECTS' : macro redefinition
                 c:\program files (x86)\windows kits\8.1\include\shared\winerror.h(50361) : see previous definition of 'D3D11_ERROR_TOO_MANY_UNIQUE_VIEW_OBJECTS'
     1>d:\program files (x86)\microsoft directx sdk (june 2010)\include\d3d11.h(920): warning C4005: 'D3D11_ERROR_DEFERRED_CONTEXT_MAP_WITHOUT_INITIAL_DISCARD' : macro redefinition
                 c:\program files (x86)\windows kits\8.1\include\shared\winerror.h(50370) : see previous definition of 'D3D11_ERROR_DEFERRED_CONTEXT_MAP_WITHOUT_INITIAL_DISCARD'
     1>d:\program files (x86)\microsoft directx sdk (june 2010)\include\d3d10.h(608): warning C4005: 'D3D10_ERROR_TOO_MANY_UNIQUE_STATE_OBJECTS' : macro redefinition
                 c:\program files (x86)\windows kits\8.1\include\shared\winerror.h(50318) : see previous definition of 'D3D10_ERROR_TOO_MANY_UNIQUE_STATE_OBJECTS'
     1>d:\program files (x86)\microsoft directx sdk (june 2010)\include\d3d10.h(609): warning C4005: 'D3D10_ERROR_FILE_NOT_FOUND' : macro redefinition
                 c:\program files (x86)\windows kits\8.1\include\shared\winerror.h(50327) : see previous definition of 'D3D10_ERROR_FILE_NOT_FOUND'
     1>d:\users\mark\desktop\gamedevhell\evolves\code\device.h(43): error C2146: syntax error : missing ';' before identifier 'Device'
     1>d:\users\mark\desktop\gamedevhell\evolves\code\bullet.cpp(22): warning C4129: 'c' : unrecognized character escape sequence
     1>d:\users\mark\desktop\gamedevhell\evolves\code\bullet.cpp(25): warning C4316: '_XMMATRIX' : object allocated on the heap may not be aligned 16
     1>d:\users\mark\desktop\gamedevhell\evolves\code\bullet.cpp(62): error C2065: 'cb' : undeclared identifier
         Generating Code...
     1>Done Building Project "D:\Users\Mark\Desktop\GameDevHell\Evolves\Evolves.vcxproj" (Build target(s)) -- FAILED.

Build FAILED.

Time Elapsed 00:00:05.97
