D:\USERS\MARK\DESKTOP\GAMEDEVHELL\NEWGAME\ENGINE\RELEASE\VC120.PDB
D:\USERS\MARK\DESKTOP\GAMEDEVHELL\NEWGAME\ENGINE\RELEASE\STARCLASS.OBJ
D:\USERS\MARK\DESKTOP\GAMEDEVHELL\NEWGAME\ENGINE\RELEASE\SOUNDCLASS.OBJ
D:\USERS\MARK\DESKTOP\GAMEDEVHELL\NEWGAME\ENGINE\RELEASE\SHIPCLASS.OBJ
D:\USERS\MARK\DESKTOP\GAMEDEVHELL\NEWGAME\ENGINE\RELEASE\MESHCLASS.OBJ
D:\USERS\MARK\DESKTOP\GAMEDEVHELL\NEWGAME\ENGINE\RELEASE\LIGHTCLASS.OBJ
D:\USERS\MARK\DESKTOP\GAMEDEVHELL\NEWGAME\ENGINE\RELEASE\EVENTCLASS.OBJ
D:\USERS\MARK\DESKTOP\GAMEDEVHELL\NEWGAME\ENGINE\RELEASE\ENVIRONMENTARTCLASS.OBJ
D:\USERS\MARK\DESKTOP\GAMEDEVHELL\NEWGAME\ENGINE\RELEASE\D3DCLASS.OBJ
D:\USERS\MARK\DESKTOP\GAMEDEVHELL\NEWGAME\ENGINE\RELEASE\CAMERACLASS.OBJ
D:\USERS\MARK\DESKTOP\GAMEDEVHELL\NEWGAME\ENGINE\RELEASE\PROGRAMROOTCLASS.OBJ
D:\USERS\MARK\DESKTOP\GAMEDEVHELL\NEWGAME\ENGINE\RELEASE\MAIN.OBJ
D:\USERS\MARK\DESKTOP\GAMEDEVHELL\NEWGAME\ENGINE\RELEASE\WINDOWCLASS.OBJ
D:\USERS\MARK\DESKTOP\GAMEDEVHELL\NEWGAME\ENGINE\RELEASE\VC120.IDB
D:\USERS\MARK\DESKTOP\GAMEDEVHELL\NEWGAME\ENGINE\RELEASE\ACTORSCLASS.OBJ
D:\USERS\MARK\DESKTOP\GAMEDEVHELL\NEWGAME\ENGINE\RELEASE\BITMAPCLASS.OBJ
D:\USERS\MARK\DESKTOP\GAMEDEVHELL\NEWGAME\ENGINE\RELEASE\GRAPHICSCLASS.OBJ
D:\USERS\MARK\DESKTOP\GAMEDEVHELL\NEWGAME\ENGINE\RELEASE\PIXELSHADERCLASS.OBJ
D:\USERS\MARK\DESKTOP\GAMEDEVHELL\NEWGAME\ENGINE\RELEASE\PLAYERCLASS.OBJ
D:\USERS\MARK\DESKTOP\GAMEDEVHELL\NEWGAME\ENGINE\RELEASE\SHADERCONTROLLERCLASS.OBJ
D:\USERS\MARK\DESKTOP\GAMEDEVHELL\NEWGAME\ENGINE\RELEASE\TEXTURECLASS.OBJ
D:\USERS\MARK\DESKTOP\GAMEDEVHELL\NEWGAME\ENGINE\RELEASE\THREEDGRAPHICSCLASS.OBJ
D:\USERS\MARK\DESKTOP\GAMEDEVHELL\NEWGAME\ENGINE\RELEASE\TWODGRAPHICSCLASS.OBJ
D:\USERS\MARK\DESKTOP\GAMEDEVHELL\NEWGAME\ENGINE\RELEASE\VERTEXSHADERCLASS.OBJ
D:\Users\Mark\Desktop\GameDevHell\NewGame\Engine\Release\ActorsClass.obj
D:\Users\Mark\Desktop\GameDevHell\NewGame\Engine\Release\BitmapClass.obj
D:\Users\Mark\Desktop\GameDevHell\NewGame\Engine\Release\CameraClass.obj
D:\Users\Mark\Desktop\GameDevHell\NewGame\Engine\Release\D3DClass.obj
D:\Users\Mark\Desktop\GameDevHell\NewGame\Engine\Release\EnvironmentArtClass.obj
D:\Users\Mark\Desktop\GameDevHell\NewGame\Engine\Release\EventClass.obj
D:\Users\Mark\Desktop\GameDevHell\NewGame\Engine\Release\GraphicsClass.obj
D:\Users\Mark\Desktop\GameDevHell\NewGame\Engine\Release\LightClass.obj
D:\Users\Mark\Desktop\GameDevHell\NewGame\Engine\Release\main.obj
D:\Users\Mark\Desktop\GameDevHell\NewGame\Engine\Release\MeshClass.obj
D:\Users\Mark\Desktop\GameDevHell\NewGame\Engine\Release\PixelShaderClass.obj
D:\Users\Mark\Desktop\GameDevHell\NewGame\Engine\Release\PlayerClass.obj
D:\Users\Mark\Desktop\GameDevHell\NewGame\Engine\Release\ProgramRootClass.obj
D:\Users\Mark\Desktop\GameDevHell\NewGame\Engine\Release\ShaderControllerClass.obj
D:\Users\Mark\Desktop\GameDevHell\NewGame\Engine\Release\ShipClass.obj
D:\Users\Mark\Desktop\GameDevHell\NewGame\Engine\Release\SoundClass.obj
D:\Users\Mark\Desktop\GameDevHell\NewGame\Engine\Release\StarClass.obj
D:\Users\Mark\Desktop\GameDevHell\NewGame\Engine\Release\TextureClass.obj
D:\Users\Mark\Desktop\GameDevHell\NewGame\Engine\Release\ThreeDGraphicsClass.obj
D:\Users\Mark\Desktop\GameDevHell\NewGame\Engine\Release\TwoDGraphicsClass.obj
D:\Users\Mark\Desktop\GameDevHell\NewGame\Engine\Release\VertexShaderClass.obj
D:\Users\Mark\Desktop\GameDevHell\NewGame\Engine\Release\WindowClass.obj
D:\Users\Mark\Desktop\GameDevHell\NewGame\Engine\Release\vc120.idb
D:\Users\Mark\Desktop\GameDevHell\NewGame\Engine\Release\vc120.pdb
D:\Users\Mark\Desktop\GameDevHell\NewGame\Engine\Release\Engine.tlog\cl.command.1.tlog
D:\Users\Mark\Desktop\GameDevHell\NewGame\Engine\Release\Engine.tlog\CL.read.1.tlog
D:\Users\Mark\Desktop\GameDevHell\NewGame\Engine\Release\Engine.tlog\CL.write.1.tlog
D:\Users\Mark\Desktop\GameDevHell\NewGame\Engine\Release\Engine.tlog\link.command.1.tlog
D:\Users\Mark\Desktop\GameDevHell\NewGame\Engine\Release\Engine.tlog\link.read.1.tlog
D:\Users\Mark\Desktop\GameDevHell\NewGame\Engine\Release\Engine.tlog\link.write.1.tlog
