Build started 10/11/2013 5:30:32 PM.
     1>Project "D:\Users\Mark\Desktop\GameDevHell\NewGame\Engine\Engine.vcxproj" on node 2 (Build target(s)).
     1>ClCompile:
         D:\Program Files (x86)\Microsoft Visual Studio 12.0\VC\bin\CL.exe /c /IDXUT\Core /IDXUT\Optional /Zi /nologo /W3 /WX- /Ox /Oi /Oy- /GL /D WIN32 /D PROFILE /D _WINDOWS /D D3DXFX_LARGEADDRESS_HANDLE /D _UNICODE /D UNICODE /Gm /EHsc /MD /GS /Gy /arch:SSE2 /fp:fast /Zc:wchar_t /Zc:forScope /openmp- /Fo"Release\\" /Fd"Release\vc120.pdb" /Gd /TP /analyze- /errorReport:prompt ActorsClass.cpp GraphicsClass.cpp MeshClass.cpp ModelClass.cpp PlayerClass.cpp ShipClass.cpp StarClass.cpp ThreeDGraphicsClass.cpp
         StarClass.cpp
     1>StarClass.cpp(15): error C2660: 'MeshClass::Initialize' : function does not take 1 arguments
         PlayerClass.cpp
     1>d:\users\mark\desktop\gamedevhell\newgame\engine\ModelClass.h(24): error C2146: syntax error : missing ';' before identifier 'position'
     1>d:\users\mark\desktop\gamedevhell\newgame\engine\ModelClass.h(24): error C4430: missing type specifier - int assumed. Note: C++ does not support default-int
     1>d:\users\mark\desktop\gamedevhell\newgame\engine\ModelClass.h(25): error C2146: syntax error : missing ';' before identifier 'texture'
     1>d:\users\mark\desktop\gamedevhell\newgame\engine\ModelClass.h(25): error C4430: missing type specifier - int assumed. Note: C++ does not support default-int
     1>d:\users\mark\desktop\gamedevhell\newgame\engine\ModelClass.h(26): error C2146: syntax error : missing ';' before identifier 'normals'
     1>d:\users\mark\desktop\gamedevhell\newgame\engine\ModelClass.h(26): error C4430: missing type specifier - int assumed. Note: C++ does not support default-int
         ModelClass.cpp
     1>d:\users\mark\desktop\gamedevhell\newgame\engine\ModelClass.h(24): error C2146: syntax error : missing ';' before identifier 'position'
     1>d:\users\mark\desktop\gamedevhell\newgame\engine\ModelClass.h(24): error C4430: missing type specifier - int assumed. Note: C++ does not support default-int
     1>d:\users\mark\desktop\gamedevhell\newgame\engine\ModelClass.h(25): error C2146: syntax error : missing ';' before identifier 'texture'
     1>d:\users\mark\desktop\gamedevhell\newgame\engine\ModelClass.h(25): error C4430: missing type specifier - int assumed. Note: C++ does not support default-int
     1>d:\users\mark\desktop\gamedevhell\newgame\engine\ModelClass.h(26): error C2146: syntax error : missing ';' before identifier 'normals'
     1>d:\users\mark\desktop\gamedevhell\newgame\engine\ModelClass.h(26): error C4430: missing type specifier - int assumed. Note: C++ does not support default-int
     1>ModelClass.cpp(32): error C2039: 'position' : is not a member of 'ModelClass::VertexType'
                 d:\users\mark\desktop\gamedevhell\newgame\engine\ModelClass.h(23) : see declaration of 'ModelClass::VertexType'
     1>ModelClass.cpp(32): error C3861: 'XMFLOAT3': identifier not found
     1>ModelClass.cpp(33): error C2039: 'texture' : is not a member of 'ModelClass::VertexType'
                 d:\users\mark\desktop\gamedevhell\newgame\engine\ModelClass.h(23) : see declaration of 'ModelClass::VertexType'
     1>ModelClass.cpp(33): error C3861: 'XMFLOAT2': identifier not found
     1>ModelClass.cpp(34): error C2039: 'normals' : is not a member of 'ModelClass::VertexType'
                 d:\users\mark\desktop\gamedevhell\newgame\engine\ModelClass.h(23) : see declaration of 'ModelClass::VertexType'
     1>ModelClass.cpp(34): error C3861: 'XMFLOAT3': identifier not found
         MeshClass.cpp
     1>MeshClass.cpp(127): error C2678: binary '>>' : no operator found which takes a left-hand operand of type 'std::ifstream' (or there is no acceptable conversion)
                 D:\Program Files (x86)\Microsoft Visual Studio 12.0\VC\include\istream(485): could be 'std::basic_istream<char,std::char_traits<char>> &std::basic_istream<char,std::char_traits<char>>::operator >>(std::basic_streambuf<char,std::char_traits<char>> *)'
                 D:\Program Files (x86)\Microsoft Visual Studio 12.0\VC\include\istream(466): or       'std::basic_istream<char,std::char_traits<char>> &std::basic_istream<char,std::char_traits<char>>::operator >>(void *&)'
                 D:\Program Files (x86)\Microsoft Visual Studio 12.0\VC\include\istream(448): or       'std::basic_istream<char,std::char_traits<char>> &std::basic_istream<char,std::char_traits<char>>::operator >>(long double &)'
                 D:\Program Files (x86)\Microsoft Visual Studio 12.0\VC\include\istream(430): or       'std::basic_istream<char,std::char_traits<char>> &std::basic_istream<char,std::char_traits<char>>::operator >>(double &)'
                 D:\Program Files (x86)\Microsoft Visual Studio 12.0\VC\include\istream(411): or       'std::basic_istream<char,std::char_traits<char>> &std::basic_istream<char,std::char_traits<char>>::operator >>(float &)'
                 D:\Program Files (x86)\Microsoft Visual Studio 12.0\VC\include\istream(392): or       'std::basic_istream<char,std::char_traits<char>> &std::basic_istream<char,std::char_traits<char>>::operator >>(unsigned __int64 &)'
                 D:\Program Files (x86)\Microsoft Visual Studio 12.0\VC\include\istream(373): or       'std::basic_istream<char,std::char_traits<char>> &std::basic_istream<char,std::char_traits<char>>::operator >>(__int64 &)'
                 D:\Program Files (x86)\Microsoft Visual Studio 12.0\VC\include\istream(353): or       'std::basic_istream<char,std::char_traits<char>> &std::basic_istream<char,std::char_traits<char>>::operator >>(unsigned long &)'
                 D:\Program Files (x86)\Microsoft Visual Studio 12.0\VC\include\istream(335): or       'std::basic_istream<char,std::char_traits<char>> &std::basic_istream<char,std::char_traits<char>>::operator >>(long &)'
                 D:\Program Files (x86)\Microsoft Visual Studio 12.0\VC\include\istream(317): or       'std::basic_istream<char,std::char_traits<char>> &std::basic_istream<char,std::char_traits<char>>::operator >>(unsigned int &)'
                 D:\Program Files (x86)\Microsoft Visual Studio 12.0\VC\include\istream(291): or       'std::basic_istream<char,std::char_traits<char>> &std::basic_istream<char,std::char_traits<char>>::operator >>(int &)'
                 D:\Program Files (x86)\Microsoft Visual Studio 12.0\VC\include\istream(272): or       'std::basic_istream<char,std::char_traits<char>> &std::basic_istream<char,std::char_traits<char>>::operator >>(unsigned short &)'
                 D:\Program Files (x86)\Microsoft Visual Studio 12.0\VC\include\istream(237): or       'std::basic_istream<char,std::char_traits<char>> &std::basic_istream<char,std::char_traits<char>>::operator >>(short &)'
                 D:\Program Files (x86)\Microsoft Visual Studio 12.0\VC\include\istream(218): or       'std::basic_istream<char,std::char_traits<char>> &std::basic_istream<char,std::char_traits<char>>::operator >>(std::_Bool &)'
                 D:\Program Files (x86)\Microsoft Visual Studio 12.0\VC\include\istream(211): or       'std::basic_istream<char,std::char_traits<char>> &std::basic_istream<char,std::char_traits<char>>::operator >>(std::ios_base &(__cdecl *)(std::ios_base &))'
                 D:\Program Files (x86)\Microsoft Visual Studio 12.0\VC\include\istream(204): or       'std::basic_istream<char,std::char_traits<char>> &std::basic_istream<char,std::char_traits<char>>::operator >>(std::basic_ios<char,std::char_traits<char>> &(__cdecl *)(std::basic_ios<char,std::char_traits<char>> &))'
                 D:\Program Files (x86)\Microsoft Visual Studio 12.0\VC\include\istream(198): or       'std::basic_istream<char,std::char_traits<char>> &std::basic_istream<char,std::char_traits<char>>::operator >>(std::basic_istream<char,std::char_traits<char>> &(__cdecl *)(std::basic_istream<char,std::char_traits<char>> &))'
                 D:\Program Files (x86)\Microsoft Visual Studio 12.0\VC\include\istream(1072): or       'std::basic_istream<char,std::char_traits<char>> &std::operator >><std::char_traits<char>>(std::basic_istream<char,std::char_traits<char>> &,signed char *)'
                 D:\Program Files (x86)\Microsoft Visual Studio 12.0\VC\include\istream(1079): or       'std::basic_istream<char,std::char_traits<char>> &std::operator >><std::char_traits<char>>(std::basic_istream<char,std::char_traits<char>> &,signed char &)'
                 D:\Program Files (x86)\Microsoft Visual Studio 12.0\VC\include\istream(1086): or       'std::basic_istream<char,std::char_traits<char>> &std::operator >><std::char_traits<char>>(std::basic_istream<char,std::char_traits<char>> &,unsigned char *)'
                 D:\Program Files (x86)\Microsoft Visual Studio 12.0\VC\include\istream(1093): or       'std::basic_istream<char,std::char_traits<char>> &std::operator >><std::char_traits<char>>(std::basic_istream<char,std::char_traits<char>> &,unsigned char &)'
                 D:\Program Files (x86)\Microsoft Visual Studio 12.0\VC\include\istream(1103): or       'std::basic_istream<char,std::char_traits<char>> &std::operator >><char,std::char_traits<char>,std::string>(std::basic_istream<char,std::char_traits<char>> &&,_Ty &)'
                 with
                 [
                     _Ty=std::string
                 ]
                 while trying to match the argument list '(std::ifstream, std::string)'
         ActorsClass.cpp
     1>d:\users\mark\desktop\gamedevhell\newgame\engine\ModelClass.h(24): error C2146: syntax error : missing ';' before identifier 'position'
     1>d:\users\mark\desktop\gamedevhell\newgame\engine\ModelClass.h(24): error C4430: missing type specifier - int assumed. Note: C++ does not support default-int
     1>d:\users\mark\desktop\gamedevhell\newgame\engine\ModelClass.h(25): error C2146: syntax error : missing ';' before identifier 'texture'
     1>d:\users\mark\desktop\gamedevhell\newgame\engine\ModelClass.h(25): error C4430: missing type specifier - int assumed. Note: C++ does not support default-int
     1>d:\users\mark\desktop\gamedevhell\newgame\engine\ModelClass.h(26): error C2146: syntax error : missing ';' before identifier 'normals'
     1>d:\users\mark\desktop\gamedevhell\newgame\engine\ModelClass.h(26): error C4430: missing type specifier - int assumed. Note: C++ does not support default-int
         Compiling...
         GraphicsClass.cpp
         Compiling...
         ShipClass.cpp
     1>d:\users\mark\desktop\gamedevhell\newgame\engine\ModelClass.h(24): error C2146: syntax error : missing ';' before identifier 'position'
     1>d:\users\mark\desktop\gamedevhell\newgame\engine\ModelClass.h(24): error C4430: missing type specifier - int assumed. Note: C++ does not support default-int
     1>d:\users\mark\desktop\gamedevhell\newgame\engine\ModelClass.h(25): error C2146: syntax error : missing ';' before identifier 'texture'
     1>d:\users\mark\desktop\gamedevhell\newgame\engine\ModelClass.h(25): error C4430: missing type specifier - int assumed. Note: C++ does not support default-int
     1>d:\users\mark\desktop\gamedevhell\newgame\engine\ModelClass.h(26): error C2146: syntax error : missing ';' before identifier 'normals'
     1>d:\users\mark\desktop\gamedevhell\newgame\engine\ModelClass.h(26): error C4430: missing type specifier - int assumed. Note: C++ does not support default-int
         Compiling...
         ThreeDGraphicsClass.cpp
     1>d:\users\mark\desktop\gamedevhell\newgame\engine\ModelClass.h(24): error C2146: syntax error : missing ';' before identifier 'position'
     1>d:\users\mark\desktop\gamedevhell\newgame\engine\ModelClass.h(24): error C4430: missing type specifier - int assumed. Note: C++ does not support default-int
     1>d:\users\mark\desktop\gamedevhell\newgame\engine\ModelClass.h(25): error C2146: syntax error : missing ';' before identifier 'texture'
     1>d:\users\mark\desktop\gamedevhell\newgame\engine\ModelClass.h(25): error C4430: missing type specifier - int assumed. Note: C++ does not support default-int
     1>d:\users\mark\desktop\gamedevhell\newgame\engine\ModelClass.h(26): error C2146: syntax error : missing ';' before identifier 'normals'
     1>d:\users\mark\desktop\gamedevhell\newgame\engine\ModelClass.h(26): error C4430: missing type specifier - int assumed. Note: C++ does not support default-int
     1>Done Building Project "D:\Users\Mark\Desktop\GameDevHell\NewGame\Engine\Engine.vcxproj" (Build target(s)) -- FAILED.

Build FAILED.

Time Elapsed 00:00:06.60
