D:\USERS\MARK\DESKTOP\GAMEDEVHELL\NEWGAME\ENGINE\DEBUG\VC120.PDB
D:\USERS\MARK\DESKTOP\GAMEDEVHELL\NEWGAME\ENGINE\DEBUG\VC120.IDB
D:\USERS\MARK\DESKTOP\GAMEDEVHELL\NEWGAME\ENGINE\DEBUG\PROGRAMROOTCLASS.OBJ
D:\USERS\MARK\DESKTOP\GAMEDEVHELL\NEWGAME\ENGINE\DEBUG\ACTORSCLASS.OBJ
D:\USERS\MARK\DESKTOP\GAMEDEVHELL\NEWGAME\ENGINE\DEBUG\BITMAPCLASS.OBJ
D:\USERS\MARK\DESKTOP\GAMEDEVHELL\NEWGAME\ENGINE\DEBUG\CAMERACLASS.OBJ
D:\USERS\MARK\DESKTOP\GAMEDEVHELL\NEWGAME\ENGINE\DEBUG\D3DCLASS.OBJ
D:\USERS\MARK\DESKTOP\GAMEDEVHELL\NEWGAME\ENGINE\DEBUG\ENVIRONMENTARTCLASS.OBJ
D:\USERS\MARK\DESKTOP\GAMEDEVHELL\NEWGAME\ENGINE\DEBUG\EVENTCLASS.OBJ
D:\USERS\MARK\DESKTOP\GAMEDEVHELL\NEWGAME\ENGINE\DEBUG\GRAPHICSCLASS.OBJ
D:\USERS\MARK\DESKTOP\GAMEDEVHELL\NEWGAME\ENGINE\DEBUG\LIGHTCLASS.OBJ
D:\USERS\MARK\DESKTOP\GAMEDEVHELL\NEWGAME\ENGINE\DEBUG\MESHCLASS.OBJ
D:\USERS\MARK\DESKTOP\GAMEDEVHELL\NEWGAME\ENGINE\DEBUG\PIXELSHADERCLASS.OBJ
D:\USERS\MARK\DESKTOP\GAMEDEVHELL\NEWGAME\ENGINE\DEBUG\PLAYERCLASS.OBJ
D:\USERS\MARK\DESKTOP\GAMEDEVHELL\NEWGAME\ENGINE\DEBUG\SHADERCONTROLLERCLASS.OBJ
D:\USERS\MARK\DESKTOP\GAMEDEVHELL\NEWGAME\ENGINE\DEBUG\VERTEXSHADERCLASS.OBJ
D:\USERS\MARK\DESKTOP\GAMEDEVHELL\NEWGAME\ENGINE\DEBUG\SOUNDCLASS.OBJ
D:\USERS\MARK\DESKTOP\GAMEDEVHELL\NEWGAME\ENGINE\DEBUG\STARCLASS.OBJ
D:\USERS\MARK\DESKTOP\GAMEDEVHELL\NEWGAME\ENGINE\DEBUG\TEXTURECLASS.OBJ
D:\USERS\MARK\DESKTOP\GAMEDEVHELL\NEWGAME\ENGINE\DEBUG\THREEDGRAPHICSCLASS.OBJ
D:\USERS\MARK\DESKTOP\GAMEDEVHELL\NEWGAME\ENGINE\DEBUG\TWODGRAPHICSCLASS.OBJ
D:\USERS\MARK\DESKTOP\GAMEDEVHELL\NEWGAME\ENGINE\DEBUG\WINDOWCLASS.OBJ
D:\USERS\MARK\DESKTOP\GAMEDEVHELL\NEWGAME\ENGINE\DEBUG\MAIN.OBJ
D:\USERS\MARK\DESKTOP\GAMEDEVHELL\NEWGAME\ENGINE\DEBUG\SHIPCLASS.OBJ
D:\USERS\MARK\DESKTOP\GAMEDEVHELL\NEWGAME\DEBUG\ENGINE.ILK
D:\USERS\MARK\DESKTOP\GAMEDEVHELL\NEWGAME\DEBUG\ENGINE.EXE
D:\USERS\MARK\DESKTOP\GAMEDEVHELL\NEWGAME\DEBUG\ENGINE.PDB
D:\Users\Mark\Desktop\GameDevHell\NewGame\Engine\Debug\ActorsClass.obj
D:\Users\Mark\Desktop\GameDevHell\NewGame\Engine\Debug\BitmapClass.obj
D:\Users\Mark\Desktop\GameDevHell\NewGame\Engine\Debug\CameraClass.obj
D:\Users\Mark\Desktop\GameDevHell\NewGame\Engine\Debug\D3DClass.obj
D:\Users\Mark\Desktop\GameDevHell\NewGame\Engine\Debug\EnvironmentArtClass.obj
D:\Users\Mark\Desktop\GameDevHell\NewGame\Engine\Debug\EventClass.obj
D:\Users\Mark\Desktop\GameDevHell\NewGame\Engine\Debug\GraphicsClass.obj
D:\Users\Mark\Desktop\GameDevHell\NewGame\Engine\Debug\LightClass.obj
D:\Users\Mark\Desktop\GameDevHell\NewGame\Engine\Debug\main.obj
D:\Users\Mark\Desktop\GameDevHell\NewGame\Engine\Debug\MeshClass.obj
D:\Users\Mark\Desktop\GameDevHell\NewGame\Engine\Debug\PixelShaderClass.obj
D:\Users\Mark\Desktop\GameDevHell\NewGame\Engine\Debug\PlayerClass.obj
D:\Users\Mark\Desktop\GameDevHell\NewGame\Engine\Debug\ProgramRootClass.obj
D:\Users\Mark\Desktop\GameDevHell\NewGame\Engine\Debug\ShaderControllerClass.obj
D:\Users\Mark\Desktop\GameDevHell\NewGame\Engine\Debug\ShipClass.obj
D:\Users\Mark\Desktop\GameDevHell\NewGame\Engine\Debug\SoundClass.obj
D:\Users\Mark\Desktop\GameDevHell\NewGame\Engine\Debug\StarClass.obj
D:\Users\Mark\Desktop\GameDevHell\NewGame\Engine\Debug\TextureClass.obj
D:\Users\Mark\Desktop\GameDevHell\NewGame\Engine\Debug\ThreeDGraphicsClass.obj
D:\Users\Mark\Desktop\GameDevHell\NewGame\Engine\Debug\TwoDGraphicsClass.obj
D:\Users\Mark\Desktop\GameDevHell\NewGame\Engine\Debug\VertexShaderClass.obj
D:\Users\Mark\Desktop\GameDevHell\NewGame\Engine\Debug\WindowClass.obj
D:\Users\Mark\Desktop\GameDevHell\NewGame\Engine\Debug\vc120.idb
D:\Users\Mark\Desktop\GameDevHell\NewGame\Engine\Debug\vc120.pdb
D:\Users\Mark\Desktop\GameDevHell\NewGame\Debug\Engine.pdb
D:\Users\Mark\Desktop\GameDevHell\NewGame\Debug\Engine.exe
D:\Users\Mark\Desktop\GameDevHell\NewGame\Debug\Engine.ilk
D:\Users\Mark\Desktop\GameDevHell\NewGame\Engine\Debug\Engine.tlog\cl.command.1.tlog
D:\Users\Mark\Desktop\GameDevHell\NewGame\Engine\Debug\Engine.tlog\CL.read.1.tlog
D:\Users\Mark\Desktop\GameDevHell\NewGame\Engine\Debug\Engine.tlog\CL.write.1.tlog
D:\Users\Mark\Desktop\GameDevHell\NewGame\Engine\Debug\Engine.tlog\link.command.1.tlog
D:\Users\Mark\Desktop\GameDevHell\NewGame\Engine\Debug\Engine.tlog\link.read.1.tlog
D:\Users\Mark\Desktop\GameDevHell\NewGame\Engine\Debug\Engine.tlog\link.write.1.tlog
